[0.044s] Invoking command in '/home/viktordg/Create3/build/irobot_create_description': CMAKE_PREFIX_PATH=/opt/ros/humble /usr/bin/cmake /home/viktordg/Create3/src/create3_sim/irobot_create_common/irobot_create_description -DAMENT_CMAKE_SYMLINK_INSTALL=1 -DCMAKE_INSTALL_PREFIX=/home/viktordg/Create3/install/irobot_create_description
[0.142s] -- Found ament_cmake: 1.3.10 (/opt/ros/humble/share/ament_cmake/cmake)
[0.464s] -- Override CMake install command with custom implementation using symlinks instead of copying resources
[0.530s] -- Found ament_lint_auto: 0.12.11 (/opt/ros/humble/share/ament_lint_auto/cmake)
[0.712s] -- Added test 'lint_cmake' to check CMake code style
[0.718s] -- Configuring done
[0.737s] -- Generating done
[0.739s] -- Build files have been written to: /home/viktordg/Create3/build/irobot_create_description
[0.747s] Invoked command in '/home/viktordg/Create3/build/irobot_create_description' returned '0': CMAKE_PREFIX_PATH=/opt/ros/humble /usr/bin/cmake /home/viktordg/Create3/src/create3_sim/irobot_create_common/irobot_create_description -DAMENT_CMAKE_SYMLINK_INSTALL=1 -DCMAKE_INSTALL_PREFIX=/home/viktordg/Create3/install/irobot_create_description
[0.753s] Invoking command in '/home/viktordg/Create3/build/irobot_create_description': CMAKE_PREFIX_PATH=/opt/ros/humble /usr/bin/cmake --build /home/viktordg/Create3/build/irobot_create_description -- -j8 -l8
[0.827s] Invoked command in '/home/viktordg/Create3/build/irobot_create_description' returned '0': CMAKE_PREFIX_PATH=/opt/ros/humble /usr/bin/cmake --build /home/viktordg/Create3/build/irobot_create_description -- -j8 -l8
[0.900s] Invoking command in '/home/viktordg/Create3/build/irobot_create_description': CMAKE_PREFIX_PATH=/opt/ros/humble /usr/bin/cmake --install /home/viktordg/Create3/build/irobot_create_description
[0.913s] -- Install configuration: ""
[0.914s] -- Execute custom install script
[0.917s] -- Symlinking: /home/viktordg/Create3/install/irobot_create_description/share/irobot_create_description//meshes/body_visual.dae
[0.932s] -- Symlinking: /home/viktordg/Create3/install/irobot_create_description/share/irobot_create_description//meshes/bumper_collision.dae
[0.951s] -- Symlinking: /home/viktordg/Create3/install/irobot_create_description/share/irobot_create_description//meshes/bumper_visual.dae
[0.969s] -- Symlinking: /home/viktordg/Create3/install/irobot_create_description/share/irobot_create_description//meshes/dock/visual.dae
[0.992s] -- Symlinking: /home/viktordg/Create3/install/irobot_create_description/share/irobot_create_description//urdf/bumper.urdf.xacro
[1.011s] -- Symlinking: /home/viktordg/Create3/install/irobot_create_description/share/irobot_create_description//urdf/button.urdf.xacro
[1.029s] -- Symlinking: /home/viktordg/Create3/install/irobot_create_description/share/irobot_create_description//urdf/caster.urdf.xacro
[1.046s] -- Symlinking: /home/viktordg/Create3/install/irobot_create_description/share/irobot_create_description//urdf/common_properties.urdf.xacro
[1.068s] -- Symlinking: /home/viktordg/Create3/install/irobot_create_description/share/irobot_create_description//urdf/create3.urdf.xacro
[1.084s] -- Symlinking: /home/viktordg/Create3/install/irobot_create_description/share/irobot_create_description//urdf/dock/ir_emitter.urdf.xacro
[1.103s] -- Symlinking: /home/viktordg/Create3/install/irobot_create_description/share/irobot_create_description//urdf/dock/standard_dock.urdf.xacro
[1.121s] -- Symlinking: /home/viktordg/Create3/install/irobot_create_description/share/irobot_create_description//urdf/sensors/cliff_sensor.urdf.xacro
[1.139s] -- Symlinking: /home/viktordg/Create3/install/irobot_create_description/share/irobot_create_description//urdf/sensors/imu.urdf.xacro
[1.154s] -- Symlinking: /home/viktordg/Create3/install/irobot_create_description/share/irobot_create_description//urdf/sensors/ir_intensity.urdf.xacro
[1.172s] -- Symlinking: /home/viktordg/Create3/install/irobot_create_description/share/irobot_create_description//urdf/sensors/ir_opcode_receivers.urdf.xacro
[1.191s] -- Symlinking: /home/viktordg/Create3/install/irobot_create_description/share/irobot_create_description//urdf/sensors/optical_mouse.urdf.xacro
[1.207s] -- Symlinking: /home/viktordg/Create3/install/irobot_create_description/share/irobot_create_description//urdf/wheel.urdf.xacro
[1.223s] -- Symlinking: /home/viktordg/Create3/install/irobot_create_description/share/irobot_create_description//urdf/wheel_drop.urdf.xacro
[1.243s] -- Symlinking: /home/viktordg/Create3/install/irobot_create_description/share/irobot_create_description//urdf/wheel_with_wheeldrop.urdf.xacro
[1.261s] -- Symlinking: /home/viktordg/Create3/install/irobot_create_description/share/ament_index/resource_index/package_run_dependencies/irobot_create_description
[1.280s] -- Symlinking: /home/viktordg/Create3/install/irobot_create_description/share/ament_index/resource_index/parent_prefix_path/irobot_create_description
[1.298s] -- Symlinking: /home/viktordg/Create3/install/irobot_create_description/share/irobot_create_description/environment/ament_prefix_path.sh
[1.315s] -- Symlinking: /home/viktordg/Create3/install/irobot_create_description/share/irobot_create_description/environment/ament_prefix_path.dsv
[1.333s] -- Symlinking: /home/viktordg/Create3/install/irobot_create_description/share/irobot_create_description/environment/path.sh
[1.351s] -- Symlinking: /home/viktordg/Create3/install/irobot_create_description/share/irobot_create_description/environment/path.dsv
[1.366s] -- Symlinking: /home/viktordg/Create3/install/irobot_create_description/share/irobot_create_description/local_setup.bash
[1.384s] -- Symlinking: /home/viktordg/Create3/install/irobot_create_description/share/irobot_create_description/local_setup.sh
[1.402s] -- Symlinking: /home/viktordg/Create3/install/irobot_create_description/share/irobot_create_description/local_setup.zsh
[1.420s] -- Symlinking: /home/viktordg/Create3/install/irobot_create_description/share/irobot_create_description/local_setup.dsv
[1.441s] -- Symlinking: /home/viktordg/Create3/install/irobot_create_description/share/irobot_create_description/package.dsv
[1.457s] -- Symlinking: /home/viktordg/Create3/install/irobot_create_description/share/ament_index/resource_index/packages/irobot_create_description
[1.473s] -- Symlinking: /home/viktordg/Create3/install/irobot_create_description/share/irobot_create_description/cmake/irobot_create_descriptionConfig.cmake
[1.502s] -- Symlinking: /home/viktordg/Create3/install/irobot_create_description/share/irobot_create_description/cmake/irobot_create_descriptionConfig-version.cmake
[1.521s] -- Symlinking: /home/viktordg/Create3/install/irobot_create_description/share/irobot_create_description/package.xml
[1.547s] Invoked command in '/home/viktordg/Create3/build/irobot_create_description' returned '0': CMAKE_PREFIX_PATH=/opt/ros/humble /usr/bin/cmake --install /home/viktordg/Create3/build/irobot_create_description
