[0.537s] Invoking command in '/home/viktordg/Create3/build/irobot_create_gazebo_plugins': AMENT_PREFIX_PATH=/home/viktordg/Create3/install/irobot_create_toolbox:${AMENT_PREFIX_PATH} CMAKE_PREFIX_PATH=/home/viktordg/Create3/install/irobot_create_toolbox:/opt/ros/humble LD_LIBRARY_PATH=/home/viktordg/Create3/install/irobot_create_toolbox/lib:${LD_LIBRARY_PATH} /usr/bin/cmake --build /home/viktordg/Create3/build/irobot_create_gazebo_plugins -- -j8 -l8
[0.776s] [35m[1mConsolidate compiler generated dependencies of target gazebo_ros_create_helpers[0m
[0.902s] [ 10%] Built target gazebo_ros_create_helpers
[0.998s] [35m[1mConsolidate compiler generated dependencies of target gazebo_ros_create_cliff_sensor[0m
[1.000s] [35m[1mConsolidate compiler generated dependencies of target gazebo_ros_create_bumper[0m
[1.389s] [ 20%] Built target gazebo_ros_create_bumper
[1.414s] [ 30%] Built target gazebo_ros_create_cliff_sensor
[1.453s] [35m[1mConsolidate compiler generated dependencies of target gazebo_ros_create_wheel_drop[0m
[1.480s] [35m[1mConsolidate compiler generated dependencies of target docking_manager[0m
[1.619s] [ 40%] Built target docking_manager
[1.623s] [ 50%] Built target gazebo_ros_create_wheel_drop
[1.676s] [35m[1mConsolidate compiler generated dependencies of target gazebo_ros_create_ir_opcode[0m
[1.685s] [35m[1mConsolidate compiler generated dependencies of target gazebo_ros_create_optical_mouse[0m
[1.825s] [ 60%] Built target gazebo_ros_create_optical_mouse
[1.854s] [ 70%] Built target gazebo_ros_create_ir_opcode
[1.928s] [35m[1mConsolidate compiler generated dependencies of target gazebo_ros_create_ir_intensity_sensor[0m
[1.930s] [35m[1mConsolidate compiler generated dependencies of target gazebo_ros_create_imu[0m
[2.120s] [ 80%] Built target gazebo_ros_create_ir_intensity_sensor
[2.131s] [ 90%] Built target gazebo_ros_create_imu
[2.236s] [35m[1mConsolidate compiler generated dependencies of target gazebo_ros_create_docking_status[0m
[2.465s] [100%] Built target gazebo_ros_create_docking_status
[2.516s] Invoked command in '/home/viktordg/Create3/build/irobot_create_gazebo_plugins' returned '0': AMENT_PREFIX_PATH=/home/viktordg/Create3/install/irobot_create_toolbox:${AMENT_PREFIX_PATH} CMAKE_PREFIX_PATH=/home/viktordg/Create3/install/irobot_create_toolbox:/opt/ros/humble LD_LIBRARY_PATH=/home/viktordg/Create3/install/irobot_create_toolbox/lib:${LD_LIBRARY_PATH} /usr/bin/cmake --build /home/viktordg/Create3/build/irobot_create_gazebo_plugins -- -j8 -l8
[2.819s] Invoking command in '/home/viktordg/Create3/build/irobot_create_gazebo_plugins': AMENT_PREFIX_PATH=/home/viktordg/Create3/install/irobot_create_toolbox:${AMENT_PREFIX_PATH} CMAKE_PREFIX_PATH=/home/viktordg/Create3/install/irobot_create_toolbox:/opt/ros/humble LD_LIBRARY_PATH=/home/viktordg/Create3/install/irobot_create_toolbox/lib:${LD_LIBRARY_PATH} /usr/bin/cmake --install /home/viktordg/Create3/build/irobot_create_gazebo_plugins
[2.839s] -- Install configuration: ""
[2.841s] -- Execute custom install script
[2.841s] -- Up-to-date symlink: /home/viktordg/Create3/install/irobot_create_gazebo_plugins/share/irobot_create_gazebo_plugins/environment/library_path.sh
[2.843s] -- Up-to-date symlink: /home/viktordg/Create3/install/irobot_create_gazebo_plugins/share/irobot_create_gazebo_plugins/environment/library_path.dsv
[2.845s] -- Up-to-date symlink: /home/viktordg/Create3/install/irobot_create_gazebo_plugins/include/irobot_create_gazebo_plugins/docking_manager.hpp
[2.846s] -- Up-to-date symlink: /home/viktordg/Create3/install/irobot_create_gazebo_plugins/include/irobot_create_gazebo_plugins/gazebo_ros_bumper.hpp
[2.847s] -- Up-to-date symlink: /home/viktordg/Create3/install/irobot_create_gazebo_plugins/include/irobot_create_gazebo_plugins/gazebo_ros_cliff_sensor.hpp
[2.850s] -- Up-to-date symlink: /home/viktordg/Create3/install/irobot_create_gazebo_plugins/include/irobot_create_gazebo_plugins/gazebo_ros_docking_status.hpp
[2.858s] -- Up-to-date symlink: /home/viktordg/Create3/install/irobot_create_gazebo_plugins/include/irobot_create_gazebo_plugins/gazebo_ros_helpers.hpp
[2.858s] -- Up-to-date symlink: /home/viktordg/Create3/install/irobot_create_gazebo_plugins/include/irobot_create_gazebo_plugins/gazebo_ros_imu.hpp
[2.859s] -- Up-to-date symlink: /home/viktordg/Create3/install/irobot_create_gazebo_plugins/include/irobot_create_gazebo_plugins/gazebo_ros_ir_intensity_sensor.hpp
[2.860s] -- Up-to-date symlink: /home/viktordg/Create3/install/irobot_create_gazebo_plugins/include/irobot_create_gazebo_plugins/gazebo_ros_ir_opcode.hpp
[2.860s] -- Up-to-date symlink: /home/viktordg/Create3/install/irobot_create_gazebo_plugins/include/irobot_create_gazebo_plugins/gazebo_ros_optical_mouse.hpp
[2.860s] -- Up-to-date symlink: /home/viktordg/Create3/install/irobot_create_gazebo_plugins/include/irobot_create_gazebo_plugins/gazebo_ros_wheel_drop.hpp
[2.861s] -- Up-to-date symlink: /home/viktordg/Create3/install/irobot_create_gazebo_plugins/lib/libgazebo_ros_create_bumper.so
[2.861s] -- Up-to-date symlink: /home/viktordg/Create3/install/irobot_create_gazebo_plugins/lib/libgazebo_ros_create_cliff_sensor.so
[2.862s] -- Up-to-date symlink: /home/viktordg/Create3/install/irobot_create_gazebo_plugins/lib/libgazebo_ros_create_docking_status.so
[2.862s] -- Up-to-date symlink: /home/viktordg/Create3/install/irobot_create_gazebo_plugins/lib/libgazebo_ros_create_helpers.so
[2.863s] -- Up-to-date symlink: /home/viktordg/Create3/install/irobot_create_gazebo_plugins/lib/libgazebo_ros_create_imu.so
[2.864s] -- Up-to-date symlink: /home/viktordg/Create3/install/irobot_create_gazebo_plugins/lib/libgazebo_ros_create_ir_intensity_sensor.so
[2.865s] -- Up-to-date symlink: /home/viktordg/Create3/install/irobot_create_gazebo_plugins/lib/libgazebo_ros_create_optical_mouse.so
[2.865s] -- Up-to-date symlink: /home/viktordg/Create3/install/irobot_create_gazebo_plugins/lib/libgazebo_ros_create_ir_opcode.so
[2.865s] -- Up-to-date symlink: /home/viktordg/Create3/install/irobot_create_gazebo_plugins/lib/libdocking_manager.so
[2.866s] -- Up-to-date symlink: /home/viktordg/Create3/install/irobot_create_gazebo_plugins/lib/libgazebo_ros_create_wheel_drop.so
[2.866s] -- Up-to-date symlink: /home/viktordg/Create3/install/irobot_create_gazebo_plugins/share/ament_index/resource_index/package_run_dependencies/irobot_create_gazebo_plugins
[2.866s] -- Up-to-date symlink: /home/viktordg/Create3/install/irobot_create_gazebo_plugins/share/ament_index/resource_index/parent_prefix_path/irobot_create_gazebo_plugins
[2.867s] -- Up-to-date symlink: /home/viktordg/Create3/install/irobot_create_gazebo_plugins/share/irobot_create_gazebo_plugins/environment/ament_prefix_path.sh
[2.867s] -- Up-to-date symlink: /home/viktordg/Create3/install/irobot_create_gazebo_plugins/share/irobot_create_gazebo_plugins/environment/ament_prefix_path.dsv
[2.868s] -- Up-to-date symlink: /home/viktordg/Create3/install/irobot_create_gazebo_plugins/share/irobot_create_gazebo_plugins/environment/path.sh
[2.868s] -- Up-to-date symlink: /home/viktordg/Create3/install/irobot_create_gazebo_plugins/share/irobot_create_gazebo_plugins/environment/path.dsv
[2.868s] -- Up-to-date symlink: /home/viktordg/Create3/install/irobot_create_gazebo_plugins/share/irobot_create_gazebo_plugins/local_setup.bash
[2.870s] -- Up-to-date symlink: /home/viktordg/Create3/install/irobot_create_gazebo_plugins/share/irobot_create_gazebo_plugins/local_setup.sh
[2.872s] -- Up-to-date symlink: /home/viktordg/Create3/install/irobot_create_gazebo_plugins/share/irobot_create_gazebo_plugins/local_setup.zsh
[2.872s] -- Up-to-date symlink: /home/viktordg/Create3/install/irobot_create_gazebo_plugins/share/irobot_create_gazebo_plugins/local_setup.dsv
[2.873s] -- Symlinking: /home/viktordg/Create3/install/irobot_create_gazebo_plugins/share/irobot_create_gazebo_plugins/package.dsv
[2.897s] -- Up-to-date symlink: /home/viktordg/Create3/install/irobot_create_gazebo_plugins/share/ament_index/resource_index/packages/irobot_create_gazebo_plugins
[2.898s] -- Up-to-date symlink: /home/viktordg/Create3/install/irobot_create_gazebo_plugins/share/irobot_create_gazebo_plugins/cmake/ament_cmake_export_libraries-extras.cmake
[2.898s] -- Up-to-date symlink: /home/viktordg/Create3/install/irobot_create_gazebo_plugins/share/irobot_create_gazebo_plugins/cmake/ament_cmake_export_include_directories-extras.cmake
[2.899s] -- Up-to-date symlink: /home/viktordg/Create3/install/irobot_create_gazebo_plugins/share/irobot_create_gazebo_plugins/cmake/ament_cmake_export_dependencies-extras.cmake
[2.900s] -- Up-to-date symlink: /home/viktordg/Create3/install/irobot_create_gazebo_plugins/share/irobot_create_gazebo_plugins/cmake/irobot_create_gazebo_pluginsConfig.cmake
[2.900s] -- Up-to-date symlink: /home/viktordg/Create3/install/irobot_create_gazebo_plugins/share/irobot_create_gazebo_plugins/cmake/irobot_create_gazebo_pluginsConfig-version.cmake
[2.901s] -- Up-to-date symlink: /home/viktordg/Create3/install/irobot_create_gazebo_plugins/share/irobot_create_gazebo_plugins/package.xml
[2.909s] Invoked command in '/home/viktordg/Create3/build/irobot_create_gazebo_plugins' returned '0': AMENT_PREFIX_PATH=/home/viktordg/Create3/install/irobot_create_toolbox:${AMENT_PREFIX_PATH} CMAKE_PREFIX_PATH=/home/viktordg/Create3/install/irobot_create_toolbox:/opt/ros/humble LD_LIBRARY_PATH=/home/viktordg/Create3/install/irobot_create_toolbox/lib:${LD_LIBRARY_PATH} /usr/bin/cmake --install /home/viktordg/Create3/build/irobot_create_gazebo_plugins
