-- Found ament_cmake: 1.3.10 (/opt/ros/humble/share/ament_cmake/cmake)
-- Override CMake install command with custom implementation using symlinks instead of copying resources
-- Found Protobuf: /usr/lib/x86_64-linux-gnu/libprotobuf.so (found suitable version "3.12.4", minimum required is "3") 
-- Found Protobuf: /usr/lib/x86_64-linux-gnu/libprotobuf.so (found version "3.12.4") 
-- Found ament_lint_auto: 0.12.11 (/opt/ros/humble/share/ament_lint_auto/cmake)
-- Added test 'cppcheck' to perform static code analysis on C / C++ code
-- Configured cppcheck include dirs: 
-- Configured cppcheck exclude dirs and/or files: 
-- Added test 'cpplint' to check C / C++ code against the Google style
-- Configured cpplint exclude dirs and/or files: 
-- Added test 'lint_cmake' to check CMake code style
-- Added test 'xmllint' to check XML markup files
-- Configuring done
-- Generating done
-- Build files have been written to: /home/viktordg/Create3/build/irobot_create_ignition_plugins
[ 16%] [34m[1mAutomatic MOC for target Create3Hmi[0m
[ 16%] Built target Create3Hmi_autogen
[35m[1mConsolidate compiler generated dependencies of target Create3Hmi[0m
[ 33%] [32mBuilding CXX object Create3Hmi/CMakeFiles/Create3Hmi.dir/Create3Hmi_autogen/mocs_compilation.cpp.o[0m
[ 50%] [32mBuilding CXX object Create3Hmi/CMakeFiles/Create3Hmi.dir/Create3Hmi.cc.o[0m
[ 66%] [32m[1mLinking CXX shared library libCreate3Hmi.so[0m
[100%] Built target Create3Hmi
-- Install configuration: ""
-- Execute custom install script
-- Symlinking: /home/viktordg/Create3/install/irobot_create_ignition_plugins/share/irobot_create_ignition_plugins/lib/libCreate3Hmi.so
-- Symlinking: /home/viktordg/Create3/install/irobot_create_ignition_plugins/share/ament_index/resource_index/package_run_dependencies/irobot_create_ignition_plugins
-- Symlinking: /home/viktordg/Create3/install/irobot_create_ignition_plugins/share/ament_index/resource_index/parent_prefix_path/irobot_create_ignition_plugins
-- Symlinking: /home/viktordg/Create3/install/irobot_create_ignition_plugins/share/irobot_create_ignition_plugins/environment/ament_prefix_path.sh
-- Symlinking: /home/viktordg/Create3/install/irobot_create_ignition_plugins/share/irobot_create_ignition_plugins/environment/ament_prefix_path.dsv
-- Symlinking: /home/viktordg/Create3/install/irobot_create_ignition_plugins/share/irobot_create_ignition_plugins/environment/path.sh
-- Symlinking: /home/viktordg/Create3/install/irobot_create_ignition_plugins/share/irobot_create_ignition_plugins/environment/path.dsv
-- Symlinking: /home/viktordg/Create3/install/irobot_create_ignition_plugins/share/irobot_create_ignition_plugins/local_setup.bash
-- Symlinking: /home/viktordg/Create3/install/irobot_create_ignition_plugins/share/irobot_create_ignition_plugins/local_setup.sh
-- Symlinking: /home/viktordg/Create3/install/irobot_create_ignition_plugins/share/irobot_create_ignition_plugins/local_setup.zsh
-- Symlinking: /home/viktordg/Create3/install/irobot_create_ignition_plugins/share/irobot_create_ignition_plugins/local_setup.dsv
-- Symlinking: /home/viktordg/Create3/install/irobot_create_ignition_plugins/share/irobot_create_ignition_plugins/package.dsv
-- Symlinking: /home/viktordg/Create3/install/irobot_create_ignition_plugins/share/ament_index/resource_index/packages/irobot_create_ignition_plugins
-- Symlinking: /home/viktordg/Create3/install/irobot_create_ignition_plugins/share/irobot_create_ignition_plugins/cmake/irobot_create_ignition_pluginsConfig.cmake
-- Symlinking: /home/viktordg/Create3/install/irobot_create_ignition_plugins/share/irobot_create_ignition_plugins/cmake/irobot_create_ignition_pluginsConfig-version.cmake
-- Symlinking: /home/viktordg/Create3/install/irobot_create_ignition_plugins/share/irobot_create_ignition_plugins/package.xml
