[0.053s] Invoking command in '/home/viktordg/Create3/build/irobot_create_ignition_plugins': CMAKE_PREFIX_PATH=/opt/ros/humble /usr/bin/cmake /home/viktordg/Create3/src/create3_sim/irobot_create_ignition/irobot_create_ignition_plugins -DAMENT_CMAKE_SYMLINK_INSTALL=1 -DCMAKE_INSTALL_PREFIX=/home/viktordg/Create3/install/irobot_create_ignition_plugins
[0.134s] -- Found ament_cmake: 1.3.10 (/opt/ros/humble/share/ament_cmake/cmake)
[0.463s] -- Override CMake install command with custom implementation using symlinks instead of copying resources
[9.704s] -- Found Protobuf: /usr/lib/x86_64-linux-gnu/libprotobuf.so (found suitable version "3.12.4", minimum required is "3") 
[18.834s] -- Found Protobuf: /usr/lib/x86_64-linux-gnu/libprotobuf.so (found version "3.12.4") 
[22.506s] -- Found ament_lint_auto: 0.12.11 (/opt/ros/humble/share/ament_lint_auto/cmake)
[22.682s] -- Added test 'cppcheck' to perform static code analysis on C / C++ code
[22.683s] -- Configured cppcheck include dirs: 
[22.683s] -- Configured cppcheck exclude dirs and/or files: 
[22.685s] -- Added test 'cpplint' to check C / C++ code against the Google style
[22.686s] -- Configured cpplint exclude dirs and/or files: 
[22.688s] -- Added test 'lint_cmake' to check CMake code style
[22.689s] -- Added test 'xmllint' to check XML markup files
[22.694s] -- Configuring done
[22.764s] -- Generating done
[22.768s] -- Build files have been written to: /home/viktordg/Create3/build/irobot_create_ignition_plugins
[22.792s] Invoked command in '/home/viktordg/Create3/build/irobot_create_ignition_plugins' returned '0': CMAKE_PREFIX_PATH=/opt/ros/humble /usr/bin/cmake /home/viktordg/Create3/src/create3_sim/irobot_create_ignition/irobot_create_ignition_plugins -DAMENT_CMAKE_SYMLINK_INSTALL=1 -DCMAKE_INSTALL_PREFIX=/home/viktordg/Create3/install/irobot_create_ignition_plugins
[22.795s] Invoking command in '/home/viktordg/Create3/build/irobot_create_ignition_plugins': CMAKE_PREFIX_PATH=/opt/ros/humble /usr/bin/cmake --build /home/viktordg/Create3/build/irobot_create_ignition_plugins -- -j8 -l8
[22.902s] [ 16%] [34m[1mAutomatic MOC for target Create3Hmi[0m
[22.966s] [ 16%] Built target Create3Hmi_autogen
[22.987s] [35m[1mConsolidate compiler generated dependencies of target Create3Hmi[0m
[23.005s] [ 33%] [32mBuilding CXX object Create3Hmi/CMakeFiles/Create3Hmi.dir/Create3Hmi_autogen/mocs_compilation.cpp.o[0m
[50.873s] [ 50%] [32mBuilding CXX object Create3Hmi/CMakeFiles/Create3Hmi.dir/Create3Hmi.cc.o[0m
[92.197s] [ 66%] [32m[1mLinking CXX shared library libCreate3Hmi.so[0m
[95.105s] [100%] Built target Create3Hmi
[95.180s] Invoked command in '/home/viktordg/Create3/build/irobot_create_ignition_plugins' returned '0': CMAKE_PREFIX_PATH=/opt/ros/humble /usr/bin/cmake --build /home/viktordg/Create3/build/irobot_create_ignition_plugins -- -j8 -l8
[95.349s] Invoking command in '/home/viktordg/Create3/build/irobot_create_ignition_plugins': CMAKE_PREFIX_PATH=/opt/ros/humble /usr/bin/cmake --install /home/viktordg/Create3/build/irobot_create_ignition_plugins
[95.389s] -- Install configuration: ""
[95.391s] -- Execute custom install script
[95.413s] -- Symlinking: /home/viktordg/Create3/install/irobot_create_ignition_plugins/share/irobot_create_ignition_plugins/lib/libCreate3Hmi.so
[95.469s] -- Symlinking: /home/viktordg/Create3/install/irobot_create_ignition_plugins/share/ament_index/resource_index/package_run_dependencies/irobot_create_ignition_plugins
[95.508s] -- Symlinking: /home/viktordg/Create3/install/irobot_create_ignition_plugins/share/ament_index/resource_index/parent_prefix_path/irobot_create_ignition_plugins
[95.564s] -- Symlinking: /home/viktordg/Create3/install/irobot_create_ignition_plugins/share/irobot_create_ignition_plugins/environment/ament_prefix_path.sh
[95.625s] -- Symlinking: /home/viktordg/Create3/install/irobot_create_ignition_plugins/share/irobot_create_ignition_plugins/environment/ament_prefix_path.dsv
[95.664s] -- Symlinking: /home/viktordg/Create3/install/irobot_create_ignition_plugins/share/irobot_create_ignition_plugins/environment/path.sh
[95.692s] -- Symlinking: /home/viktordg/Create3/install/irobot_create_ignition_plugins/share/irobot_create_ignition_plugins/environment/path.dsv
[95.717s] -- Symlinking: /home/viktordg/Create3/install/irobot_create_ignition_plugins/share/irobot_create_ignition_plugins/local_setup.bash
[95.744s] -- Symlinking: /home/viktordg/Create3/install/irobot_create_ignition_plugins/share/irobot_create_ignition_plugins/local_setup.sh
[95.764s] -- Symlinking: /home/viktordg/Create3/install/irobot_create_ignition_plugins/share/irobot_create_ignition_plugins/local_setup.zsh
[95.784s] -- Symlinking: /home/viktordg/Create3/install/irobot_create_ignition_plugins/share/irobot_create_ignition_plugins/local_setup.dsv
[95.805s] -- Symlinking: /home/viktordg/Create3/install/irobot_create_ignition_plugins/share/irobot_create_ignition_plugins/package.dsv
[95.841s] -- Symlinking: /home/viktordg/Create3/install/irobot_create_ignition_plugins/share/ament_index/resource_index/packages/irobot_create_ignition_plugins
[95.873s] -- Symlinking: /home/viktordg/Create3/install/irobot_create_ignition_plugins/share/irobot_create_ignition_plugins/cmake/irobot_create_ignition_pluginsConfig.cmake
[95.903s] -- Symlinking: /home/viktordg/Create3/install/irobot_create_ignition_plugins/share/irobot_create_ignition_plugins/cmake/irobot_create_ignition_pluginsConfig-version.cmake
[95.936s] -- Symlinking: /home/viktordg/Create3/install/irobot_create_ignition_plugins/share/irobot_create_ignition_plugins/package.xml
[95.979s] Invoked command in '/home/viktordg/Create3/build/irobot_create_ignition_plugins' returned '0': CMAKE_PREFIX_PATH=/opt/ros/humble /usr/bin/cmake --install /home/viktordg/Create3/build/irobot_create_ignition_plugins
