[0.142s] Invoking command in '/home/viktordg/Create3/build/irobot_create_nodes': AMENT_PREFIX_PATH=/home/viktordg/Create3/install/irobot_create_toolbox:${AMENT_PREFIX_PATH} CMAKE_PREFIX_PATH=/home/viktordg/Create3/install/irobot_create_toolbox:/opt/ros/humble LD_LIBRARY_PATH=/home/viktordg/Create3/install/irobot_create_toolbox/lib:${LD_LIBRARY_PATH} /usr/bin/cmake /home/viktordg/Create3/src/create3_sim/irobot_create_common/irobot_create_nodes -DAMENT_CMAKE_SYMLINK_INSTALL=1 -DCMAKE_INSTALL_PREFIX=/home/viktordg/Create3/install/irobot_create_nodes
[0.163s] -- Found ament_cmake: 1.3.10 (/opt/ros/humble/share/ament_cmake/cmake)
[0.369s] -- Override CMake install command with custom implementation using symlinks instead of copying resources
[0.386s] -- Found angles: 1.15.0 (/opt/ros/humble/share/angles/cmake)
[0.394s] -- Found control_msgs: 4.6.0 (/opt/ros/humble/share/control_msgs/cmake)
[0.707s] -- Found rosidl_generator_c: 3.1.5 (/opt/ros/humble/share/rosidl_generator_c/cmake)
[0.713s] -- Found rosidl_adapter: 3.1.5 (/opt/ros/humble/share/rosidl_adapter/cmake)
[0.726s] -- Found rosidl_generator_cpp: 3.1.5 (/opt/ros/humble/share/rosidl_generator_cpp/cmake)
[0.751s] -- Using all available rosidl_typesupport_c: rosidl_typesupport_fastrtps_c;rosidl_typesupport_introspection_c
[0.776s] -- Using all available rosidl_typesupport_cpp: rosidl_typesupport_fastrtps_cpp;rosidl_typesupport_introspection_cpp
[1.107s] -- Found nav_msgs: 4.2.4 (/opt/ros/humble/share/nav_msgs/cmake)
[1.156s] -- Found irobot_create_msgs: 2.1.0 (/opt/ros/humble/share/irobot_create_msgs/cmake)
[1.212s] -- Found irobot_create_toolbox: 2.1.0 (/home/viktordg/Create3/install/irobot_create_toolbox/share/irobot_create_toolbox/cmake)
[1.285s] -- Found rmw_implementation_cmake: 6.1.2 (/opt/ros/humble/share/rmw_implementation_cmake/cmake)
[1.288s] -- Found rmw_fastrtps_cpp: 6.2.7 (/opt/ros/humble/share/rmw_fastrtps_cpp/cmake)
[8.599s] -- Using RMW implementation 'rmw_fastrtps_cpp' as default
[8.694s] -- Found rclcpp_action: 16.0.10 (/opt/ros/humble/share/rclcpp_action/cmake)
[8.711s] -- Found rclcpp_components: 16.0.10 (/opt/ros/humble/share/rclcpp_components/cmake)
[8.751s] -- Found tf2: 0.25.8 (/opt/ros/humble/share/tf2/cmake)
[8.759s] -- Found tf2_geometry_msgs: 0.25.8 (/opt/ros/humble/share/tf2_geometry_msgs/cmake)
[8.766s] -- Found eigen3_cmake_module: 0.1.1 (/opt/ros/humble/share/eigen3_cmake_module/cmake)
[8.770s] -- Ensuring Eigen3 include directory is part of orocos-kdl CMake target
[9.033s] -- Found ament_lint_auto: 0.12.11 (/opt/ros/humble/share/ament_lint_auto/cmake)
[9.231s] -- Added test 'cppcheck' to perform static code analysis on C / C++ code
[9.235s] -- Configured cppcheck include dirs: /home/viktordg/Create3/src/create3_sim/irobot_create_common/irobot_create_nodes/include
[9.235s] -- Configured cppcheck exclude dirs and/or files: 
[9.239s] -- Added test 'cpplint' to check C / C++ code against the Google style
[9.240s] -- Configured cpplint exclude dirs and/or files: 
[9.243s] -- Added test 'lint_cmake' to check CMake code style
[9.247s] -- Added test 'uncrustify' to check C / C++ code style
[9.247s] -- Configured uncrustify additional arguments: 
[9.248s] -- Added test 'xmllint' to check XML markup files
[9.257s] -- Configuring done
[9.692s] -- Generating done
[9.709s] -- Build files have been written to: /home/viktordg/Create3/build/irobot_create_nodes
[9.744s] Invoked command in '/home/viktordg/Create3/build/irobot_create_nodes' returned '0': AMENT_PREFIX_PATH=/home/viktordg/Create3/install/irobot_create_toolbox:${AMENT_PREFIX_PATH} CMAKE_PREFIX_PATH=/home/viktordg/Create3/install/irobot_create_toolbox:/opt/ros/humble LD_LIBRARY_PATH=/home/viktordg/Create3/install/irobot_create_toolbox/lib:${LD_LIBRARY_PATH} /usr/bin/cmake /home/viktordg/Create3/src/create3_sim/irobot_create_common/irobot_create_nodes -DAMENT_CMAKE_SYMLINK_INSTALL=1 -DCMAKE_INSTALL_PREFIX=/home/viktordg/Create3/install/irobot_create_nodes
[9.751s] Invoking command in '/home/viktordg/Create3/build/irobot_create_nodes': AMENT_PREFIX_PATH=/home/viktordg/Create3/install/irobot_create_toolbox:${AMENT_PREFIX_PATH} CMAKE_PREFIX_PATH=/home/viktordg/Create3/install/irobot_create_toolbox:/opt/ros/humble LD_LIBRARY_PATH=/home/viktordg/Create3/install/irobot_create_toolbox/lib:${LD_LIBRARY_PATH} /usr/bin/cmake --build /home/viktordg/Create3/build/irobot_create_nodes -- -j8 -l8
[9.896s] [  2%] [32mBuilding CXX object CMakeFiles/hazard_publisher_lib.dir/src/hazards_vector_publisher.cpp.o[0m
[41.802s] [  5%] [32m[1mLinking CXX shared library libhazard_publisher_lib.so[0m
[42.929s] [35m[1mConsolidate compiler generated dependencies of target wheel_status_publisher[0m
[42.976s] [  8%] [32mBuilding CXX object CMakeFiles/wheel_status_publisher_lib.dir/src/wheels_publisher.cpp.o[0m
[42.993s] [ 10%] [32m[1mLinking CXX executable wheel_status_publisher[0m
[43.657s] [ 13%] Built target wheel_status_publisher
[43.686s] [35m[1mConsolidate compiler generated dependencies of target motion_control[0m
[43.735s] [ 16%] [32m[1mLinking CXX executable motion_control[0m
[44.341s] [ 16%] Built target hazard_publisher_lib
[44.389s] [ 18%] [32mBuilding CXX object CMakeFiles/robot_state_lib.dir/src/robot_state.cpp.o[0m
[44.398s] [ 21%] [32mBuilding CXX object CMakeFiles/motion_control_lib.dir/src/motion_control_node.cpp.o[0m
[44.486s] [ 24%] Built target motion_control
[44.511s] [ 27%] [32mBuilding CXX object CMakeFiles/motion_control_lib.dir/src/motion_control/docking_behavior.cpp.o[0m
[44.514s] [35m[1mConsolidate compiler generated dependencies of target robot_state[0m
[44.560s] [ 29%] [32m[1mLinking CXX executable robot_state[0m
[45.228s] [ 32%] Built target robot_state
[45.239s] [35m[1mConsolidate compiler generated dependencies of target ir_intensity_vector_publisher[0m
[45.273s] [ 35%] [32mBuilding CXX object CMakeFiles/motion_control_lib.dir/src/motion_control/drive_goal_behaviors.cpp.o[0m
[45.299s] [ 37%] [32mBuilding CXX object CMakeFiles/ir_intensity_publisher_lib.dir/src/ir_intensity_vector_publisher.cpp.o[0m
[45.307s] [35m[1mConsolidate compiler generated dependencies of target hazards_vector_publisher[0m
[45.330s] [ 40%] [32m[1mLinking CXX executable ir_intensity_vector_publisher[0m
[45.382s] [ 43%] [32m[1mLinking CXX executable hazards_vector_publisher[0m
[46.302s] [ 45%] Built target ir_intensity_vector_publisher
[46.482s] [ 48%] Built target hazards_vector_publisher
[46.509s] [ 51%] [32mBuilding CXX object CMakeFiles/ui_mgr_lib.dir/src/ui_mgr.cpp.o[0m
[46.691s] [ 54%] [32mBuilding CXX object CMakeFiles/ui_mgr.dir/rclcpp_components/node_main_ui_mgr.cpp.o[0m
[67.572s] [ 56%] [32m[1mLinking CXX executable ui_mgr[0m
[68.964s] [ 56%] Built target ui_mgr
[96.916s] [ 59%] [32m[1mLinking CXX shared library libwheel_status_publisher_lib.so[0m
[97.492s] [ 62%] [32m[1mLinking CXX shared library libir_intensity_publisher_lib.so[0m
[99.431s] [ 62%] Built target wheel_status_publisher_lib
[99.956s] [ 62%] Built target ir_intensity_publisher_lib
[107.463s] [ 64%] [32m[1mLinking CXX shared library librobot_state_lib.so[0m
[109.975s] [ 64%] Built target robot_state_lib
[113.231s] [ 67%] [32m[1mLinking CXX shared library libui_mgr_lib.so[0m
[116.125s] [ 67%] Built target ui_mgr_lib
[143.323s] [ 70%] [32mBuilding CXX object CMakeFiles/motion_control_lib.dir/src/motion_control/wall_follow_states.cpp.o[0m
[143.323s] [ 72%] [32mBuilding CXX object CMakeFiles/motion_control_lib.dir/src/motion_control/reflex_behavior.cpp.o[0m
[143.327s] [ 75%] [32mBuilding CXX object CMakeFiles/motion_control_lib.dir/src/motion_control/wall_follow_behavior.cpp.o[0m
[266.004s] [ 78%] [32m[1mLinking CXX shared library libmotion_control_lib.so[0m
[285.082s] [ 78%] Built target motion_control_lib
[285.190s] [ 81%] [32mBuilding CXX object CMakeFiles/kidnap_estimator_publisher.dir/rclcpp_components/node_main_kidnap_estimator_publisher.cpp.o[0m
[299.176s] [ 83%] [32m[1mLinking CXX executable kidnap_estimator_publisher[0m
[299.772s] [ 83%] Built target kidnap_estimator_publisher
[299.821s] [ 86%] [32mBuilding CXX object CMakeFiles/kidnap_estimator_publisher_lib.dir/src/kidnap_estimator_publisher.cpp.o[0m
[319.188s] [ 89%] [32m[1mLinking CXX shared library libkidnap_estimator_publisher_lib.so[0m
[320.238s] [ 89%] Built target kidnap_estimator_publisher_lib
[320.265s] [ 91%] [32mBuilding CXX object CMakeFiles/mock_publisher.dir/rclcpp_components/node_main_mock_publisher.cpp.o[0m
[324.935s] [ 94%] [32m[1mLinking CXX executable mock_publisher[0m
[325.298s] [ 94%] Built target mock_publisher
[325.329s] [ 97%] [32mBuilding CXX object CMakeFiles/mock_publisher_lib.dir/src/mock_publisher.cpp.o[0m
[332.671s] [100%] [32m[1mLinking CXX shared library libmock_publisher_lib.so[0m
[333.091s] [100%] Built target mock_publisher_lib
[333.170s] Invoked command in '/home/viktordg/Create3/build/irobot_create_nodes' returned '0': AMENT_PREFIX_PATH=/home/viktordg/Create3/install/irobot_create_toolbox:${AMENT_PREFIX_PATH} CMAKE_PREFIX_PATH=/home/viktordg/Create3/install/irobot_create_toolbox:/opt/ros/humble LD_LIBRARY_PATH=/home/viktordg/Create3/install/irobot_create_toolbox/lib:${LD_LIBRARY_PATH} /usr/bin/cmake --build /home/viktordg/Create3/build/irobot_create_nodes -- -j8 -l8
[333.270s] Invoking command in '/home/viktordg/Create3/build/irobot_create_nodes': AMENT_PREFIX_PATH=/home/viktordg/Create3/install/irobot_create_toolbox:${AMENT_PREFIX_PATH} CMAKE_PREFIX_PATH=/home/viktordg/Create3/install/irobot_create_toolbox:/opt/ros/humble LD_LIBRARY_PATH=/home/viktordg/Create3/install/irobot_create_toolbox/lib:${LD_LIBRARY_PATH} /usr/bin/cmake --install /home/viktordg/Create3/build/irobot_create_nodes
[333.279s] -- Install configuration: ""
[333.281s] -- Execute custom install script
[333.282s] -- Symlinking: /home/viktordg/Create3/install/irobot_create_nodes/lib/irobot_create_nodes/hazards_vector_publisher
[333.294s] -- Symlinking: /home/viktordg/Create3/install/irobot_create_nodes/lib/irobot_create_nodes/ir_intensity_vector_publisher
[333.304s] -- Symlinking: /home/viktordg/Create3/install/irobot_create_nodes/lib/irobot_create_nodes/motion_control
[333.315s] -- Symlinking: /home/viktordg/Create3/install/irobot_create_nodes/lib/irobot_create_nodes/wheel_status_publisher
[333.326s] -- Symlinking: /home/viktordg/Create3/install/irobot_create_nodes/lib/irobot_create_nodes/robot_state
[333.336s] -- Symlinking: /home/viktordg/Create3/install/irobot_create_nodes/lib/irobot_create_nodes/ui_mgr
[333.347s] -- Symlinking: /home/viktordg/Create3/install/irobot_create_nodes/lib/irobot_create_nodes/mock_publisher
[333.357s] -- Symlinking: /home/viktordg/Create3/install/irobot_create_nodes/lib/irobot_create_nodes/kidnap_estimator_publisher
[333.368s] -- Symlinking: /home/viktordg/Create3/install/irobot_create_nodes/lib/libhazard_publisher_lib.so
[333.379s] -- Symlinking: /home/viktordg/Create3/install/irobot_create_nodes/lib/libir_intensity_publisher_lib.so
[333.389s] -- Symlinking: /home/viktordg/Create3/install/irobot_create_nodes/lib/libmotion_control_lib.so
[333.399s] -- Symlinking: /home/viktordg/Create3/install/irobot_create_nodes/lib/libwheel_status_publisher_lib.so
[333.409s] -- Symlinking: /home/viktordg/Create3/install/irobot_create_nodes/lib/librobot_state_lib.so
[333.419s] -- Symlinking: /home/viktordg/Create3/install/irobot_create_nodes/lib/libui_mgr_lib.so
[333.429s] -- Symlinking: /home/viktordg/Create3/install/irobot_create_nodes/lib/libmock_publisher_lib.so
[333.439s] -- Symlinking: /home/viktordg/Create3/install/irobot_create_nodes/lib/libkidnap_estimator_publisher_lib.so
[333.451s] -- Symlinking: /home/viktordg/Create3/install/irobot_create_nodes/include/irobot_create_nodes/hazards_vector_publisher.hpp
[333.461s] -- Symlinking: /home/viktordg/Create3/install/irobot_create_nodes/include/irobot_create_nodes/ir_intensity_vector_publisher.hpp
[333.473s] -- Symlinking: /home/viktordg/Create3/install/irobot_create_nodes/include/irobot_create_nodes/kidnap_estimator_publisher.hpp
[333.484s] -- Symlinking: /home/viktordg/Create3/install/irobot_create_nodes/include/irobot_create_nodes/mock_publisher.hpp
[333.496s] -- Symlinking: /home/viktordg/Create3/install/irobot_create_nodes/include/irobot_create_nodes/motion_control/behaviors_scheduler.hpp
[333.508s] -- Symlinking: /home/viktordg/Create3/install/irobot_create_nodes/include/irobot_create_nodes/motion_control/docking_behavior.hpp
[333.519s] -- Symlinking: /home/viktordg/Create3/install/irobot_create_nodes/include/irobot_create_nodes/motion_control/drive_goal_behaviors.hpp
[333.529s] -- Symlinking: /home/viktordg/Create3/install/irobot_create_nodes/include/irobot_create_nodes/motion_control/reflex_behavior.hpp
[333.540s] -- Symlinking: /home/viktordg/Create3/install/irobot_create_nodes/include/irobot_create_nodes/motion_control/simple_goal_controller.hpp
[333.553s] -- Symlinking: /home/viktordg/Create3/install/irobot_create_nodes/include/irobot_create_nodes/motion_control/wall_follow_behavior.hpp
[333.564s] -- Symlinking: /home/viktordg/Create3/install/irobot_create_nodes/include/irobot_create_nodes/motion_control/wall_follow_states.hpp
[333.574s] -- Symlinking: /home/viktordg/Create3/install/irobot_create_nodes/include/irobot_create_nodes/motion_control_node.hpp
[333.585s] -- Symlinking: /home/viktordg/Create3/install/irobot_create_nodes/include/irobot_create_nodes/robot_state.hpp
[333.595s] -- Symlinking: /home/viktordg/Create3/install/irobot_create_nodes/include/irobot_create_nodes/ui_mgr.hpp
[333.605s] -- Symlinking: /home/viktordg/Create3/install/irobot_create_nodes/include/irobot_create_nodes/wheels_publisher.hpp
[333.617s] -- Symlinking: /home/viktordg/Create3/install/irobot_create_nodes/share/irobot_create_nodes/environment/library_path.sh
[333.630s] -- Symlinking: /home/viktordg/Create3/install/irobot_create_nodes/share/irobot_create_nodes/environment/library_path.dsv
[333.643s] -- Symlinking: /home/viktordg/Create3/install/irobot_create_nodes/share/ament_index/resource_index/package_run_dependencies/irobot_create_nodes
[333.655s] -- Symlinking: /home/viktordg/Create3/install/irobot_create_nodes/share/ament_index/resource_index/parent_prefix_path/irobot_create_nodes
[333.665s] -- Symlinking: /home/viktordg/Create3/install/irobot_create_nodes/share/irobot_create_nodes/environment/ament_prefix_path.sh
[333.676s] -- Symlinking: /home/viktordg/Create3/install/irobot_create_nodes/share/irobot_create_nodes/environment/ament_prefix_path.dsv
[333.687s] -- Symlinking: /home/viktordg/Create3/install/irobot_create_nodes/share/irobot_create_nodes/environment/path.sh
[333.698s] -- Symlinking: /home/viktordg/Create3/install/irobot_create_nodes/share/irobot_create_nodes/environment/path.dsv
[333.708s] -- Symlinking: /home/viktordg/Create3/install/irobot_create_nodes/share/irobot_create_nodes/local_setup.bash
[333.720s] -- Symlinking: /home/viktordg/Create3/install/irobot_create_nodes/share/irobot_create_nodes/local_setup.sh
[333.735s] -- Symlinking: /home/viktordg/Create3/install/irobot_create_nodes/share/irobot_create_nodes/local_setup.zsh
[333.745s] -- Symlinking: /home/viktordg/Create3/install/irobot_create_nodes/share/irobot_create_nodes/local_setup.dsv
[333.756s] -- Symlinking: /home/viktordg/Create3/install/irobot_create_nodes/share/irobot_create_nodes/package.dsv
[333.767s] -- Symlinking: /home/viktordg/Create3/install/irobot_create_nodes/share/ament_index/resource_index/packages/irobot_create_nodes
[333.779s] -- Symlinking: /home/viktordg/Create3/install/irobot_create_nodes/share/ament_index/resource_index/rclcpp_components/irobot_create_nodes
[333.791s] -- Symlinking: /home/viktordg/Create3/install/irobot_create_nodes/share/irobot_create_nodes/cmake/ament_cmake_export_include_directories-extras.cmake
[333.802s] -- Symlinking: /home/viktordg/Create3/install/irobot_create_nodes/share/irobot_create_nodes/cmake/ament_cmake_export_libraries-extras.cmake
[333.814s] -- Symlinking: /home/viktordg/Create3/install/irobot_create_nodes/share/irobot_create_nodes/cmake/ament_cmake_export_dependencies-extras.cmake
[333.826s] -- Symlinking: /home/viktordg/Create3/install/irobot_create_nodes/share/irobot_create_nodes/cmake/irobot_create_nodesConfig.cmake
[333.836s] -- Symlinking: /home/viktordg/Create3/install/irobot_create_nodes/share/irobot_create_nodes/cmake/irobot_create_nodesConfig-version.cmake
[333.846s] -- Symlinking: /home/viktordg/Create3/install/irobot_create_nodes/share/irobot_create_nodes/package.xml
[333.860s] Invoked command in '/home/viktordg/Create3/build/irobot_create_nodes' returned '0': AMENT_PREFIX_PATH=/home/viktordg/Create3/install/irobot_create_toolbox:${AMENT_PREFIX_PATH} CMAKE_PREFIX_PATH=/home/viktordg/Create3/install/irobot_create_toolbox:/opt/ros/humble LD_LIBRARY_PATH=/home/viktordg/Create3/install/irobot_create_toolbox/lib:${LD_LIBRARY_PATH} /usr/bin/cmake --install /home/viktordg/Create3/build/irobot_create_nodes
