[0.180s] Invoking command in '/home/viktordg/Create3/build/irobot_create_ignition_toolbox': AMENT_PREFIX_PATH=/home/viktordg/Create3/install/irobot_create_toolbox:${AMENT_PREFIX_PATH} CMAKE_PREFIX_PATH=/home/viktordg/Create3/install/irobot_create_toolbox:/opt/ros/humble LD_LIBRARY_PATH=/home/viktordg/Create3/install/irobot_create_toolbox/lib:${LD_LIBRARY_PATH} /usr/bin/cmake /home/viktordg/Create3/src/create3_sim/irobot_create_ignition/irobot_create_ignition_toolbox -DCMAKE_INSTALL_PREFIX=/home/viktordg/Create3/install/irobot_create_ignition_toolbox
[0.393s] -- The C compiler identification is GNU 11.4.0
[0.989s] -- The CXX compiler identification is GNU 11.4.0
[1.393s] -- Detecting C compiler ABI info
[1.564s] -- Detecting C compiler ABI info - done
[1.584s] -- Check for working C compiler: /usr/bin/cc - skipped
[1.584s] -- Detecting C compile features
[1.585s] -- Detecting C compile features - done
[1.589s] -- Detecting CXX compiler ABI info
[1.763s] -- Detecting CXX compiler ABI info - done
[1.782s] -- Check for working CXX compiler: /usr/bin/c++ - skipped
[1.782s] -- Detecting CXX compile features
[1.783s] -- Detecting CXX compile features - done
[1.787s] -- Found ament_cmake: 1.3.10 (/opt/ros/humble/share/ament_cmake/cmake)
[2.017s] -- Found Python3: /usr/bin/python3 (found version "3.10.12") found components: Interpreter 
[2.148s] -- Found control_msgs: 4.6.0 (/opt/ros/humble/share/control_msgs/cmake)
[2.447s] -- Found rosidl_generator_c: 3.1.5 (/opt/ros/humble/share/rosidl_generator_c/cmake)
[2.457s] -- Found rosidl_adapter: 3.1.5 (/opt/ros/humble/share/rosidl_adapter/cmake)
[2.474s] -- Found rosidl_generator_cpp: 3.1.5 (/opt/ros/humble/share/rosidl_generator_cpp/cmake)
[2.498s] -- Using all available rosidl_typesupport_c: rosidl_typesupport_fastrtps_c;rosidl_typesupport_introspection_c
[2.520s] -- Using all available rosidl_typesupport_cpp: rosidl_typesupport_fastrtps_cpp;rosidl_typesupport_introspection_cpp
[2.750s] -- Found nav_msgs: 4.2.4 (/opt/ros/humble/share/nav_msgs/cmake)
[2.778s] -- Found irobot_create_msgs: 2.1.0 (/opt/ros/humble/share/irobot_create_msgs/cmake)
[2.812s] -- Found rclcpp: 16.0.10 (/opt/ros/humble/share/rclcpp/cmake)
[2.863s] -- Found rmw_implementation_cmake: 6.1.2 (/opt/ros/humble/share/rmw_implementation_cmake/cmake)
[2.866s] -- Found rmw_fastrtps_cpp: 6.2.7 (/opt/ros/humble/share/rmw_fastrtps_cpp/cmake)
[4.515s] -- Found OpenSSL: /usr/lib/x86_64-linux-gnu/libcrypto.so (found version "3.0.2")  
[5.733s] -- Found FastRTPS: /opt/ros/humble/include  
[12.655s] -- Using RMW implementation 'rmw_fastrtps_cpp' as default
[12.698s] -- Looking for pthread.h
[13.433s] -- Looking for pthread.h - found
[13.434s] -- Performing Test CMAKE_HAVE_LIBC_PTHREAD
[14.433s] -- Performing Test CMAKE_HAVE_LIBC_PTHREAD - Success
[14.435s] -- Found Threads: TRUE  
[14.705s] -- Found rclcpp_action: 16.0.10 (/opt/ros/humble/share/rclcpp_action/cmake)
[14.785s] -- Found tf2: 0.25.8 (/opt/ros/humble/share/tf2/cmake)
[14.878s] -- Found tf2_geometry_msgs: 0.25.8 (/opt/ros/humble/share/tf2_geometry_msgs/cmake)
[15.003s] -- Found eigen3_cmake_module: 0.1.1 (/opt/ros/humble/share/eigen3_cmake_module/cmake)
[15.004s] -- Found Eigen3: TRUE (found version "3.4.0") 
[15.004s] -- Ensuring Eigen3 include directory is part of orocos-kdl CMake target
[15.420s] -- Found irobot_create_toolbox: 2.1.0 (/home/viktordg/Create3/install/irobot_create_toolbox/share/irobot_create_toolbox/cmake)
[15.855s] -- Found ament_lint_auto: 0.12.11 (/opt/ros/humble/share/ament_lint_auto/cmake)
[16.365s] -- Added test 'cppcheck' to perform static code analysis on C / C++ code
[16.370s] -- Configured cppcheck include dirs: /home/viktordg/Create3/src/create3_sim/irobot_create_ignition/irobot_create_ignition_toolbox/include
[16.371s] -- Configured cppcheck exclude dirs and/or files: 
[16.388s] -- Added test 'cpplint' to check C / C++ code against the Google style
[16.390s] -- Configured cpplint exclude dirs and/or files: 
[16.393s] -- Added test 'lint_cmake' to check CMake code style
[16.404s] -- Added test 'uncrustify' to check C / C++ code style
[16.404s] -- Configured uncrustify additional arguments: 
[16.409s] -- Added test 'xmllint' to check XML markup files
[16.445s] -- Configuring done
[16.721s] -- Generating done
[16.727s] -- Build files have been written to: /home/viktordg/Create3/build/irobot_create_ignition_toolbox
[16.796s] Invoked command in '/home/viktordg/Create3/build/irobot_create_ignition_toolbox' returned '0': AMENT_PREFIX_PATH=/home/viktordg/Create3/install/irobot_create_toolbox:${AMENT_PREFIX_PATH} CMAKE_PREFIX_PATH=/home/viktordg/Create3/install/irobot_create_toolbox:/opt/ros/humble LD_LIBRARY_PATH=/home/viktordg/Create3/install/irobot_create_toolbox/lib:${LD_LIBRARY_PATH} /usr/bin/cmake /home/viktordg/Create3/src/create3_sim/irobot_create_ignition/irobot_create_ignition_toolbox -DCMAKE_INSTALL_PREFIX=/home/viktordg/Create3/install/irobot_create_ignition_toolbox
[16.796s] Invoking command in '/home/viktordg/Create3/build/irobot_create_ignition_toolbox': AMENT_PREFIX_PATH=/home/viktordg/Create3/install/irobot_create_toolbox:${AMENT_PREFIX_PATH} CMAKE_PREFIX_PATH=/home/viktordg/Create3/install/irobot_create_toolbox:/opt/ros/humble LD_LIBRARY_PATH=/home/viktordg/Create3/install/irobot_create_toolbox/lib:${LD_LIBRARY_PATH} /usr/bin/cmake --build /home/viktordg/Create3/build/irobot_create_ignition_toolbox -- -j8 -l8
[17.195s] [  5%] [32mBuilding CXX object CMakeFiles/irobot_create_ignition_sensors_lib.dir/src/sensors/sensors_node.cpp.o[0m
[17.197s] [ 11%] [32mBuilding CXX object CMakeFiles/irobot_create_ignition_pose_republisher_lib.dir/src/pose_republisher/pose_republisher_node.cpp.o[0m
[17.207s] [ 16%] [32mBuilding CXX object CMakeFiles/irobot_create_ignition_sensors_lib.dir/src/sensors/bumper.cpp.o[0m
[17.222s] [ 22%] [32mBuilding CXX object CMakeFiles/irobot_create_ignition_sensors_lib.dir/src/sensors/cliff.cpp.o[0m
[17.253s] [ 27%] [32mBuilding CXX object CMakeFiles/irobot_create_ignition_sensors_lib.dir/src/sensors/ir_intensity.cpp.o[0m
[17.259s] [ 33%] [32mBuilding CXX object CMakeFiles/irobot_create_ignition_interface_buttons_lib.dir/src/interface_buttons/interface_buttons_node.cpp.o[0m
[17.285s] [ 38%] [32mBuilding CXX object CMakeFiles/irobot_create_ignition_sensors_lib.dir/src/sensors/ir_opcode.cpp.o[0m
[17.387s] [ 44%] [32mBuilding CXX object CMakeFiles/irobot_create_ignition_sensors_lib.dir/src/sensors/mouse.cpp.o[0m
[137.123s] gmake[2]: *** [CMakeFiles/irobot_create_ignition_sensors_lib.dir/build.make:118: CMakeFiles/irobot_create_ignition_sensors_lib.dir/src/sensors/ir_intensity.cpp.o] Interrupt
[137.139s] gmake[2]: *** [CMakeFiles/irobot_create_ignition_sensors_lib.dir/build.make:90: CMakeFiles/irobot_create_ignition_sensors_lib.dir/src/sensors/bumper.cpp.o] Interrupt
[137.139s] gmake[2]: *** [CMakeFiles/irobot_create_ignition_sensors_lib.dir/build.make:104: CMakeFiles/irobot_create_ignition_sensors_lib.dir/src/sensors/cliff.cpp.o] Interrupt
[137.197s] gmake[2]: *** [CMakeFiles/irobot_create_ignition_sensors_lib.dir/build.make:146: CMakeFiles/irobot_create_ignition_sensors_lib.dir/src/sensors/mouse.cpp.o] Interrupt
[137.198s] gmake[2]: *** [CMakeFiles/irobot_create_ignition_sensors_lib.dir/build.make:132: CMakeFiles/irobot_create_ignition_sensors_lib.dir/src/sensors/ir_opcode.cpp.o] Interrupt
[137.198s] gmake[1]: *** [CMakeFiles/Makefile2:173: CMakeFiles/irobot_create_ignition_sensors_lib.dir/all] Interrupt
[137.203s] gmake[2]: *** [CMakeFiles/irobot_create_ignition_interface_buttons_lib.dir/build.make:76: CMakeFiles/irobot_create_ignition_interface_buttons_lib.dir/src/interface_buttons/interface_buttons_node.cpp.o] Interrupt
[137.212s] gmake[2]: *** [CMakeFiles/irobot_create_ignition_pose_republisher_lib.dir/build.make:76: CMakeFiles/irobot_create_ignition_pose_republisher_lib.dir/src/pose_republisher/pose_republisher_node.cpp.o] Interrupt
[137.213s] gmake[1]: *** [CMakeFiles/Makefile2:199: CMakeFiles/irobot_create_ignition_interface_buttons_lib.dir/all] Interrupt
[137.219s] gmake[1]: *** [CMakeFiles/Makefile2:147: CMakeFiles/irobot_create_ignition_pose_republisher_lib.dir/all] Interrupt
[137.220s] gmake: *** [Makefile:146: all] Interrupt
[137.561s] Invoked command in '/home/viktordg/Create3/build/irobot_create_ignition_toolbox' returned '-2': AMENT_PREFIX_PATH=/home/viktordg/Create3/install/irobot_create_toolbox:${AMENT_PREFIX_PATH} CMAKE_PREFIX_PATH=/home/viktordg/Create3/install/irobot_create_toolbox:/opt/ros/humble LD_LIBRARY_PATH=/home/viktordg/Create3/install/irobot_create_toolbox/lib:${LD_LIBRARY_PATH} /usr/bin/cmake --build /home/viktordg/Create3/build/irobot_create_ignition_toolbox -- -j8 -l8
