[0.132s] Invoking command in '/home/viktordg/Create3/build/irobot_create_gazebo_plugins': AMENT_PREFIX_PATH=/home/viktordg/Create3/install/irobot_create_toolbox:${AMENT_PREFIX_PATH} CMAKE_PREFIX_PATH=/home/viktordg/Create3/install/irobot_create_toolbox:/opt/ros/humble LD_LIBRARY_PATH=/home/viktordg/Create3/install/irobot_create_toolbox/lib:${LD_LIBRARY_PATH} /usr/bin/cmake /home/viktordg/Create3/src/create3_sim/irobot_create_gazebo/irobot_create_gazebo_plugins -DAMENT_CMAKE_SYMLINK_INSTALL=1 -DCMAKE_INSTALL_PREFIX=/home/viktordg/Create3/install/irobot_create_gazebo_plugins
[0.473s] -- The C compiler identification is GNU 11.4.0
[1.536s] -- The CXX compiler identification is GNU 11.4.0
[2.576s] -- Detecting C compiler ABI info
[2.927s] -- Detecting C compiler ABI info - done
[2.945s] -- Check for working C compiler: /usr/bin/cc - skipped
[2.946s] -- Detecting C compile features
[2.947s] -- Detecting C compile features - done
[2.954s] -- Detecting CXX compiler ABI info
[3.285s] -- Detecting CXX compiler ABI info - done
[3.306s] -- Check for working CXX compiler: /usr/bin/c++ - skipped
[3.307s] -- Detecting CXX compile features
[3.308s] -- Detecting CXX compile features - done
[3.320s] -- Found ament_cmake: 1.3.10 (/opt/ros/humble/share/ament_cmake/cmake)
[3.650s] -- Found Python3: /usr/bin/python3 (found version "3.10.12") found components: Interpreter 
[3.894s] -- Override CMake install command with custom implementation using symlinks instead of copying resources
[3.966s] -- Found geometry_msgs: 4.2.4 (/opt/ros/humble/share/geometry_msgs/cmake)
[4.393s] -- Found rosidl_generator_c: 3.1.5 (/opt/ros/humble/share/rosidl_generator_c/cmake)
[4.411s] -- Found rosidl_adapter: 3.1.5 (/opt/ros/humble/share/rosidl_adapter/cmake)
[4.440s] -- Found rosidl_generator_cpp: 3.1.5 (/opt/ros/humble/share/rosidl_generator_cpp/cmake)
[4.484s] -- Using all available rosidl_typesupport_c: rosidl_typesupport_fastrtps_c;rosidl_typesupport_introspection_c
[4.524s] -- Using all available rosidl_typesupport_cpp: rosidl_typesupport_fastrtps_cpp;rosidl_typesupport_introspection_cpp
[4.621s] -- Found irobot_create_msgs: 2.1.0 (/opt/ros/humble/share/irobot_create_msgs/cmake)
[4.730s] -- Found irobot_create_toolbox: 2.1.0 (/home/viktordg/Create3/install/irobot_create_toolbox/share/irobot_create_toolbox/cmake)
[4.838s] -- Found rmw_implementation_cmake: 6.1.2 (/opt/ros/humble/share/rmw_implementation_cmake/cmake)
[4.843s] -- Found rmw_fastrtps_cpp: 6.2.7 (/opt/ros/humble/share/rmw_fastrtps_cpp/cmake)
[6.488s] -- Found OpenSSL: /usr/lib/x86_64-linux-gnu/libcrypto.so (found version "3.0.2")  
[11.191s] -- Found FastRTPS: /opt/ros/humble/include  
[19.163s] -- Using RMW implementation 'rmw_fastrtps_cpp' as default
[19.196s] -- Looking for pthread.h
[20.125s] -- Looking for pthread.h - found
[20.126s] -- Performing Test CMAKE_HAVE_LIBC_PTHREAD
[20.726s] -- Performing Test CMAKE_HAVE_LIBC_PTHREAD - Success
[20.730s] -- Found Threads: TRUE  
[20.909s] -- Found sensor_msgs: 4.2.4 (/opt/ros/humble/share/sensor_msgs/cmake)
[21.024s] -- Found PkgConfig: /usr/bin/pkg-config (found version "0.29.2") 
[21.032s] -- Checking for module 'bullet>=2.82'
[21.075s] --   Found bullet, version 3.05
[21.746s] -- Found fcl: /usr/include (found suitable version "0.7.0", minimum required is "0.5.0") 
[22.058s] -- Found assimp: /usr/include (found version "5.2.0") 
[22.291s] -- Found DART: /usr/include (Required is at least version "6.6") found components: dart 
[22.490s] -- Found Boost: /usr/lib/x86_64-linux-gnu/cmake/Boost-1.74.0/BoostConfig.cmake (found suitable version "1.74.0", minimum required is "1.40.0") found components: thread system filesystem program_options regex iostreams date_time 
[25.080s] -- Found Protobuf: /usr/lib/x86_64-linux-gnu/libprotobuf.so (found version "3.12.4") 
[25.092s] -- Looking for ignition-math6 -- found version 6.15.1
[25.098s] -- Looking for OGRE...
[25.100s] -- OGRE_PREFIX_WATCH changed.
[25.116s] -- Checking for module 'OGRE'
[25.144s] --   Found OGRE, version 1.9.0
[25.235s] -- Found Ogre Ghadamon (1.9.0)
[26.754s] -- Found OGRE: optimized;/usr/lib/x86_64-linux-gnu/libOgreMain.so;debug;/usr/lib/x86_64-linux-gnu/libOgreMain.so
[26.814s] -- Looking for OGRE_Paging...
[28.611s] -- Found OGRE_Paging: optimized;/usr/lib/x86_64-linux-gnu/libOgrePaging.so;debug;/usr/lib/x86_64-linux-gnu/libOgrePaging.so
[28.611s] -- Looking for OGRE_Terrain...
[29.813s] -- Found OGRE_Terrain: optimized;/usr/lib/x86_64-linux-gnu/libOgreTerrain.so;debug;/usr/lib/x86_64-linux-gnu/libOgreTerrain.so
[29.813s] -- Looking for OGRE_Property...
[31.300s] -- Found OGRE_Property: optimized;/usr/lib/x86_64-linux-gnu/libOgreProperty.so;debug;/usr/lib/x86_64-linux-gnu/libOgreProperty.so
[31.300s] -- Looking for OGRE_RTShaderSystem...
[32.443s] -- Found OGRE_RTShaderSystem: optimized;/usr/lib/x86_64-linux-gnu/libOgreRTShaderSystem.so;debug;/usr/lib/x86_64-linux-gnu/libOgreRTShaderSystem.so
[32.443s] -- Looking for OGRE_Volume...
[33.464s] -- Found OGRE_Volume: optimized;/usr/lib/x86_64-linux-gnu/libOgreVolume.so;debug;/usr/lib/x86_64-linux-gnu/libOgreVolume.so
[33.464s] -- Looking for OGRE_Overlay...
[34.669s] -- Found OGRE_Overlay: optimized;/usr/lib/x86_64-linux-gnu/libOgreOverlay.so;debug;/usr/lib/x86_64-linux-gnu/libOgreOverlay.so
[107.037s] -- Looking for ignition-math6 -- found version 6.15.1
[107.048s] -- Looking for ignition-transport8 -- found version 8.2.1
[107.050s] -- Searching for dependencies of ignition-transport8
[111.362s] -- Found Protobuf: /usr/lib/x86_64-linux-gnu/libprotobuf.so (found suitable version "3.12.4", minimum required is "3") 
[115.115s] -- Config-file not installed for ZeroMQ -- checking for pkg-config
[115.143s] -- Checking for module 'libzmq >= 4'
[115.200s] --   Found libzmq , version 4.3.4
[115.314s] -- Found ZeroMQ: TRUE (Required is at least version "4") 
[115.455s] -- Checking for module 'uuid'
[115.486s] --   Found uuid, version 2.37.2
[115.558s] -- Found UUID: TRUE  
[115.567s] -- Looking for ignition-msgs5 -- found version 5.8.1
[115.569s] -- Searching for dependencies of ignition-msgs5
[119.273s] -- Looking for ignition-math6 -- found version 6.15.1
[119.287s] -- Checking for module 'tinyxml2'
[119.316s] --   Found tinyxml2, version 9.0.0
[119.396s] -- Looking for ignition-msgs5 -- found version 5.8.1
[119.404s] -- Looking for ignition-common3 -- found version 3.14.0
[119.405s] -- Searching for dependencies of ignition-common3
[119.502s] -- Looking for dlfcn.h - found
[119.607s] -- Looking for libdl - found
[119.611s] -- Found DL: TRUE  
[119.861s] -- Found tinyobjloader: /usr/lib/x86_64-linux-gnu/cmake/tinyobjloader/tinyobjloader-config.cmake (found version "2.0.0") 
[119.865s] -- Searching for <ignition-common3> component [graphics]
[119.872s] -- Looking for ignition-common3-graphics -- found version 3.14.0
[119.874s] -- Searching for dependencies of ignition-common3-graphics
[119.875s] -- Looking for ignition-math6 -- found version 6.15.1
[119.887s] -- Looking for ignition-fuel_tools4 -- found version 4.4.0
[119.890s] -- Searching for dependencies of ignition-fuel_tools4
[124.502s] -- Found CURL: /usr/lib/x86_64-linux-gnu/libcurl.so (found version "7.81.0")  
[124.521s] -- Checking for module 'jsoncpp'
[124.552s] --   Found jsoncpp, version 1.9.5
[124.622s] -- Found JSONCPP: TRUE  
[124.634s] -- Checking for module 'libzip'
[124.664s] --   Found libzip, version 1.7.3
[124.736s] -- Found ZIP: TRUE  
[124.738s] -- Looking for ignition-common3 -- found version 3.14.0
[124.739s] -- Looking for ignition-math6 -- found version 6.15.1
[124.740s] -- Looking for ignition-msgs5 -- found version 5.8.1
[124.761s] -- Gazebo version: 11.10
[124.762s] -- Checking for module 'tbb'
[124.787s] --   Found tbb, version 2021.5.0
[125.010s] -- Found ament_lint_auto: 0.12.11 (/opt/ros/humble/share/ament_lint_auto/cmake)
[125.220s] -- Added test 'cppcheck' to perform static code analysis on C / C++ code
[125.224s] -- Configured cppcheck include dirs: /home/viktordg/Create3/src/create3_sim/irobot_create_gazebo/irobot_create_gazebo_plugins/include
[125.225s] -- Configured cppcheck exclude dirs and/or files: 
[125.227s] -- Added test 'cpplint' to check C / C++ code against the Google style
[125.228s] -- Configured cpplint exclude dirs and/or files: 
[125.230s] -- Added test 'lint_cmake' to check CMake code style
[125.234s] -- Added test 'uncrustify' to check C / C++ code style
[125.234s] -- Configured uncrustify additional arguments: 
[125.236s] -- Added test 'xmllint' to check XML markup files
[125.245s] -- Configuring done
[125.790s] -- Generating done
[125.804s] -- Build files have been written to: /home/viktordg/Create3/build/irobot_create_gazebo_plugins
[125.882s] Invoked command in '/home/viktordg/Create3/build/irobot_create_gazebo_plugins' returned '0': AMENT_PREFIX_PATH=/home/viktordg/Create3/install/irobot_create_toolbox:${AMENT_PREFIX_PATH} CMAKE_PREFIX_PATH=/home/viktordg/Create3/install/irobot_create_toolbox:/opt/ros/humble LD_LIBRARY_PATH=/home/viktordg/Create3/install/irobot_create_toolbox/lib:${LD_LIBRARY_PATH} /usr/bin/cmake /home/viktordg/Create3/src/create3_sim/irobot_create_gazebo/irobot_create_gazebo_plugins -DAMENT_CMAKE_SYMLINK_INSTALL=1 -DCMAKE_INSTALL_PREFIX=/home/viktordg/Create3/install/irobot_create_gazebo_plugins
[125.883s] Invoking command in '/home/viktordg/Create3/build/irobot_create_gazebo_plugins': AMENT_PREFIX_PATH=/home/viktordg/Create3/install/irobot_create_toolbox:${AMENT_PREFIX_PATH} CMAKE_PREFIX_PATH=/home/viktordg/Create3/install/irobot_create_toolbox:/opt/ros/humble LD_LIBRARY_PATH=/home/viktordg/Create3/install/irobot_create_toolbox/lib:${LD_LIBRARY_PATH} /usr/bin/cmake --build /home/viktordg/Create3/build/irobot_create_gazebo_plugins -- -j8 -l8
[126.010s] [  5%] [32mBuilding CXX object CMakeFiles/gazebo_ros_create_helpers.dir/src/gazebo_ros_helpers.cpp.o[0m
[143.276s] [ 10%] [32m[1mLinking CXX shared library libgazebo_ros_create_helpers.so[0m
[144.692s] [ 10%] Built target gazebo_ros_create_helpers
[144.826s] [ 15%] [32mBuilding CXX object CMakeFiles/gazebo_ros_create_cliff_sensor.dir/src/gazebo_ros_cliff_sensor.cpp.o[0m
[144.854s] [ 20%] [32mBuilding CXX object CMakeFiles/gazebo_ros_create_bumper.dir/src/gazebo_ros_bumper.cpp.o[0m
[144.887s] [ 25%] [32mBuilding CXX object CMakeFiles/gazebo_ros_create_docking_status.dir/src/gazebo_ros_docking_status.cpp.o[0m
[144.909s] [ 30%] [32mBuilding CXX object CMakeFiles/gazebo_ros_create_imu.dir/src/gazebo_ros_imu.cpp.o[0m
[144.946s] [ 35%] [32mBuilding CXX object CMakeFiles/gazebo_ros_create_ir_intensity_sensor.dir/src/gazebo_ros_ir_intensity_sensor.cpp.o[0m
[145.015s] [ 40%] [32mBuilding CXX object CMakeFiles/docking_manager.dir/src/docking_manager.cpp.o[0m
[145.026s] [ 45%] [32mBuilding CXX object CMakeFiles/gazebo_ros_create_wheel_drop.dir/src/gazebo_ros_wheel_drop.cpp.o[0m
[145.035s] [ 50%] [32mBuilding CXX object CMakeFiles/gazebo_ros_create_optical_mouse.dir/src/gazebo_ros_optical_mouse.cpp.o[0m
[278.046s] [ 55%] [32m[1mLinking CXX shared library libgazebo_ros_create_wheel_drop.so[0m
[279.611s] [ 60%] [32m[1mLinking CXX shared library libgazebo_ros_create_ir_intensity_sensor.so[0m
[282.285s] [ 60%] Built target gazebo_ros_create_wheel_drop
[283.134s] [ 60%] Built target gazebo_ros_create_ir_intensity_sensor
[290.834s] [ 65%] [32m[1mLinking CXX shared library libdocking_manager.so[0m
[293.203s] [ 65%] Built target docking_manager
[297.446s] [ 70%] [32m[1mLinking CXX shared library libgazebo_ros_create_optical_mouse.so[0m
[299.505s] [ 70%] Built target gazebo_ros_create_optical_mouse
[304.696s] [ 75%] [32m[1mLinking CXX shared library libgazebo_ros_create_imu.so[0m
[306.236s] [ 75%] Built target gazebo_ros_create_imu
[306.492s] [ 80%] [32m[1mLinking CXX shared library libgazebo_ros_create_docking_status.so[0m
[309.207s] [ 80%] Built target gazebo_ros_create_docking_status
[310.389s] [ 85%] [32m[1mLinking CXX shared library libgazebo_ros_create_cliff_sensor.so[0m
[311.813s] [ 85%] Built target gazebo_ros_create_cliff_sensor
[314.487s] [ 90%] [32m[1mLinking CXX shared library libgazebo_ros_create_bumper.so[0m
[315.918s] [ 90%] Built target gazebo_ros_create_bumper
[315.949s] [ 95%] [32mBuilding CXX object CMakeFiles/gazebo_ros_create_ir_opcode.dir/src/gazebo_ros_ir_opcode.cpp.o[0m
[338.624s] [100%] [32m[1mLinking CXX shared library libgazebo_ros_create_ir_opcode.so[0m
[339.754s] [100%] Built target gazebo_ros_create_ir_opcode
[339.842s] Invoked command in '/home/viktordg/Create3/build/irobot_create_gazebo_plugins' returned '0': AMENT_PREFIX_PATH=/home/viktordg/Create3/install/irobot_create_toolbox:${AMENT_PREFIX_PATH} CMAKE_PREFIX_PATH=/home/viktordg/Create3/install/irobot_create_toolbox:/opt/ros/humble LD_LIBRARY_PATH=/home/viktordg/Create3/install/irobot_create_toolbox/lib:${LD_LIBRARY_PATH} /usr/bin/cmake --build /home/viktordg/Create3/build/irobot_create_gazebo_plugins -- -j8 -l8
[339.906s] Invoking command in '/home/viktordg/Create3/build/irobot_create_gazebo_plugins': AMENT_PREFIX_PATH=/home/viktordg/Create3/install/irobot_create_toolbox:${AMENT_PREFIX_PATH} CMAKE_PREFIX_PATH=/home/viktordg/Create3/install/irobot_create_toolbox:/opt/ros/humble LD_LIBRARY_PATH=/home/viktordg/Create3/install/irobot_create_toolbox/lib:${LD_LIBRARY_PATH} /usr/bin/cmake --install /home/viktordg/Create3/build/irobot_create_gazebo_plugins
[339.915s] -- Install configuration: ""
[339.917s] -- Execute custom install script
[339.919s] -- Symlinking: /home/viktordg/Create3/install/irobot_create_gazebo_plugins/share/irobot_create_gazebo_plugins/environment/library_path.sh
[339.929s] -- Symlinking: /home/viktordg/Create3/install/irobot_create_gazebo_plugins/share/irobot_create_gazebo_plugins/environment/library_path.dsv
[339.940s] -- Symlinking: /home/viktordg/Create3/install/irobot_create_gazebo_plugins/include/irobot_create_gazebo_plugins/docking_manager.hpp
[339.951s] -- Symlinking: /home/viktordg/Create3/install/irobot_create_gazebo_plugins/include/irobot_create_gazebo_plugins/gazebo_ros_bumper.hpp
[339.962s] -- Symlinking: /home/viktordg/Create3/install/irobot_create_gazebo_plugins/include/irobot_create_gazebo_plugins/gazebo_ros_cliff_sensor.hpp
[339.973s] -- Symlinking: /home/viktordg/Create3/install/irobot_create_gazebo_plugins/include/irobot_create_gazebo_plugins/gazebo_ros_docking_status.hpp
[339.985s] -- Symlinking: /home/viktordg/Create3/install/irobot_create_gazebo_plugins/include/irobot_create_gazebo_plugins/gazebo_ros_helpers.hpp
[339.995s] -- Symlinking: /home/viktordg/Create3/install/irobot_create_gazebo_plugins/include/irobot_create_gazebo_plugins/gazebo_ros_imu.hpp
[340.008s] -- Symlinking: /home/viktordg/Create3/install/irobot_create_gazebo_plugins/include/irobot_create_gazebo_plugins/gazebo_ros_ir_intensity_sensor.hpp
[340.022s] -- Symlinking: /home/viktordg/Create3/install/irobot_create_gazebo_plugins/include/irobot_create_gazebo_plugins/gazebo_ros_ir_opcode.hpp
[340.036s] -- Symlinking: /home/viktordg/Create3/install/irobot_create_gazebo_plugins/include/irobot_create_gazebo_plugins/gazebo_ros_optical_mouse.hpp
[340.049s] -- Symlinking: /home/viktordg/Create3/install/irobot_create_gazebo_plugins/include/irobot_create_gazebo_plugins/gazebo_ros_wheel_drop.hpp
[340.065s] -- Symlinking: /home/viktordg/Create3/install/irobot_create_gazebo_plugins/lib/libgazebo_ros_create_bumper.so
[340.076s] -- Symlinking: /home/viktordg/Create3/install/irobot_create_gazebo_plugins/lib/libgazebo_ros_create_cliff_sensor.so
[340.088s] -- Symlinking: /home/viktordg/Create3/install/irobot_create_gazebo_plugins/lib/libgazebo_ros_create_docking_status.so
[340.099s] -- Symlinking: /home/viktordg/Create3/install/irobot_create_gazebo_plugins/lib/libgazebo_ros_create_helpers.so
[340.115s] -- Symlinking: /home/viktordg/Create3/install/irobot_create_gazebo_plugins/lib/libgazebo_ros_create_imu.so
[340.131s] -- Symlinking: /home/viktordg/Create3/install/irobot_create_gazebo_plugins/lib/libgazebo_ros_create_ir_intensity_sensor.so
[340.144s] -- Symlinking: /home/viktordg/Create3/install/irobot_create_gazebo_plugins/lib/libgazebo_ros_create_optical_mouse.so
[340.156s] -- Symlinking: /home/viktordg/Create3/install/irobot_create_gazebo_plugins/lib/libgazebo_ros_create_ir_opcode.so
[340.166s] -- Symlinking: /home/viktordg/Create3/install/irobot_create_gazebo_plugins/lib/libdocking_manager.so
[340.181s] -- Symlinking: /home/viktordg/Create3/install/irobot_create_gazebo_plugins/lib/libgazebo_ros_create_wheel_drop.so
[340.194s] -- Symlinking: /home/viktordg/Create3/install/irobot_create_gazebo_plugins/share/ament_index/resource_index/package_run_dependencies/irobot_create_gazebo_plugins
[340.208s] -- Symlinking: /home/viktordg/Create3/install/irobot_create_gazebo_plugins/share/ament_index/resource_index/parent_prefix_path/irobot_create_gazebo_plugins
[340.221s] -- Symlinking: /home/viktordg/Create3/install/irobot_create_gazebo_plugins/share/irobot_create_gazebo_plugins/environment/ament_prefix_path.sh
[340.234s] -- Symlinking: /home/viktordg/Create3/install/irobot_create_gazebo_plugins/share/irobot_create_gazebo_plugins/environment/ament_prefix_path.dsv
[340.245s] -- Symlinking: /home/viktordg/Create3/install/irobot_create_gazebo_plugins/share/irobot_create_gazebo_plugins/environment/path.sh
[340.258s] -- Symlinking: /home/viktordg/Create3/install/irobot_create_gazebo_plugins/share/irobot_create_gazebo_plugins/environment/path.dsv
[340.269s] -- Symlinking: /home/viktordg/Create3/install/irobot_create_gazebo_plugins/share/irobot_create_gazebo_plugins/local_setup.bash
[340.279s] -- Symlinking: /home/viktordg/Create3/install/irobot_create_gazebo_plugins/share/irobot_create_gazebo_plugins/local_setup.sh
[340.291s] -- Symlinking: /home/viktordg/Create3/install/irobot_create_gazebo_plugins/share/irobot_create_gazebo_plugins/local_setup.zsh
[340.307s] -- Symlinking: /home/viktordg/Create3/install/irobot_create_gazebo_plugins/share/irobot_create_gazebo_plugins/local_setup.dsv
[340.319s] -- Symlinking: /home/viktordg/Create3/install/irobot_create_gazebo_plugins/share/irobot_create_gazebo_plugins/package.dsv
[340.331s] -- Symlinking: /home/viktordg/Create3/install/irobot_create_gazebo_plugins/share/ament_index/resource_index/packages/irobot_create_gazebo_plugins
[340.345s] -- Symlinking: /home/viktordg/Create3/install/irobot_create_gazebo_plugins/share/irobot_create_gazebo_plugins/cmake/ament_cmake_export_libraries-extras.cmake
[340.357s] -- Symlinking: /home/viktordg/Create3/install/irobot_create_gazebo_plugins/share/irobot_create_gazebo_plugins/cmake/ament_cmake_export_include_directories-extras.cmake
[340.370s] -- Symlinking: /home/viktordg/Create3/install/irobot_create_gazebo_plugins/share/irobot_create_gazebo_plugins/cmake/ament_cmake_export_dependencies-extras.cmake
[340.383s] -- Symlinking: /home/viktordg/Create3/install/irobot_create_gazebo_plugins/share/irobot_create_gazebo_plugins/cmake/irobot_create_gazebo_pluginsConfig.cmake
[340.398s] -- Symlinking: /home/viktordg/Create3/install/irobot_create_gazebo_plugins/share/irobot_create_gazebo_plugins/cmake/irobot_create_gazebo_pluginsConfig-version.cmake
[340.412s] -- Symlinking: /home/viktordg/Create3/install/irobot_create_gazebo_plugins/share/irobot_create_gazebo_plugins/package.xml
[340.426s] Invoked command in '/home/viktordg/Create3/build/irobot_create_gazebo_plugins' returned '0': AMENT_PREFIX_PATH=/home/viktordg/Create3/install/irobot_create_toolbox:${AMENT_PREFIX_PATH} CMAKE_PREFIX_PATH=/home/viktordg/Create3/install/irobot_create_toolbox:/opt/ros/humble LD_LIBRARY_PATH=/home/viktordg/Create3/install/irobot_create_toolbox/lib:${LD_LIBRARY_PATH} /usr/bin/cmake --install /home/viktordg/Create3/build/irobot_create_gazebo_plugins
