[0.657s] Invoking command in '/home/viktordg/Create3/build/irobot_create_ignition_toolbox': AMENT_PREFIX_PATH=/home/viktordg/Create3/install/irobot_create_toolbox:${AMENT_PREFIX_PATH} CMAKE_PREFIX_PATH=/home/viktordg/Create3/install/irobot_create_toolbox:/opt/ros/humble LD_LIBRARY_PATH=/home/viktordg/Create3/install/irobot_create_toolbox/lib:${LD_LIBRARY_PATH} /usr/bin/cmake --build /home/viktordg/Create3/build/irobot_create_ignition_toolbox -- -j8 -l8
[0.930s] [35m[1mConsolidate compiler generated dependencies of target irobot_create_ignition_pose_republisher_lib[0m
[0.977s] [35m[1mConsolidate compiler generated dependencies of target irobot_create_ignition_sensors_lib[0m
[1.137s] [ 11%] Built target irobot_create_ignition_pose_republisher_lib
[1.280s] [35m[1mConsolidate compiler generated dependencies of target irobot_create_ignition_interface_buttons_lib[0m
[1.319s] [ 55%] Built target irobot_create_ignition_sensors_lib
[1.405s] [35m[1mConsolidate compiler generated dependencies of target pose_republisher_node[0m
[1.410s] [ 66%] Built target irobot_create_ignition_interface_buttons_lib
[1.510s] [35m[1mConsolidate compiler generated dependencies of target sensors_node[0m
[1.531s] [ 77%] Built target pose_republisher_node
[1.610s] [ 88%] Built target sensors_node
[1.615s] [35m[1mConsolidate compiler generated dependencies of target interface_buttons_node[0m
[1.748s] [100%] Built target interface_buttons_node
[1.817s] Invoked command in '/home/viktordg/Create3/build/irobot_create_ignition_toolbox' returned '0': AMENT_PREFIX_PATH=/home/viktordg/Create3/install/irobot_create_toolbox:${AMENT_PREFIX_PATH} CMAKE_PREFIX_PATH=/home/viktordg/Create3/install/irobot_create_toolbox:/opt/ros/humble LD_LIBRARY_PATH=/home/viktordg/Create3/install/irobot_create_toolbox/lib:${LD_LIBRARY_PATH} /usr/bin/cmake --build /home/viktordg/Create3/build/irobot_create_ignition_toolbox -- -j8 -l8
[2.238s] Invoking command in '/home/viktordg/Create3/build/irobot_create_ignition_toolbox': AMENT_PREFIX_PATH=/home/viktordg/Create3/install/irobot_create_toolbox:${AMENT_PREFIX_PATH} CMAKE_PREFIX_PATH=/home/viktordg/Create3/install/irobot_create_toolbox:/opt/ros/humble LD_LIBRARY_PATH=/home/viktordg/Create3/install/irobot_create_toolbox/lib:${LD_LIBRARY_PATH} /usr/bin/cmake --install /home/viktordg/Create3/build/irobot_create_ignition_toolbox
[2.275s] -- Install configuration: ""
[2.276s] -- Execute custom install script
[2.276s] -- Up-to-date symlink: /home/viktordg/Create3/install/irobot_create_ignition_toolbox/lib/libirobot_create_ignition_pose_republisher_lib.so
[2.277s] -- Up-to-date symlink: /home/viktordg/Create3/install/irobot_create_ignition_toolbox/lib/libirobot_create_ignition_sensors_lib.so
[2.280s] -- Up-to-date symlink: /home/viktordg/Create3/install/irobot_create_ignition_toolbox/lib/libirobot_create_ignition_interface_buttons_lib.so
[2.283s] -- Up-to-date symlink: /home/viktordg/Create3/install/irobot_create_ignition_toolbox/lib/irobot_create_ignition_toolbox/pose_republisher_node
[2.286s] -- Up-to-date symlink: /home/viktordg/Create3/install/irobot_create_ignition_toolbox/lib/irobot_create_ignition_toolbox/sensors_node
[2.298s] -- Up-to-date symlink: /home/viktordg/Create3/install/irobot_create_ignition_toolbox/lib/irobot_create_ignition_toolbox/interface_buttons_node
[2.302s] -- Up-to-date symlink: /home/viktordg/Create3/install/irobot_create_ignition_toolbox/include/irobot_create_ignition_toolbox/interface_buttons/interface_buttons_node.hpp
[2.303s] -- Up-to-date symlink: /home/viktordg/Create3/install/irobot_create_ignition_toolbox/include/irobot_create_ignition_toolbox/pose_republisher/pose_republisher.hpp
[2.304s] -- Up-to-date symlink: /home/viktordg/Create3/install/irobot_create_ignition_toolbox/include/irobot_create_ignition_toolbox/sensors/bumper.hpp
[2.306s] -- Up-to-date symlink: /home/viktordg/Create3/install/irobot_create_ignition_toolbox/include/irobot_create_ignition_toolbox/sensors/cliff.hpp
[2.309s] -- Up-to-date symlink: /home/viktordg/Create3/install/irobot_create_ignition_toolbox/include/irobot_create_ignition_toolbox/sensors/ir_intensity.hpp
[2.313s] -- Up-to-date symlink: /home/viktordg/Create3/install/irobot_create_ignition_toolbox/include/irobot_create_ignition_toolbox/sensors/ir_opcode.hpp
[2.317s] -- Up-to-date symlink: /home/viktordg/Create3/install/irobot_create_ignition_toolbox/include/irobot_create_ignition_toolbox/sensors/mouse.hpp
[2.318s] -- Up-to-date symlink: /home/viktordg/Create3/install/irobot_create_ignition_toolbox/include/irobot_create_ignition_toolbox/sensors/sensors_node.hpp
[2.319s] -- Up-to-date symlink: /home/viktordg/Create3/install/irobot_create_ignition_toolbox/include/irobot_create_ignition_toolbox/sensors/wheel_drop.hpp
[2.321s] -- Up-to-date symlink: /home/viktordg/Create3/install/irobot_create_ignition_toolbox/include/irobot_create_ignition_toolbox/utils.hpp
[2.322s] -- Up-to-date symlink: /home/viktordg/Create3/install/irobot_create_ignition_toolbox/share/irobot_create_ignition_toolbox/environment/library_path.sh
[2.324s] -- Up-to-date symlink: /home/viktordg/Create3/install/irobot_create_ignition_toolbox/share/irobot_create_ignition_toolbox/environment/library_path.dsv
[2.325s] -- Up-to-date symlink: /home/viktordg/Create3/install/irobot_create_ignition_toolbox/share/ament_index/resource_index/package_run_dependencies/irobot_create_ignition_toolbox
[2.328s] -- Up-to-date symlink: /home/viktordg/Create3/install/irobot_create_ignition_toolbox/share/ament_index/resource_index/parent_prefix_path/irobot_create_ignition_toolbox
[2.332s] -- Up-to-date symlink: /home/viktordg/Create3/install/irobot_create_ignition_toolbox/share/irobot_create_ignition_toolbox/environment/ament_prefix_path.sh
[2.337s] -- Up-to-date symlink: /home/viktordg/Create3/install/irobot_create_ignition_toolbox/share/irobot_create_ignition_toolbox/environment/ament_prefix_path.dsv
[2.339s] -- Up-to-date symlink: /home/viktordg/Create3/install/irobot_create_ignition_toolbox/share/irobot_create_ignition_toolbox/environment/path.sh
[2.341s] -- Up-to-date symlink: /home/viktordg/Create3/install/irobot_create_ignition_toolbox/share/irobot_create_ignition_toolbox/environment/path.dsv
[2.343s] -- Up-to-date symlink: /home/viktordg/Create3/install/irobot_create_ignition_toolbox/share/irobot_create_ignition_toolbox/local_setup.bash
[2.347s] -- Up-to-date symlink: /home/viktordg/Create3/install/irobot_create_ignition_toolbox/share/irobot_create_ignition_toolbox/local_setup.sh
[2.352s] -- Up-to-date symlink: /home/viktordg/Create3/install/irobot_create_ignition_toolbox/share/irobot_create_ignition_toolbox/local_setup.zsh
[2.355s] -- Up-to-date symlink: /home/viktordg/Create3/install/irobot_create_ignition_toolbox/share/irobot_create_ignition_toolbox/local_setup.dsv
[2.356s] -- Symlinking: /home/viktordg/Create3/install/irobot_create_ignition_toolbox/share/irobot_create_ignition_toolbox/package.dsv
[2.411s] -- Up-to-date symlink: /home/viktordg/Create3/install/irobot_create_ignition_toolbox/share/ament_index/resource_index/packages/irobot_create_ignition_toolbox
[2.414s] -- Up-to-date symlink: /home/viktordg/Create3/install/irobot_create_ignition_toolbox/share/irobot_create_ignition_toolbox/cmake/ament_cmake_export_include_directories-extras.cmake
[2.414s] -- Up-to-date symlink: /home/viktordg/Create3/install/irobot_create_ignition_toolbox/share/irobot_create_ignition_toolbox/cmake/ament_cmake_export_libraries-extras.cmake
[2.415s] -- Up-to-date symlink: /home/viktordg/Create3/install/irobot_create_ignition_toolbox/share/irobot_create_ignition_toolbox/cmake/ament_cmake_export_dependencies-extras.cmake
[2.415s] -- Up-to-date symlink: /home/viktordg/Create3/install/irobot_create_ignition_toolbox/share/irobot_create_ignition_toolbox/cmake/irobot_create_ignition_toolboxConfig.cmake
[2.417s] -- Up-to-date symlink: /home/viktordg/Create3/install/irobot_create_ignition_toolbox/share/irobot_create_ignition_toolbox/cmake/irobot_create_ignition_toolboxConfig-version.cmake
[2.418s] -- Up-to-date symlink: /home/viktordg/Create3/install/irobot_create_ignition_toolbox/share/irobot_create_ignition_toolbox/package.xml
[2.434s] Invoked command in '/home/viktordg/Create3/build/irobot_create_ignition_toolbox' returned '0': AMENT_PREFIX_PATH=/home/viktordg/Create3/install/irobot_create_toolbox:${AMENT_PREFIX_PATH} CMAKE_PREFIX_PATH=/home/viktordg/Create3/install/irobot_create_toolbox:/opt/ros/humble LD_LIBRARY_PATH=/home/viktordg/Create3/install/irobot_create_toolbox/lib:${LD_LIBRARY_PATH} /usr/bin/cmake --install /home/viktordg/Create3/build/irobot_create_ignition_toolbox
