[0.040s] Invoking command in '/home/viktordg/Create3/build/irobot_create_toolbox': CMAKE_PREFIX_PATH=/opt/ros/humble /usr/bin/cmake /home/viktordg/Create3/src/create3_sim/irobot_create_common/irobot_create_toolbox -DAMENT_CMAKE_SYMLINK_INSTALL=1 -DCMAKE_INSTALL_PREFIX=/home/viktordg/Create3/install/irobot_create_toolbox
[0.166s] -- Found ament_cmake: 1.3.10 (/opt/ros/humble/share/ament_cmake/cmake)
[0.489s] -- Override CMake install command with custom implementation using symlinks instead of copying resources
[0.556s] -- Looking for ignition-math6 -- found version 6.15.1
[0.577s] -- Searching for dependencies of ignition-math6
[0.582s] -- Found rclcpp: 16.0.10 (/opt/ros/humble/share/rclcpp/cmake)
[1.094s] -- Found rosidl_generator_c: 3.1.5 (/opt/ros/humble/share/rosidl_generator_c/cmake)
[1.107s] -- Found rosidl_adapter: 3.1.5 (/opt/ros/humble/share/rosidl_adapter/cmake)
[1.136s] -- Found rosidl_generator_cpp: 3.1.5 (/opt/ros/humble/share/rosidl_generator_cpp/cmake)
[1.184s] -- Using all available rosidl_typesupport_c: rosidl_typesupport_fastrtps_c;rosidl_typesupport_introspection_c
[1.238s] -- Using all available rosidl_typesupport_cpp: rosidl_typesupport_fastrtps_cpp;rosidl_typesupport_introspection_cpp
[1.375s] -- Found rmw_implementation_cmake: 6.1.2 (/opt/ros/humble/share/rmw_implementation_cmake/cmake)
[1.382s] -- Found rmw_fastrtps_cpp: 6.2.7 (/opt/ros/humble/share/rmw_fastrtps_cpp/cmake)
[12.555s] -- Using RMW implementation 'rmw_fastrtps_cpp' as default
[12.701s] -- Found ament_lint_auto: 0.12.11 (/opt/ros/humble/share/ament_lint_auto/cmake)
[12.841s] -- Added test 'cppcheck' to perform static code analysis on C / C++ code
[12.841s] -- Configured cppcheck include dirs: /home/viktordg/Create3/src/create3_sim/irobot_create_common/irobot_create_toolbox/include
[12.841s] -- Configured cppcheck exclude dirs and/or files: 
[12.843s] -- Added test 'cpplint' to check C / C++ code against the Google style
[12.843s] -- Configured cpplint exclude dirs and/or files: 
[12.844s] -- Added test 'lint_cmake' to check CMake code style
[12.846s] -- Added test 'uncrustify' to check C / C++ code style
[12.846s] -- Configured uncrustify additional arguments: 
[12.847s] -- Added test 'xmllint' to check XML markup files
[12.853s] -- Configuring done
[12.881s] -- Generating done
[12.885s] -- Build files have been written to: /home/viktordg/Create3/build/irobot_create_toolbox
[12.902s] Invoked command in '/home/viktordg/Create3/build/irobot_create_toolbox' returned '0': CMAKE_PREFIX_PATH=/opt/ros/humble /usr/bin/cmake /home/viktordg/Create3/src/create3_sim/irobot_create_common/irobot_create_toolbox -DAMENT_CMAKE_SYMLINK_INSTALL=1 -DCMAKE_INSTALL_PREFIX=/home/viktordg/Create3/install/irobot_create_toolbox
[12.904s] Invoking command in '/home/viktordg/Create3/build/irobot_create_toolbox': CMAKE_PREFIX_PATH=/opt/ros/humble /usr/bin/cmake --build /home/viktordg/Create3/build/irobot_create_toolbox -- -j8 -l8
[12.965s] [35m[1mConsolidate compiler generated dependencies of target irobot_create_toolbox[0m
[13.013s] [ 50%] [32m[1mLinking CXX shared library libirobot_create_toolbox.so[0m
[13.474s] [100%] Built target irobot_create_toolbox
[13.489s] Invoked command in '/home/viktordg/Create3/build/irobot_create_toolbox' returned '0': CMAKE_PREFIX_PATH=/opt/ros/humble /usr/bin/cmake --build /home/viktordg/Create3/build/irobot_create_toolbox -- -j8 -l8
[13.521s] Invoking command in '/home/viktordg/Create3/build/irobot_create_toolbox': CMAKE_PREFIX_PATH=/opt/ros/humble /usr/bin/cmake --install /home/viktordg/Create3/build/irobot_create_toolbox
[13.530s] -- Install configuration: ""
[13.531s] -- Execute custom install script
[13.531s] -- Symlinking: /home/viktordg/Create3/install/irobot_create_toolbox/lib/libirobot_create_toolbox.so
[13.544s] -- Symlinking: /home/viktordg/Create3/install/irobot_create_toolbox/include/irobot_create_toolbox/math.hpp
[13.557s] -- Symlinking: /home/viktordg/Create3/install/irobot_create_toolbox/include/irobot_create_toolbox/polar_coordinates.hpp
[13.572s] -- Symlinking: /home/viktordg/Create3/install/irobot_create_toolbox/include/irobot_create_toolbox/sensors/bumpers.hpp
[13.584s] -- Symlinking: /home/viktordg/Create3/install/irobot_create_toolbox/share/irobot_create_toolbox/environment/library_path.sh
[13.595s] -- Symlinking: /home/viktordg/Create3/install/irobot_create_toolbox/share/irobot_create_toolbox/environment/library_path.dsv
[13.606s] -- Symlinking: /home/viktordg/Create3/install/irobot_create_toolbox/share/ament_index/resource_index/package_run_dependencies/irobot_create_toolbox
[13.617s] -- Symlinking: /home/viktordg/Create3/install/irobot_create_toolbox/share/ament_index/resource_index/parent_prefix_path/irobot_create_toolbox
[13.628s] -- Symlinking: /home/viktordg/Create3/install/irobot_create_toolbox/share/irobot_create_toolbox/environment/ament_prefix_path.sh
[13.639s] -- Symlinking: /home/viktordg/Create3/install/irobot_create_toolbox/share/irobot_create_toolbox/environment/ament_prefix_path.dsv
[13.650s] -- Symlinking: /home/viktordg/Create3/install/irobot_create_toolbox/share/irobot_create_toolbox/environment/path.sh
[13.661s] -- Symlinking: /home/viktordg/Create3/install/irobot_create_toolbox/share/irobot_create_toolbox/environment/path.dsv
[13.674s] -- Symlinking: /home/viktordg/Create3/install/irobot_create_toolbox/share/irobot_create_toolbox/local_setup.bash
[13.685s] -- Symlinking: /home/viktordg/Create3/install/irobot_create_toolbox/share/irobot_create_toolbox/local_setup.sh
[13.697s] -- Symlinking: /home/viktordg/Create3/install/irobot_create_toolbox/share/irobot_create_toolbox/local_setup.zsh
[13.709s] -- Symlinking: /home/viktordg/Create3/install/irobot_create_toolbox/share/irobot_create_toolbox/local_setup.dsv
[13.719s] -- Symlinking: /home/viktordg/Create3/install/irobot_create_toolbox/share/irobot_create_toolbox/package.dsv
[13.730s] -- Symlinking: /home/viktordg/Create3/install/irobot_create_toolbox/share/ament_index/resource_index/packages/irobot_create_toolbox
[13.741s] -- Symlinking: /home/viktordg/Create3/install/irobot_create_toolbox/share/irobot_create_toolbox/cmake/ament_cmake_export_include_directories-extras.cmake
[13.753s] -- Symlinking: /home/viktordg/Create3/install/irobot_create_toolbox/share/irobot_create_toolbox/cmake/ament_cmake_export_libraries-extras.cmake
[13.766s] -- Symlinking: /home/viktordg/Create3/install/irobot_create_toolbox/share/irobot_create_toolbox/cmake/ament_cmake_export_dependencies-extras.cmake
[13.779s] -- Symlinking: /home/viktordg/Create3/install/irobot_create_toolbox/share/irobot_create_toolbox/cmake/irobot_create_toolboxConfig.cmake
[13.791s] -- Symlinking: /home/viktordg/Create3/install/irobot_create_toolbox/share/irobot_create_toolbox/cmake/irobot_create_toolboxConfig-version.cmake
[13.804s] -- Symlinking: /home/viktordg/Create3/install/irobot_create_toolbox/share/irobot_create_toolbox/package.xml
[13.817s] Invoked command in '/home/viktordg/Create3/build/irobot_create_toolbox' returned '0': CMAKE_PREFIX_PATH=/opt/ros/humble /usr/bin/cmake --install /home/viktordg/Create3/build/irobot_create_toolbox
