[0.314s] DEBUG:colcon:Command line arguments: ['/usr/bin/colcon', 'build']
[0.314s] DEBUG:colcon:Parsed command line arguments: Namespace(log_base=None, log_level=None, verb_name='build', build_base='build', install_base='install', merge_install=False, symlink_install=False, test_result_base=None, continue_on_error=False, executor='parallel', parallel_workers=8, event_handlers=None, ignore_user_meta=False, metas=['./colcon.meta'], base_paths=['.'], packages_ignore=None, packages_ignore_regex=None, paths=None, packages_up_to=None, packages_up_to_regex=None, packages_above=None, packages_above_and_dependencies=None, packages_above_depth=None, packages_select_by_dep=None, packages_skip_by_dep=None, packages_skip_up_to=None, packages_select_build_failed=False, packages_skip_build_finished=False, packages_select_test_failures=False, packages_skip_test_passed=False, packages_select=None, packages_skip=None, packages_select_regex=None, packages_skip_regex=None, packages_start=None, packages_end=None, allow_overriding=[], cmake_args=None, cmake_target=None, cmake_target_skip_unavailable=False, cmake_clean_cache=False, cmake_clean_first=False, cmake_force_configure=False, ament_cmake_args=None, catkin_cmake_args=None, catkin_skip_building_tests=False, verb_parser=<colcon_defaults.argument_parser.defaults.DefaultArgumentsDecorator object at 0x7f1c0a17c4f0>, verb_extension=<colcon_core.verb.build.BuildVerb object at 0x7f1c0a13bf40>, main=<bound method BuildVerb.main of <colcon_core.verb.build.BuildVerb object at 0x7f1c0a13bf40>>)
[0.580s] Level 1:colcon.colcon_core.package_discovery:discover_packages(colcon_meta) check parameters
[0.580s] Level 1:colcon.colcon_core.package_discovery:discover_packages(recursive) check parameters
[0.580s] Level 1:colcon.colcon_core.package_discovery:discover_packages(ignore) check parameters
[0.580s] Level 1:colcon.colcon_core.package_discovery:discover_packages(path) check parameters
[0.580s] Level 1:colcon.colcon_core.package_discovery:discover_packages(colcon_meta) discover
[0.580s] Level 1:colcon.colcon_core.package_discovery:discover_packages(recursive) discover
[0.580s] INFO:colcon.colcon_core.package_discovery:Crawling recursively for packages in '/home/viktordg/Create3'
[0.580s] Level 1:colcon.colcon_core.package_identification:_identify(.) by extensions ['ignore', 'ignore_ament_install']
[0.581s] Level 1:colcon.colcon_core.package_identification:_identify(.) by extension 'ignore'
[0.581s] Level 1:colcon.colcon_core.package_identification:_identify(.) by extension 'ignore_ament_install'
[0.581s] Level 1:colcon.colcon_core.package_identification:_identify(.) by extensions ['colcon_pkg']
[0.581s] Level 1:colcon.colcon_core.package_identification:_identify(.) by extension 'colcon_pkg'
[0.581s] Level 1:colcon.colcon_core.package_identification:_identify(.) by extensions ['colcon_meta']
[0.581s] Level 1:colcon.colcon_core.package_identification:_identify(.) by extension 'colcon_meta'
[0.581s] Level 1:colcon.colcon_core.package_identification:_identify(.) by extensions ['ros']
[0.581s] Level 1:colcon.colcon_core.package_identification:_identify(.) by extension 'ros'
[0.596s] Level 1:colcon.colcon_core.package_identification:_identify(.) by extensions ['cmake', 'python']
[0.596s] Level 1:colcon.colcon_core.package_identification:_identify(.) by extension 'cmake'
[0.596s] Level 1:colcon.colcon_core.package_identification:_identify(.) by extension 'python'
[0.596s] Level 1:colcon.colcon_core.package_identification:_identify(.) by extensions ['python_setup_py']
[0.596s] Level 1:colcon.colcon_core.package_identification:_identify(.) by extension 'python_setup_py'
[0.596s] Level 1:colcon.colcon_core.package_identification:_identify(build) by extensions ['ignore', 'ignore_ament_install']
[0.596s] Level 1:colcon.colcon_core.package_identification:_identify(build) by extension 'ignore'
[0.596s] Level 1:colcon.colcon_core.package_identification:_identify(build) ignored
[0.597s] Level 1:colcon.colcon_core.package_identification:_identify(config) by extensions ['ignore', 'ignore_ament_install']
[0.597s] Level 1:colcon.colcon_core.package_identification:_identify(config) by extension 'ignore'
[0.597s] Level 1:colcon.colcon_core.package_identification:_identify(config) by extension 'ignore_ament_install'
[0.597s] Level 1:colcon.colcon_core.package_identification:_identify(config) by extensions ['colcon_pkg']
[0.597s] Level 1:colcon.colcon_core.package_identification:_identify(config) by extension 'colcon_pkg'
[0.597s] Level 1:colcon.colcon_core.package_identification:_identify(config) by extensions ['colcon_meta']
[0.597s] Level 1:colcon.colcon_core.package_identification:_identify(config) by extension 'colcon_meta'
[0.597s] Level 1:colcon.colcon_core.package_identification:_identify(config) by extensions ['ros']
[0.597s] Level 1:colcon.colcon_core.package_identification:_identify(config) by extension 'ros'
[0.597s] Level 1:colcon.colcon_core.package_identification:_identify(config) by extensions ['cmake', 'python']
[0.597s] Level 1:colcon.colcon_core.package_identification:_identify(config) by extension 'cmake'
[0.597s] Level 1:colcon.colcon_core.package_identification:_identify(config) by extension 'python'
[0.597s] Level 1:colcon.colcon_core.package_identification:_identify(config) by extensions ['python_setup_py']
[0.597s] Level 1:colcon.colcon_core.package_identification:_identify(config) by extension 'python_setup_py'
[0.598s] Level 1:colcon.colcon_core.package_identification:_identify(install) by extensions ['ignore', 'ignore_ament_install']
[0.598s] Level 1:colcon.colcon_core.package_identification:_identify(install) by extension 'ignore'
[0.598s] Level 1:colcon.colcon_core.package_identification:_identify(install) ignored
[0.598s] Level 1:colcon.colcon_core.package_identification:_identify(log) by extensions ['ignore', 'ignore_ament_install']
[0.598s] Level 1:colcon.colcon_core.package_identification:_identify(log) by extension 'ignore'
[0.598s] Level 1:colcon.colcon_core.package_identification:_identify(log) ignored
[0.598s] Level 1:colcon.colcon_core.package_identification:_identify(src) by extensions ['ignore', 'ignore_ament_install']
[0.598s] Level 1:colcon.colcon_core.package_identification:_identify(src) by extension 'ignore'
[0.598s] Level 1:colcon.colcon_core.package_identification:_identify(src) by extension 'ignore_ament_install'
[0.598s] Level 1:colcon.colcon_core.package_identification:_identify(src) by extensions ['colcon_pkg']
[0.598s] Level 1:colcon.colcon_core.package_identification:_identify(src) by extension 'colcon_pkg'
[0.599s] Level 1:colcon.colcon_core.package_identification:_identify(src) by extensions ['colcon_meta']
[0.599s] Level 1:colcon.colcon_core.package_identification:_identify(src) by extension 'colcon_meta'
[0.599s] Level 1:colcon.colcon_core.package_identification:_identify(src) by extensions ['ros']
[0.599s] Level 1:colcon.colcon_core.package_identification:_identify(src) by extension 'ros'
[0.599s] Level 1:colcon.colcon_core.package_identification:_identify(src) by extensions ['cmake', 'python']
[0.599s] Level 1:colcon.colcon_core.package_identification:_identify(src) by extension 'cmake'
[0.599s] Level 1:colcon.colcon_core.package_identification:_identify(src) by extension 'python'
[0.599s] Level 1:colcon.colcon_core.package_identification:_identify(src) by extensions ['python_setup_py']
[0.599s] Level 1:colcon.colcon_core.package_identification:_identify(src) by extension 'python_setup_py'
[0.599s] Level 1:colcon.colcon_core.package_identification:_identify(src/create3_sim) by extensions ['ignore', 'ignore_ament_install']
[0.599s] Level 1:colcon.colcon_core.package_identification:_identify(src/create3_sim) by extension 'ignore'
[0.599s] Level 1:colcon.colcon_core.package_identification:_identify(src/create3_sim) by extension 'ignore_ament_install'
[0.599s] Level 1:colcon.colcon_core.package_identification:_identify(src/create3_sim) by extensions ['colcon_pkg']
[0.600s] Level 1:colcon.colcon_core.package_identification:_identify(src/create3_sim) by extension 'colcon_pkg'
[0.600s] Level 1:colcon.colcon_core.package_identification:_identify(src/create3_sim) by extensions ['colcon_meta']
[0.600s] Level 1:colcon.colcon_core.package_identification:_identify(src/create3_sim) by extension 'colcon_meta'
[0.600s] Level 1:colcon.colcon_core.package_identification:_identify(src/create3_sim) by extensions ['ros']
[0.600s] Level 1:colcon.colcon_core.package_identification:_identify(src/create3_sim) by extension 'ros'
[0.600s] Level 1:colcon.colcon_core.package_identification:_identify(src/create3_sim) by extensions ['cmake', 'python']
[0.600s] Level 1:colcon.colcon_core.package_identification:_identify(src/create3_sim) by extension 'cmake'
[0.600s] Level 1:colcon.colcon_core.package_identification:_identify(src/create3_sim) by extension 'python'
[0.600s] Level 1:colcon.colcon_core.package_identification:_identify(src/create3_sim) by extensions ['python_setup_py']
[0.600s] Level 1:colcon.colcon_core.package_identification:_identify(src/create3_sim) by extension 'python_setup_py'
[0.600s] Level 1:colcon.colcon_core.package_identification:_identify(src/create3_sim/irobot_create_common) by extensions ['ignore', 'ignore_ament_install']
[0.600s] Level 1:colcon.colcon_core.package_identification:_identify(src/create3_sim/irobot_create_common) by extension 'ignore'
[0.600s] Level 1:colcon.colcon_core.package_identification:_identify(src/create3_sim/irobot_create_common) by extension 'ignore_ament_install'
[0.601s] Level 1:colcon.colcon_core.package_identification:_identify(src/create3_sim/irobot_create_common) by extensions ['colcon_pkg']
[0.601s] Level 1:colcon.colcon_core.package_identification:_identify(src/create3_sim/irobot_create_common) by extension 'colcon_pkg'
[0.601s] Level 1:colcon.colcon_core.package_identification:_identify(src/create3_sim/irobot_create_common) by extensions ['colcon_meta']
[0.601s] Level 1:colcon.colcon_core.package_identification:_identify(src/create3_sim/irobot_create_common) by extension 'colcon_meta'
[0.601s] Level 1:colcon.colcon_core.package_identification:_identify(src/create3_sim/irobot_create_common) by extensions ['ros']
[0.601s] Level 1:colcon.colcon_core.package_identification:_identify(src/create3_sim/irobot_create_common) by extension 'ros'
[0.601s] Level 1:colcon.colcon_core.package_identification:_identify(src/create3_sim/irobot_create_common) by extensions ['cmake', 'python']
[0.601s] Level 1:colcon.colcon_core.package_identification:_identify(src/create3_sim/irobot_create_common) by extension 'cmake'
[0.601s] Level 1:colcon.colcon_core.package_identification:_identify(src/create3_sim/irobot_create_common) by extension 'python'
[0.601s] Level 1:colcon.colcon_core.package_identification:_identify(src/create3_sim/irobot_create_common) by extensions ['python_setup_py']
[0.601s] Level 1:colcon.colcon_core.package_identification:_identify(src/create3_sim/irobot_create_common) by extension 'python_setup_py'
[0.601s] Level 1:colcon.colcon_core.package_identification:_identify(src/create3_sim/irobot_create_common/irobot_create_common_bringup) by extensions ['ignore', 'ignore_ament_install']
[0.601s] Level 1:colcon.colcon_core.package_identification:_identify(src/create3_sim/irobot_create_common/irobot_create_common_bringup) by extension 'ignore'
[0.601s] Level 1:colcon.colcon_core.package_identification:_identify(src/create3_sim/irobot_create_common/irobot_create_common_bringup) by extension 'ignore_ament_install'
[0.602s] Level 1:colcon.colcon_core.package_identification:_identify(src/create3_sim/irobot_create_common/irobot_create_common_bringup) by extensions ['colcon_pkg']
[0.602s] Level 1:colcon.colcon_core.package_identification:_identify(src/create3_sim/irobot_create_common/irobot_create_common_bringup) by extension 'colcon_pkg'
[0.602s] Level 1:colcon.colcon_core.package_identification:_identify(src/create3_sim/irobot_create_common/irobot_create_common_bringup) by extensions ['colcon_meta']
[0.602s] Level 1:colcon.colcon_core.package_identification:_identify(src/create3_sim/irobot_create_common/irobot_create_common_bringup) by extension 'colcon_meta'
[0.602s] Level 1:colcon.colcon_core.package_identification:_identify(src/create3_sim/irobot_create_common/irobot_create_common_bringup) by extensions ['ros']
[0.602s] Level 1:colcon.colcon_core.package_identification:_identify(src/create3_sim/irobot_create_common/irobot_create_common_bringup) by extension 'ros'
[0.605s] DEBUG:colcon.colcon_core.package_identification:Package 'src/create3_sim/irobot_create_common/irobot_create_common_bringup' with type 'ros.ament_cmake' and name 'irobot_create_common_bringup'
[0.605s] Level 1:colcon.colcon_core.package_identification:_identify(src/create3_sim/irobot_create_common/irobot_create_control) by extensions ['ignore', 'ignore_ament_install']
[0.605s] Level 1:colcon.colcon_core.package_identification:_identify(src/create3_sim/irobot_create_common/irobot_create_control) by extension 'ignore'
[0.605s] Level 1:colcon.colcon_core.package_identification:_identify(src/create3_sim/irobot_create_common/irobot_create_control) by extension 'ignore_ament_install'
[0.605s] Level 1:colcon.colcon_core.package_identification:_identify(src/create3_sim/irobot_create_common/irobot_create_control) by extensions ['colcon_pkg']
[0.605s] Level 1:colcon.colcon_core.package_identification:_identify(src/create3_sim/irobot_create_common/irobot_create_control) by extension 'colcon_pkg'
[0.605s] Level 1:colcon.colcon_core.package_identification:_identify(src/create3_sim/irobot_create_common/irobot_create_control) by extensions ['colcon_meta']
[0.605s] Level 1:colcon.colcon_core.package_identification:_identify(src/create3_sim/irobot_create_common/irobot_create_control) by extension 'colcon_meta'
[0.606s] Level 1:colcon.colcon_core.package_identification:_identify(src/create3_sim/irobot_create_common/irobot_create_control) by extensions ['ros']
[0.606s] Level 1:colcon.colcon_core.package_identification:_identify(src/create3_sim/irobot_create_common/irobot_create_control) by extension 'ros'
[0.606s] DEBUG:colcon.colcon_core.package_identification:Package 'src/create3_sim/irobot_create_common/irobot_create_control' with type 'ros.ament_cmake' and name 'irobot_create_control'
[0.606s] Level 1:colcon.colcon_core.package_identification:_identify(src/create3_sim/irobot_create_common/irobot_create_description) by extensions ['ignore', 'ignore_ament_install']
[0.607s] Level 1:colcon.colcon_core.package_identification:_identify(src/create3_sim/irobot_create_common/irobot_create_description) by extension 'ignore'
[0.607s] Level 1:colcon.colcon_core.package_identification:_identify(src/create3_sim/irobot_create_common/irobot_create_description) by extension 'ignore_ament_install'
[0.607s] Level 1:colcon.colcon_core.package_identification:_identify(src/create3_sim/irobot_create_common/irobot_create_description) by extensions ['colcon_pkg']
[0.607s] Level 1:colcon.colcon_core.package_identification:_identify(src/create3_sim/irobot_create_common/irobot_create_description) by extension 'colcon_pkg'
[0.607s] Level 1:colcon.colcon_core.package_identification:_identify(src/create3_sim/irobot_create_common/irobot_create_description) by extensions ['colcon_meta']
[0.607s] Level 1:colcon.colcon_core.package_identification:_identify(src/create3_sim/irobot_create_common/irobot_create_description) by extension 'colcon_meta'
[0.607s] Level 1:colcon.colcon_core.package_identification:_identify(src/create3_sim/irobot_create_common/irobot_create_description) by extensions ['ros']
[0.607s] Level 1:colcon.colcon_core.package_identification:_identify(src/create3_sim/irobot_create_common/irobot_create_description) by extension 'ros'
[0.608s] DEBUG:colcon.colcon_core.package_identification:Package 'src/create3_sim/irobot_create_common/irobot_create_description' with type 'ros.ament_cmake' and name 'irobot_create_description'
[0.608s] Level 1:colcon.colcon_core.package_identification:_identify(src/create3_sim/irobot_create_common/irobot_create_nodes) by extensions ['ignore', 'ignore_ament_install']
[0.608s] Level 1:colcon.colcon_core.package_identification:_identify(src/create3_sim/irobot_create_common/irobot_create_nodes) by extension 'ignore'
[0.608s] Level 1:colcon.colcon_core.package_identification:_identify(src/create3_sim/irobot_create_common/irobot_create_nodes) by extension 'ignore_ament_install'
[0.608s] Level 1:colcon.colcon_core.package_identification:_identify(src/create3_sim/irobot_create_common/irobot_create_nodes) by extensions ['colcon_pkg']
[0.608s] Level 1:colcon.colcon_core.package_identification:_identify(src/create3_sim/irobot_create_common/irobot_create_nodes) by extension 'colcon_pkg'
[0.608s] Level 1:colcon.colcon_core.package_identification:_identify(src/create3_sim/irobot_create_common/irobot_create_nodes) by extensions ['colcon_meta']
[0.608s] Level 1:colcon.colcon_core.package_identification:_identify(src/create3_sim/irobot_create_common/irobot_create_nodes) by extension 'colcon_meta'
[0.608s] Level 1:colcon.colcon_core.package_identification:_identify(src/create3_sim/irobot_create_common/irobot_create_nodes) by extensions ['ros']
[0.608s] Level 1:colcon.colcon_core.package_identification:_identify(src/create3_sim/irobot_create_common/irobot_create_nodes) by extension 'ros'
[0.610s] DEBUG:colcon.colcon_core.package_identification:Package 'src/create3_sim/irobot_create_common/irobot_create_nodes' with type 'ros.ament_cmake' and name 'irobot_create_nodes'
[0.610s] Level 1:colcon.colcon_core.package_identification:_identify(src/create3_sim/irobot_create_common/irobot_create_toolbox) by extensions ['ignore', 'ignore_ament_install']
[0.610s] Level 1:colcon.colcon_core.package_identification:_identify(src/create3_sim/irobot_create_common/irobot_create_toolbox) by extension 'ignore'
[0.610s] Level 1:colcon.colcon_core.package_identification:_identify(src/create3_sim/irobot_create_common/irobot_create_toolbox) by extension 'ignore_ament_install'
[0.610s] Level 1:colcon.colcon_core.package_identification:_identify(src/create3_sim/irobot_create_common/irobot_create_toolbox) by extensions ['colcon_pkg']
[0.610s] Level 1:colcon.colcon_core.package_identification:_identify(src/create3_sim/irobot_create_common/irobot_create_toolbox) by extension 'colcon_pkg'
[0.611s] Level 1:colcon.colcon_core.package_identification:_identify(src/create3_sim/irobot_create_common/irobot_create_toolbox) by extensions ['colcon_meta']
[0.611s] Level 1:colcon.colcon_core.package_identification:_identify(src/create3_sim/irobot_create_common/irobot_create_toolbox) by extension 'colcon_meta'
[0.611s] Level 1:colcon.colcon_core.package_identification:_identify(src/create3_sim/irobot_create_common/irobot_create_toolbox) by extensions ['ros']
[0.611s] Level 1:colcon.colcon_core.package_identification:_identify(src/create3_sim/irobot_create_common/irobot_create_toolbox) by extension 'ros'
[0.611s] DEBUG:colcon.colcon_core.package_identification:Package 'src/create3_sim/irobot_create_common/irobot_create_toolbox' with type 'ros.ament_cmake' and name 'irobot_create_toolbox'
[0.611s] Level 1:colcon.colcon_core.package_identification:_identify(src/create3_sim/irobot_create_gazebo) by extensions ['ignore', 'ignore_ament_install']
[0.612s] Level 1:colcon.colcon_core.package_identification:_identify(src/create3_sim/irobot_create_gazebo) by extension 'ignore'
[0.612s] Level 1:colcon.colcon_core.package_identification:_identify(src/create3_sim/irobot_create_gazebo) by extension 'ignore_ament_install'
[0.612s] Level 1:colcon.colcon_core.package_identification:_identify(src/create3_sim/irobot_create_gazebo) by extensions ['colcon_pkg']
[0.612s] Level 1:colcon.colcon_core.package_identification:_identify(src/create3_sim/irobot_create_gazebo) by extension 'colcon_pkg'
[0.612s] Level 1:colcon.colcon_core.package_identification:_identify(src/create3_sim/irobot_create_gazebo) by extensions ['colcon_meta']
[0.612s] Level 1:colcon.colcon_core.package_identification:_identify(src/create3_sim/irobot_create_gazebo) by extension 'colcon_meta'
[0.612s] Level 1:colcon.colcon_core.package_identification:_identify(src/create3_sim/irobot_create_gazebo) by extensions ['ros']
[0.612s] Level 1:colcon.colcon_core.package_identification:_identify(src/create3_sim/irobot_create_gazebo) by extension 'ros'
[0.612s] Level 1:colcon.colcon_core.package_identification:_identify(src/create3_sim/irobot_create_gazebo) by extensions ['cmake', 'python']
[0.612s] Level 1:colcon.colcon_core.package_identification:_identify(src/create3_sim/irobot_create_gazebo) by extension 'cmake'
[0.612s] Level 1:colcon.colcon_core.package_identification:_identify(src/create3_sim/irobot_create_gazebo) by extension 'python'
[0.612s] Level 1:colcon.colcon_core.package_identification:_identify(src/create3_sim/irobot_create_gazebo) by extensions ['python_setup_py']
[0.612s] Level 1:colcon.colcon_core.package_identification:_identify(src/create3_sim/irobot_create_gazebo) by extension 'python_setup_py'
[0.612s] Level 1:colcon.colcon_core.package_identification:_identify(src/create3_sim/irobot_create_gazebo/irobot_create_gazebo_bringup) by extensions ['ignore', 'ignore_ament_install']
[0.612s] Level 1:colcon.colcon_core.package_identification:_identify(src/create3_sim/irobot_create_gazebo/irobot_create_gazebo_bringup) by extension 'ignore'
[0.612s] Level 1:colcon.colcon_core.package_identification:_identify(src/create3_sim/irobot_create_gazebo/irobot_create_gazebo_bringup) by extension 'ignore_ament_install'
[0.612s] Level 1:colcon.colcon_core.package_identification:_identify(src/create3_sim/irobot_create_gazebo/irobot_create_gazebo_bringup) by extensions ['colcon_pkg']
[0.613s] Level 1:colcon.colcon_core.package_identification:_identify(src/create3_sim/irobot_create_gazebo/irobot_create_gazebo_bringup) by extension 'colcon_pkg'
[0.613s] Level 1:colcon.colcon_core.package_identification:_identify(src/create3_sim/irobot_create_gazebo/irobot_create_gazebo_bringup) by extensions ['colcon_meta']
[0.613s] Level 1:colcon.colcon_core.package_identification:_identify(src/create3_sim/irobot_create_gazebo/irobot_create_gazebo_bringup) by extension 'colcon_meta'
[0.613s] Level 1:colcon.colcon_core.package_identification:_identify(src/create3_sim/irobot_create_gazebo/irobot_create_gazebo_bringup) by extensions ['ros']
[0.613s] Level 1:colcon.colcon_core.package_identification:_identify(src/create3_sim/irobot_create_gazebo/irobot_create_gazebo_bringup) by extension 'ros'
[0.614s] DEBUG:colcon.colcon_core.package_identification:Package 'src/create3_sim/irobot_create_gazebo/irobot_create_gazebo_bringup' with type 'ros.ament_cmake' and name 'irobot_create_gazebo_bringup'
[0.614s] Level 1:colcon.colcon_core.package_identification:_identify(src/create3_sim/irobot_create_gazebo/irobot_create_gazebo_plugins) by extensions ['ignore', 'ignore_ament_install']
[0.614s] Level 1:colcon.colcon_core.package_identification:_identify(src/create3_sim/irobot_create_gazebo/irobot_create_gazebo_plugins) by extension 'ignore'
[0.614s] Level 1:colcon.colcon_core.package_identification:_identify(src/create3_sim/irobot_create_gazebo/irobot_create_gazebo_plugins) by extension 'ignore_ament_install'
[0.614s] Level 1:colcon.colcon_core.package_identification:_identify(src/create3_sim/irobot_create_gazebo/irobot_create_gazebo_plugins) by extensions ['colcon_pkg']
[0.614s] Level 1:colcon.colcon_core.package_identification:_identify(src/create3_sim/irobot_create_gazebo/irobot_create_gazebo_plugins) by extension 'colcon_pkg'
[0.614s] Level 1:colcon.colcon_core.package_identification:_identify(src/create3_sim/irobot_create_gazebo/irobot_create_gazebo_plugins) by extensions ['colcon_meta']
[0.615s] Level 1:colcon.colcon_core.package_identification:_identify(src/create3_sim/irobot_create_gazebo/irobot_create_gazebo_plugins) by extension 'colcon_meta'
[0.615s] Level 1:colcon.colcon_core.package_identification:_identify(src/create3_sim/irobot_create_gazebo/irobot_create_gazebo_plugins) by extensions ['ros']
[0.615s] Level 1:colcon.colcon_core.package_identification:_identify(src/create3_sim/irobot_create_gazebo/irobot_create_gazebo_plugins) by extension 'ros'
[0.616s] DEBUG:colcon.colcon_core.package_identification:Package 'src/create3_sim/irobot_create_gazebo/irobot_create_gazebo_plugins' with type 'ros.ament_cmake' and name 'irobot_create_gazebo_plugins'
[0.616s] Level 1:colcon.colcon_core.package_identification:_identify(src/create3_sim/irobot_create_gazebo/irobot_create_gazebo_sim) by extensions ['ignore', 'ignore_ament_install']
[0.616s] Level 1:colcon.colcon_core.package_identification:_identify(src/create3_sim/irobot_create_gazebo/irobot_create_gazebo_sim) by extension 'ignore'
[0.616s] Level 1:colcon.colcon_core.package_identification:_identify(src/create3_sim/irobot_create_gazebo/irobot_create_gazebo_sim) by extension 'ignore_ament_install'
[0.616s] Level 1:colcon.colcon_core.package_identification:_identify(src/create3_sim/irobot_create_gazebo/irobot_create_gazebo_sim) by extensions ['colcon_pkg']
[0.616s] Level 1:colcon.colcon_core.package_identification:_identify(src/create3_sim/irobot_create_gazebo/irobot_create_gazebo_sim) by extension 'colcon_pkg'
[0.616s] Level 1:colcon.colcon_core.package_identification:_identify(src/create3_sim/irobot_create_gazebo/irobot_create_gazebo_sim) by extensions ['colcon_meta']
[0.616s] Level 1:colcon.colcon_core.package_identification:_identify(src/create3_sim/irobot_create_gazebo/irobot_create_gazebo_sim) by extension 'colcon_meta'
[0.616s] Level 1:colcon.colcon_core.package_identification:_identify(src/create3_sim/irobot_create_gazebo/irobot_create_gazebo_sim) by extensions ['ros']
[0.616s] Level 1:colcon.colcon_core.package_identification:_identify(src/create3_sim/irobot_create_gazebo/irobot_create_gazebo_sim) by extension 'ros'
[0.617s] DEBUG:colcon.colcon_core.package_identification:Package 'src/create3_sim/irobot_create_gazebo/irobot_create_gazebo_sim' with type 'ros.ament_cmake' and name 'irobot_create_gazebo_sim'
[0.617s] Level 1:colcon.colcon_core.package_identification:_identify(src/create3_sim/irobot_create_ignition) by extensions ['ignore', 'ignore_ament_install']
[0.617s] Level 1:colcon.colcon_core.package_identification:_identify(src/create3_sim/irobot_create_ignition) by extension 'ignore'
[0.617s] Level 1:colcon.colcon_core.package_identification:_identify(src/create3_sim/irobot_create_ignition) by extension 'ignore_ament_install'
[0.617s] Level 1:colcon.colcon_core.package_identification:_identify(src/create3_sim/irobot_create_ignition) by extensions ['colcon_pkg']
[0.617s] Level 1:colcon.colcon_core.package_identification:_identify(src/create3_sim/irobot_create_ignition) by extension 'colcon_pkg'
[0.617s] Level 1:colcon.colcon_core.package_identification:_identify(src/create3_sim/irobot_create_ignition) by extensions ['colcon_meta']
[0.617s] Level 1:colcon.colcon_core.package_identification:_identify(src/create3_sim/irobot_create_ignition) by extension 'colcon_meta'
[0.617s] Level 1:colcon.colcon_core.package_identification:_identify(src/create3_sim/irobot_create_ignition) by extensions ['ros']
[0.617s] Level 1:colcon.colcon_core.package_identification:_identify(src/create3_sim/irobot_create_ignition) by extension 'ros'
[0.617s] Level 1:colcon.colcon_core.package_identification:_identify(src/create3_sim/irobot_create_ignition) by extensions ['cmake', 'python']
[0.617s] Level 1:colcon.colcon_core.package_identification:_identify(src/create3_sim/irobot_create_ignition) by extension 'cmake'
[0.617s] Level 1:colcon.colcon_core.package_identification:_identify(src/create3_sim/irobot_create_ignition) by extension 'python'
[0.617s] Level 1:colcon.colcon_core.package_identification:_identify(src/create3_sim/irobot_create_ignition) by extensions ['python_setup_py']
[0.617s] Level 1:colcon.colcon_core.package_identification:_identify(src/create3_sim/irobot_create_ignition) by extension 'python_setup_py'
[0.618s] Level 1:colcon.colcon_core.package_identification:_identify(src/create3_sim/irobot_create_ignition/irobot_create_ignition_bringup) by extensions ['ignore', 'ignore_ament_install']
[0.618s] Level 1:colcon.colcon_core.package_identification:_identify(src/create3_sim/irobot_create_ignition/irobot_create_ignition_bringup) by extension 'ignore'
[0.618s] Level 1:colcon.colcon_core.package_identification:_identify(src/create3_sim/irobot_create_ignition/irobot_create_ignition_bringup) by extension 'ignore_ament_install'
[0.618s] Level 1:colcon.colcon_core.package_identification:_identify(src/create3_sim/irobot_create_ignition/irobot_create_ignition_bringup) by extensions ['colcon_pkg']
[0.618s] Level 1:colcon.colcon_core.package_identification:_identify(src/create3_sim/irobot_create_ignition/irobot_create_ignition_bringup) by extension 'colcon_pkg'
[0.618s] Level 1:colcon.colcon_core.package_identification:_identify(src/create3_sim/irobot_create_ignition/irobot_create_ignition_bringup) by extensions ['colcon_meta']
[0.618s] Level 1:colcon.colcon_core.package_identification:_identify(src/create3_sim/irobot_create_ignition/irobot_create_ignition_bringup) by extension 'colcon_meta'
[0.618s] Level 1:colcon.colcon_core.package_identification:_identify(src/create3_sim/irobot_create_ignition/irobot_create_ignition_bringup) by extensions ['ros']
[0.618s] Level 1:colcon.colcon_core.package_identification:_identify(src/create3_sim/irobot_create_ignition/irobot_create_ignition_bringup) by extension 'ros'
[0.619s] DEBUG:colcon.colcon_core.package_identification:Package 'src/create3_sim/irobot_create_ignition/irobot_create_ignition_bringup' with type 'ros.ament_cmake' and name 'irobot_create_ignition_bringup'
[0.619s] Level 1:colcon.colcon_core.package_identification:_identify(src/create3_sim/irobot_create_ignition/irobot_create_ignition_plugins) by extensions ['ignore', 'ignore_ament_install']
[0.619s] Level 1:colcon.colcon_core.package_identification:_identify(src/create3_sim/irobot_create_ignition/irobot_create_ignition_plugins) by extension 'ignore'
[0.619s] Level 1:colcon.colcon_core.package_identification:_identify(src/create3_sim/irobot_create_ignition/irobot_create_ignition_plugins) by extension 'ignore_ament_install'
[0.619s] Level 1:colcon.colcon_core.package_identification:_identify(src/create3_sim/irobot_create_ignition/irobot_create_ignition_plugins) by extensions ['colcon_pkg']
[0.619s] Level 1:colcon.colcon_core.package_identification:_identify(src/create3_sim/irobot_create_ignition/irobot_create_ignition_plugins) by extension 'colcon_pkg'
[0.619s] Level 1:colcon.colcon_core.package_identification:_identify(src/create3_sim/irobot_create_ignition/irobot_create_ignition_plugins) by extensions ['colcon_meta']
[0.619s] Level 1:colcon.colcon_core.package_identification:_identify(src/create3_sim/irobot_create_ignition/irobot_create_ignition_plugins) by extension 'colcon_meta'
[0.619s] Level 1:colcon.colcon_core.package_identification:_identify(src/create3_sim/irobot_create_ignition/irobot_create_ignition_plugins) by extensions ['ros']
[0.619s] Level 1:colcon.colcon_core.package_identification:_identify(src/create3_sim/irobot_create_ignition/irobot_create_ignition_plugins) by extension 'ros'
[0.620s] DEBUG:colcon.colcon_core.package_identification:Package 'src/create3_sim/irobot_create_ignition/irobot_create_ignition_plugins' with type 'ros.ament_cmake' and name 'irobot_create_ignition_plugins'
[0.620s] Level 1:colcon.colcon_core.package_identification:_identify(src/create3_sim/irobot_create_ignition/irobot_create_ignition_sim) by extensions ['ignore', 'ignore_ament_install']
[0.620s] Level 1:colcon.colcon_core.package_identification:_identify(src/create3_sim/irobot_create_ignition/irobot_create_ignition_sim) by extension 'ignore'
[0.620s] Level 1:colcon.colcon_core.package_identification:_identify(src/create3_sim/irobot_create_ignition/irobot_create_ignition_sim) by extension 'ignore_ament_install'
[0.620s] Level 1:colcon.colcon_core.package_identification:_identify(src/create3_sim/irobot_create_ignition/irobot_create_ignition_sim) by extensions ['colcon_pkg']
[0.620s] Level 1:colcon.colcon_core.package_identification:_identify(src/create3_sim/irobot_create_ignition/irobot_create_ignition_sim) by extension 'colcon_pkg'
[0.620s] Level 1:colcon.colcon_core.package_identification:_identify(src/create3_sim/irobot_create_ignition/irobot_create_ignition_sim) by extensions ['colcon_meta']
[0.620s] Level 1:colcon.colcon_core.package_identification:_identify(src/create3_sim/irobot_create_ignition/irobot_create_ignition_sim) by extension 'colcon_meta'
[0.621s] Level 1:colcon.colcon_core.package_identification:_identify(src/create3_sim/irobot_create_ignition/irobot_create_ignition_sim) by extensions ['ros']
[0.621s] Level 1:colcon.colcon_core.package_identification:_identify(src/create3_sim/irobot_create_ignition/irobot_create_ignition_sim) by extension 'ros'
[0.621s] DEBUG:colcon.colcon_core.package_identification:Package 'src/create3_sim/irobot_create_ignition/irobot_create_ignition_sim' with type 'ros.ament_cmake' and name 'irobot_create_ignition_sim'
[0.621s] Level 1:colcon.colcon_core.package_identification:_identify(src/create3_sim/irobot_create_ignition/irobot_create_ignition_toolbox) by extensions ['ignore', 'ignore_ament_install']
[0.621s] Level 1:colcon.colcon_core.package_identification:_identify(src/create3_sim/irobot_create_ignition/irobot_create_ignition_toolbox) by extension 'ignore'
[0.621s] Level 1:colcon.colcon_core.package_identification:_identify(src/create3_sim/irobot_create_ignition/irobot_create_ignition_toolbox) by extension 'ignore_ament_install'
[0.621s] Level 1:colcon.colcon_core.package_identification:_identify(src/create3_sim/irobot_create_ignition/irobot_create_ignition_toolbox) by extensions ['colcon_pkg']
[0.621s] Level 1:colcon.colcon_core.package_identification:_identify(src/create3_sim/irobot_create_ignition/irobot_create_ignition_toolbox) by extension 'colcon_pkg'
[0.621s] Level 1:colcon.colcon_core.package_identification:_identify(src/create3_sim/irobot_create_ignition/irobot_create_ignition_toolbox) by extensions ['colcon_meta']
[0.621s] Level 1:colcon.colcon_core.package_identification:_identify(src/create3_sim/irobot_create_ignition/irobot_create_ignition_toolbox) by extension 'colcon_meta'
[0.621s] Level 1:colcon.colcon_core.package_identification:_identify(src/create3_sim/irobot_create_ignition/irobot_create_ignition_toolbox) by extensions ['ros']
[0.621s] Level 1:colcon.colcon_core.package_identification:_identify(src/create3_sim/irobot_create_ignition/irobot_create_ignition_toolbox) by extension 'ros'
[0.623s] DEBUG:colcon.colcon_core.package_identification:Package 'src/create3_sim/irobot_create_ignition/irobot_create_ignition_toolbox' with type 'ros.ament_cmake' and name 'irobot_create_ignition_toolbox'
[0.623s] Level 1:colcon.colcon_core.package_identification:_identify(video) by extensions ['ignore', 'ignore_ament_install']
[0.623s] Level 1:colcon.colcon_core.package_identification:_identify(video) by extension 'ignore'
[0.623s] Level 1:colcon.colcon_core.package_identification:_identify(video) by extension 'ignore_ament_install'
[0.623s] Level 1:colcon.colcon_core.package_identification:_identify(video) by extensions ['colcon_pkg']
[0.623s] Level 1:colcon.colcon_core.package_identification:_identify(video) by extension 'colcon_pkg'
[0.623s] Level 1:colcon.colcon_core.package_identification:_identify(video) by extensions ['colcon_meta']
[0.623s] Level 1:colcon.colcon_core.package_identification:_identify(video) by extension 'colcon_meta'
[0.623s] Level 1:colcon.colcon_core.package_identification:_identify(video) by extensions ['ros']
[0.623s] Level 1:colcon.colcon_core.package_identification:_identify(video) by extension 'ros'
[0.623s] Level 1:colcon.colcon_core.package_identification:_identify(video) by extensions ['cmake', 'python']
[0.623s] Level 1:colcon.colcon_core.package_identification:_identify(video) by extension 'cmake'
[0.623s] Level 1:colcon.colcon_core.package_identification:_identify(video) by extension 'python'
[0.623s] Level 1:colcon.colcon_core.package_identification:_identify(video) by extensions ['python_setup_py']
[0.624s] Level 1:colcon.colcon_core.package_identification:_identify(video) by extension 'python_setup_py'
[0.624s] Level 1:colcon.colcon_core.package_discovery:discover_packages(recursive) using defaults
[0.624s] Level 1:colcon.colcon_core.package_discovery:discover_packages(ignore) discover
[0.624s] Level 1:colcon.colcon_core.package_discovery:discover_packages(ignore) using defaults
[0.624s] Level 1:colcon.colcon_core.package_discovery:discover_packages(path) discover
[0.624s] Level 1:colcon.colcon_core.package_discovery:discover_packages(path) using defaults
[0.656s] INFO:colcon.colcon_metadata.metadata.colcon_pkg:Updating descriptor of package 'src/create3_sim/irobot_create_gazebo/irobot_create_gazebo_plugins' from colcon.pkg: {'dependencies': ['Gazebo']}
[0.676s] Level 1:colcon.colcon_core.package_discovery:discover_packages(prefix_path) check parameters
[0.676s] Level 1:colcon.colcon_core.package_discovery:discover_packages(prefix_path) discover
[0.680s] DEBUG:colcon.colcon_installed_package_information.package_discovery:Found 325 installed packages in /opt/ros/humble
[0.682s] Level 1:colcon.colcon_core.package_discovery:discover_packages(prefix_path) using defaults
[0.794s] Level 5:colcon.colcon_core.verb:set package 'irobot_create_control' build argument 'cmake_args' from command line to 'None'
[0.794s] Level 5:colcon.colcon_core.verb:set package 'irobot_create_control' build argument 'cmake_target' from command line to 'None'
[0.794s] Level 5:colcon.colcon_core.verb:set package 'irobot_create_control' build argument 'cmake_target_skip_unavailable' from command line to 'False'
[0.794s] Level 5:colcon.colcon_core.verb:set package 'irobot_create_control' build argument 'cmake_clean_cache' from command line to 'False'
[0.794s] Level 5:colcon.colcon_core.verb:set package 'irobot_create_control' build argument 'cmake_clean_first' from command line to 'False'
[0.794s] Level 5:colcon.colcon_core.verb:set package 'irobot_create_control' build argument 'cmake_force_configure' from command line to 'False'
[0.794s] Level 5:colcon.colcon_core.verb:set package 'irobot_create_control' build argument 'ament_cmake_args' from command line to 'None'
[0.794s] Level 5:colcon.colcon_core.verb:set package 'irobot_create_control' build argument 'catkin_cmake_args' from command line to 'None'
[0.794s] Level 5:colcon.colcon_core.verb:set package 'irobot_create_control' build argument 'catkin_skip_building_tests' from command line to 'False'
[0.794s] DEBUG:colcon.colcon_core.verb:Building package 'irobot_create_control' with the following arguments: {'ament_cmake_args': None, 'build_base': '/home/viktordg/Create3/build/irobot_create_control', 'catkin_cmake_args': None, 'catkin_skip_building_tests': False, 'cmake_args': None, 'cmake_clean_cache': False, 'cmake_clean_first': False, 'cmake_force_configure': False, 'cmake_target': None, 'cmake_target_skip_unavailable': False, 'install_base': '/home/viktordg/Create3/install/irobot_create_control', 'merge_install': False, 'path': '/home/viktordg/Create3/src/create3_sim/irobot_create_common/irobot_create_control', 'symlink_install': False, 'test_result_base': None}
[0.794s] Level 5:colcon.colcon_core.verb:set package 'irobot_create_description' build argument 'cmake_args' from command line to 'None'
[0.794s] Level 5:colcon.colcon_core.verb:set package 'irobot_create_description' build argument 'cmake_target' from command line to 'None'
[0.794s] Level 5:colcon.colcon_core.verb:set package 'irobot_create_description' build argument 'cmake_target_skip_unavailable' from command line to 'False'
[0.794s] Level 5:colcon.colcon_core.verb:set package 'irobot_create_description' build argument 'cmake_clean_cache' from command line to 'False'
[0.794s] Level 5:colcon.colcon_core.verb:set package 'irobot_create_description' build argument 'cmake_clean_first' from command line to 'False'
[0.794s] Level 5:colcon.colcon_core.verb:set package 'irobot_create_description' build argument 'cmake_force_configure' from command line to 'False'
[0.795s] Level 5:colcon.colcon_core.verb:set package 'irobot_create_description' build argument 'ament_cmake_args' from command line to 'None'
[0.795s] Level 5:colcon.colcon_core.verb:set package 'irobot_create_description' build argument 'catkin_cmake_args' from command line to 'None'
[0.795s] Level 5:colcon.colcon_core.verb:set package 'irobot_create_description' build argument 'catkin_skip_building_tests' from command line to 'False'
[0.795s] DEBUG:colcon.colcon_core.verb:Building package 'irobot_create_description' with the following arguments: {'ament_cmake_args': None, 'build_base': '/home/viktordg/Create3/build/irobot_create_description', 'catkin_cmake_args': None, 'catkin_skip_building_tests': False, 'cmake_args': None, 'cmake_clean_cache': False, 'cmake_clean_first': False, 'cmake_force_configure': False, 'cmake_target': None, 'cmake_target_skip_unavailable': False, 'install_base': '/home/viktordg/Create3/install/irobot_create_description', 'merge_install': False, 'path': '/home/viktordg/Create3/src/create3_sim/irobot_create_common/irobot_create_description', 'symlink_install': False, 'test_result_base': None}
[0.795s] Level 5:colcon.colcon_core.verb:set package 'irobot_create_ignition_plugins' build argument 'cmake_args' from command line to 'None'
[0.795s] Level 5:colcon.colcon_core.verb:set package 'irobot_create_ignition_plugins' build argument 'cmake_target' from command line to 'None'
[0.795s] Level 5:colcon.colcon_core.verb:set package 'irobot_create_ignition_plugins' build argument 'cmake_target_skip_unavailable' from command line to 'False'
[0.795s] Level 5:colcon.colcon_core.verb:set package 'irobot_create_ignition_plugins' build argument 'cmake_clean_cache' from command line to 'False'
[0.795s] Level 5:colcon.colcon_core.verb:set package 'irobot_create_ignition_plugins' build argument 'cmake_clean_first' from command line to 'False'
[0.795s] Level 5:colcon.colcon_core.verb:set package 'irobot_create_ignition_plugins' build argument 'cmake_force_configure' from command line to 'False'
[0.795s] Level 5:colcon.colcon_core.verb:set package 'irobot_create_ignition_plugins' build argument 'ament_cmake_args' from command line to 'None'
[0.795s] Level 5:colcon.colcon_core.verb:set package 'irobot_create_ignition_plugins' build argument 'catkin_cmake_args' from command line to 'None'
[0.795s] Level 5:colcon.colcon_core.verb:set package 'irobot_create_ignition_plugins' build argument 'catkin_skip_building_tests' from command line to 'False'
[0.795s] DEBUG:colcon.colcon_core.verb:Building package 'irobot_create_ignition_plugins' with the following arguments: {'ament_cmake_args': None, 'build_base': '/home/viktordg/Create3/build/irobot_create_ignition_plugins', 'catkin_cmake_args': None, 'catkin_skip_building_tests': False, 'cmake_args': None, 'cmake_clean_cache': False, 'cmake_clean_first': False, 'cmake_force_configure': False, 'cmake_target': None, 'cmake_target_skip_unavailable': False, 'install_base': '/home/viktordg/Create3/install/irobot_create_ignition_plugins', 'merge_install': False, 'path': '/home/viktordg/Create3/src/create3_sim/irobot_create_ignition/irobot_create_ignition_plugins', 'symlink_install': False, 'test_result_base': None}
[0.796s] Level 5:colcon.colcon_core.verb:set package 'irobot_create_toolbox' build argument 'cmake_args' from command line to 'None'
[0.796s] Level 5:colcon.colcon_core.verb:set package 'irobot_create_toolbox' build argument 'cmake_target' from command line to 'None'
[0.796s] Level 5:colcon.colcon_core.verb:set package 'irobot_create_toolbox' build argument 'cmake_target_skip_unavailable' from command line to 'False'
[0.796s] Level 5:colcon.colcon_core.verb:set package 'irobot_create_toolbox' build argument 'cmake_clean_cache' from command line to 'False'
[0.796s] Level 5:colcon.colcon_core.verb:set package 'irobot_create_toolbox' build argument 'cmake_clean_first' from command line to 'False'
[0.796s] Level 5:colcon.colcon_core.verb:set package 'irobot_create_toolbox' build argument 'cmake_force_configure' from command line to 'False'
[0.796s] Level 5:colcon.colcon_core.verb:set package 'irobot_create_toolbox' build argument 'ament_cmake_args' from command line to 'None'
[0.796s] Level 5:colcon.colcon_core.verb:set package 'irobot_create_toolbox' build argument 'catkin_cmake_args' from command line to 'None'
[0.796s] Level 5:colcon.colcon_core.verb:set package 'irobot_create_toolbox' build argument 'catkin_skip_building_tests' from command line to 'False'
[0.796s] DEBUG:colcon.colcon_core.verb:Building package 'irobot_create_toolbox' with the following arguments: {'ament_cmake_args': None, 'build_base': '/home/viktordg/Create3/build/irobot_create_toolbox', 'catkin_cmake_args': None, 'catkin_skip_building_tests': False, 'cmake_args': None, 'cmake_clean_cache': False, 'cmake_clean_first': False, 'cmake_force_configure': False, 'cmake_target': None, 'cmake_target_skip_unavailable': False, 'install_base': '/home/viktordg/Create3/install/irobot_create_toolbox', 'merge_install': False, 'path': '/home/viktordg/Create3/src/create3_sim/irobot_create_common/irobot_create_toolbox', 'symlink_install': False, 'test_result_base': None}
[0.796s] Level 5:colcon.colcon_core.verb:set package 'irobot_create_gazebo_plugins' build argument 'cmake_args' from command line to 'None'
[0.796s] Level 5:colcon.colcon_core.verb:set package 'irobot_create_gazebo_plugins' build argument 'cmake_target' from command line to 'None'
[0.796s] Level 5:colcon.colcon_core.verb:set package 'irobot_create_gazebo_plugins' build argument 'cmake_target_skip_unavailable' from command line to 'False'
[0.796s] Level 5:colcon.colcon_core.verb:set package 'irobot_create_gazebo_plugins' build argument 'cmake_clean_cache' from command line to 'False'
[0.796s] Level 5:colcon.colcon_core.verb:set package 'irobot_create_gazebo_plugins' build argument 'cmake_clean_first' from command line to 'False'
[0.796s] Level 5:colcon.colcon_core.verb:set package 'irobot_create_gazebo_plugins' build argument 'cmake_force_configure' from command line to 'False'
[0.796s] Level 5:colcon.colcon_core.verb:set package 'irobot_create_gazebo_plugins' build argument 'ament_cmake_args' from command line to 'None'
[0.796s] Level 5:colcon.colcon_core.verb:set package 'irobot_create_gazebo_plugins' build argument 'catkin_cmake_args' from command line to 'None'
[0.796s] Level 5:colcon.colcon_core.verb:set package 'irobot_create_gazebo_plugins' build argument 'catkin_skip_building_tests' from command line to 'False'
[0.796s] DEBUG:colcon.colcon_core.verb:Building package 'irobot_create_gazebo_plugins' with the following arguments: {'ament_cmake_args': None, 'build_base': '/home/viktordg/Create3/build/irobot_create_gazebo_plugins', 'catkin_cmake_args': None, 'catkin_skip_building_tests': False, 'cmake_args': None, 'cmake_clean_cache': False, 'cmake_clean_first': False, 'cmake_force_configure': False, 'cmake_target': None, 'cmake_target_skip_unavailable': False, 'install_base': '/home/viktordg/Create3/install/irobot_create_gazebo_plugins', 'merge_install': False, 'path': '/home/viktordg/Create3/src/create3_sim/irobot_create_gazebo/irobot_create_gazebo_plugins', 'symlink_install': False, 'test_result_base': None}
[0.797s] Level 5:colcon.colcon_core.verb:set package 'irobot_create_ignition_toolbox' build argument 'cmake_args' from command line to 'None'
[0.797s] Level 5:colcon.colcon_core.verb:set package 'irobot_create_ignition_toolbox' build argument 'cmake_target' from command line to 'None'
[0.797s] Level 5:colcon.colcon_core.verb:set package 'irobot_create_ignition_toolbox' build argument 'cmake_target_skip_unavailable' from command line to 'False'
[0.797s] Level 5:colcon.colcon_core.verb:set package 'irobot_create_ignition_toolbox' build argument 'cmake_clean_cache' from command line to 'False'
[0.797s] Level 5:colcon.colcon_core.verb:set package 'irobot_create_ignition_toolbox' build argument 'cmake_clean_first' from command line to 'False'
[0.797s] Level 5:colcon.colcon_core.verb:set package 'irobot_create_ignition_toolbox' build argument 'cmake_force_configure' from command line to 'False'
[0.797s] Level 5:colcon.colcon_core.verb:set package 'irobot_create_ignition_toolbox' build argument 'ament_cmake_args' from command line to 'None'
[0.797s] Level 5:colcon.colcon_core.verb:set package 'irobot_create_ignition_toolbox' build argument 'catkin_cmake_args' from command line to 'None'
[0.797s] Level 5:colcon.colcon_core.verb:set package 'irobot_create_ignition_toolbox' build argument 'catkin_skip_building_tests' from command line to 'False'
[0.797s] DEBUG:colcon.colcon_core.verb:Building package 'irobot_create_ignition_toolbox' with the following arguments: {'ament_cmake_args': None, 'build_base': '/home/viktordg/Create3/build/irobot_create_ignition_toolbox', 'catkin_cmake_args': None, 'catkin_skip_building_tests': False, 'cmake_args': None, 'cmake_clean_cache': False, 'cmake_clean_first': False, 'cmake_force_configure': False, 'cmake_target': None, 'cmake_target_skip_unavailable': False, 'install_base': '/home/viktordg/Create3/install/irobot_create_ignition_toolbox', 'merge_install': False, 'path': '/home/viktordg/Create3/src/create3_sim/irobot_create_ignition/irobot_create_ignition_toolbox', 'symlink_install': False, 'test_result_base': None}
[0.797s] Level 5:colcon.colcon_core.verb:set package 'irobot_create_nodes' build argument 'cmake_args' from command line to 'None'
[0.797s] Level 5:colcon.colcon_core.verb:set package 'irobot_create_nodes' build argument 'cmake_target' from command line to 'None'
[0.797s] Level 5:colcon.colcon_core.verb:set package 'irobot_create_nodes' build argument 'cmake_target_skip_unavailable' from command line to 'False'
[0.797s] Level 5:colcon.colcon_core.verb:set package 'irobot_create_nodes' build argument 'cmake_clean_cache' from command line to 'False'
[0.797s] Level 5:colcon.colcon_core.verb:set package 'irobot_create_nodes' build argument 'cmake_clean_first' from command line to 'False'
[0.798s] Level 5:colcon.colcon_core.verb:set package 'irobot_create_nodes' build argument 'cmake_force_configure' from command line to 'False'
[0.798s] Level 5:colcon.colcon_core.verb:set package 'irobot_create_nodes' build argument 'ament_cmake_args' from command line to 'None'
[0.798s] Level 5:colcon.colcon_core.verb:set package 'irobot_create_nodes' build argument 'catkin_cmake_args' from command line to 'None'
[0.798s] Level 5:colcon.colcon_core.verb:set package 'irobot_create_nodes' build argument 'catkin_skip_building_tests' from command line to 'False'
[0.798s] DEBUG:colcon.colcon_core.verb:Building package 'irobot_create_nodes' with the following arguments: {'ament_cmake_args': None, 'build_base': '/home/viktordg/Create3/build/irobot_create_nodes', 'catkin_cmake_args': None, 'catkin_skip_building_tests': False, 'cmake_args': None, 'cmake_clean_cache': False, 'cmake_clean_first': False, 'cmake_force_configure': False, 'cmake_target': None, 'cmake_target_skip_unavailable': False, 'install_base': '/home/viktordg/Create3/install/irobot_create_nodes', 'merge_install': False, 'path': '/home/viktordg/Create3/src/create3_sim/irobot_create_common/irobot_create_nodes', 'symlink_install': False, 'test_result_base': None}
[0.798s] Level 5:colcon.colcon_core.verb:set package 'irobot_create_common_bringup' build argument 'cmake_args' from command line to 'None'
[0.798s] Level 5:colcon.colcon_core.verb:set package 'irobot_create_common_bringup' build argument 'cmake_target' from command line to 'None'
[0.798s] Level 5:colcon.colcon_core.verb:set package 'irobot_create_common_bringup' build argument 'cmake_target_skip_unavailable' from command line to 'False'
[0.798s] Level 5:colcon.colcon_core.verb:set package 'irobot_create_common_bringup' build argument 'cmake_clean_cache' from command line to 'False'
[0.798s] Level 5:colcon.colcon_core.verb:set package 'irobot_create_common_bringup' build argument 'cmake_clean_first' from command line to 'False'
[0.798s] Level 5:colcon.colcon_core.verb:set package 'irobot_create_common_bringup' build argument 'cmake_force_configure' from command line to 'False'
[0.798s] Level 5:colcon.colcon_core.verb:set package 'irobot_create_common_bringup' build argument 'ament_cmake_args' from command line to 'None'
[0.798s] Level 5:colcon.colcon_core.verb:set package 'irobot_create_common_bringup' build argument 'catkin_cmake_args' from command line to 'None'
[0.798s] Level 5:colcon.colcon_core.verb:set package 'irobot_create_common_bringup' build argument 'catkin_skip_building_tests' from command line to 'False'
[0.798s] DEBUG:colcon.colcon_core.verb:Building package 'irobot_create_common_bringup' with the following arguments: {'ament_cmake_args': None, 'build_base': '/home/viktordg/Create3/build/irobot_create_common_bringup', 'catkin_cmake_args': None, 'catkin_skip_building_tests': False, 'cmake_args': None, 'cmake_clean_cache': False, 'cmake_clean_first': False, 'cmake_force_configure': False, 'cmake_target': None, 'cmake_target_skip_unavailable': False, 'install_base': '/home/viktordg/Create3/install/irobot_create_common_bringup', 'merge_install': False, 'path': '/home/viktordg/Create3/src/create3_sim/irobot_create_common/irobot_create_common_bringup', 'symlink_install': False, 'test_result_base': None}
[0.799s] Level 5:colcon.colcon_core.verb:set package 'irobot_create_gazebo_bringup' build argument 'cmake_args' from command line to 'None'
[0.799s] Level 5:colcon.colcon_core.verb:set package 'irobot_create_gazebo_bringup' build argument 'cmake_target' from command line to 'None'
[0.799s] Level 5:colcon.colcon_core.verb:set package 'irobot_create_gazebo_bringup' build argument 'cmake_target_skip_unavailable' from command line to 'False'
[0.799s] Level 5:colcon.colcon_core.verb:set package 'irobot_create_gazebo_bringup' build argument 'cmake_clean_cache' from command line to 'False'
[0.799s] Level 5:colcon.colcon_core.verb:set package 'irobot_create_gazebo_bringup' build argument 'cmake_clean_first' from command line to 'False'
[0.799s] Level 5:colcon.colcon_core.verb:set package 'irobot_create_gazebo_bringup' build argument 'cmake_force_configure' from command line to 'False'
[0.799s] Level 5:colcon.colcon_core.verb:set package 'irobot_create_gazebo_bringup' build argument 'ament_cmake_args' from command line to 'None'
[0.799s] Level 5:colcon.colcon_core.verb:set package 'irobot_create_gazebo_bringup' build argument 'catkin_cmake_args' from command line to 'None'
[0.799s] Level 5:colcon.colcon_core.verb:set package 'irobot_create_gazebo_bringup' build argument 'catkin_skip_building_tests' from command line to 'False'
[0.799s] DEBUG:colcon.colcon_core.verb:Building package 'irobot_create_gazebo_bringup' with the following arguments: {'ament_cmake_args': None, 'build_base': '/home/viktordg/Create3/build/irobot_create_gazebo_bringup', 'catkin_cmake_args': None, 'catkin_skip_building_tests': False, 'cmake_args': None, 'cmake_clean_cache': False, 'cmake_clean_first': False, 'cmake_force_configure': False, 'cmake_target': None, 'cmake_target_skip_unavailable': False, 'install_base': '/home/viktordg/Create3/install/irobot_create_gazebo_bringup', 'merge_install': False, 'path': '/home/viktordg/Create3/src/create3_sim/irobot_create_gazebo/irobot_create_gazebo_bringup', 'symlink_install': False, 'test_result_base': None}
[0.799s] Level 5:colcon.colcon_core.verb:set package 'irobot_create_ignition_bringup' build argument 'cmake_args' from command line to 'None'
[0.799s] Level 5:colcon.colcon_core.verb:set package 'irobot_create_ignition_bringup' build argument 'cmake_target' from command line to 'None'
[0.799s] Level 5:colcon.colcon_core.verb:set package 'irobot_create_ignition_bringup' build argument 'cmake_target_skip_unavailable' from command line to 'False'
[0.799s] Level 5:colcon.colcon_core.verb:set package 'irobot_create_ignition_bringup' build argument 'cmake_clean_cache' from command line to 'False'
[0.799s] Level 5:colcon.colcon_core.verb:set package 'irobot_create_ignition_bringup' build argument 'cmake_clean_first' from command line to 'False'
[0.799s] Level 5:colcon.colcon_core.verb:set package 'irobot_create_ignition_bringup' build argument 'cmake_force_configure' from command line to 'False'
[0.799s] Level 5:colcon.colcon_core.verb:set package 'irobot_create_ignition_bringup' build argument 'ament_cmake_args' from command line to 'None'
[0.799s] Level 5:colcon.colcon_core.verb:set package 'irobot_create_ignition_bringup' build argument 'catkin_cmake_args' from command line to 'None'
[0.800s] Level 5:colcon.colcon_core.verb:set package 'irobot_create_ignition_bringup' build argument 'catkin_skip_building_tests' from command line to 'False'
[0.800s] DEBUG:colcon.colcon_core.verb:Building package 'irobot_create_ignition_bringup' with the following arguments: {'ament_cmake_args': None, 'build_base': '/home/viktordg/Create3/build/irobot_create_ignition_bringup', 'catkin_cmake_args': None, 'catkin_skip_building_tests': False, 'cmake_args': None, 'cmake_clean_cache': False, 'cmake_clean_first': False, 'cmake_force_configure': False, 'cmake_target': None, 'cmake_target_skip_unavailable': False, 'install_base': '/home/viktordg/Create3/install/irobot_create_ignition_bringup', 'merge_install': False, 'path': '/home/viktordg/Create3/src/create3_sim/irobot_create_ignition/irobot_create_ignition_bringup', 'symlink_install': False, 'test_result_base': None}
[0.800s] Level 5:colcon.colcon_core.verb:set package 'irobot_create_gazebo_sim' build argument 'cmake_args' from command line to 'None'
[0.800s] Level 5:colcon.colcon_core.verb:set package 'irobot_create_gazebo_sim' build argument 'cmake_target' from command line to 'None'
[0.800s] Level 5:colcon.colcon_core.verb:set package 'irobot_create_gazebo_sim' build argument 'cmake_target_skip_unavailable' from command line to 'False'
[0.800s] Level 5:colcon.colcon_core.verb:set package 'irobot_create_gazebo_sim' build argument 'cmake_clean_cache' from command line to 'False'
[0.800s] Level 5:colcon.colcon_core.verb:set package 'irobot_create_gazebo_sim' build argument 'cmake_clean_first' from command line to 'False'
[0.800s] Level 5:colcon.colcon_core.verb:set package 'irobot_create_gazebo_sim' build argument 'cmake_force_configure' from command line to 'False'
[0.800s] Level 5:colcon.colcon_core.verb:set package 'irobot_create_gazebo_sim' build argument 'ament_cmake_args' from command line to 'None'
[0.800s] Level 5:colcon.colcon_core.verb:set package 'irobot_create_gazebo_sim' build argument 'catkin_cmake_args' from command line to 'None'
[0.800s] Level 5:colcon.colcon_core.verb:set package 'irobot_create_gazebo_sim' build argument 'catkin_skip_building_tests' from command line to 'False'
[0.800s] DEBUG:colcon.colcon_core.verb:Building package 'irobot_create_gazebo_sim' with the following arguments: {'ament_cmake_args': None, 'build_base': '/home/viktordg/Create3/build/irobot_create_gazebo_sim', 'catkin_cmake_args': None, 'catkin_skip_building_tests': False, 'cmake_args': None, 'cmake_clean_cache': False, 'cmake_clean_first': False, 'cmake_force_configure': False, 'cmake_target': None, 'cmake_target_skip_unavailable': False, 'install_base': '/home/viktordg/Create3/install/irobot_create_gazebo_sim', 'merge_install': False, 'path': '/home/viktordg/Create3/src/create3_sim/irobot_create_gazebo/irobot_create_gazebo_sim', 'symlink_install': False, 'test_result_base': None}
[0.800s] Level 5:colcon.colcon_core.verb:set package 'irobot_create_ignition_sim' build argument 'cmake_args' from command line to 'None'
[0.801s] Level 5:colcon.colcon_core.verb:set package 'irobot_create_ignition_sim' build argument 'cmake_target' from command line to 'None'
[0.801s] Level 5:colcon.colcon_core.verb:set package 'irobot_create_ignition_sim' build argument 'cmake_target_skip_unavailable' from command line to 'False'
[0.801s] Level 5:colcon.colcon_core.verb:set package 'irobot_create_ignition_sim' build argument 'cmake_clean_cache' from command line to 'False'
[0.801s] Level 5:colcon.colcon_core.verb:set package 'irobot_create_ignition_sim' build argument 'cmake_clean_first' from command line to 'False'
[0.801s] Level 5:colcon.colcon_core.verb:set package 'irobot_create_ignition_sim' build argument 'cmake_force_configure' from command line to 'False'
[0.801s] Level 5:colcon.colcon_core.verb:set package 'irobot_create_ignition_sim' build argument 'ament_cmake_args' from command line to 'None'
[0.801s] Level 5:colcon.colcon_core.verb:set package 'irobot_create_ignition_sim' build argument 'catkin_cmake_args' from command line to 'None'
[0.801s] Level 5:colcon.colcon_core.verb:set package 'irobot_create_ignition_sim' build argument 'catkin_skip_building_tests' from command line to 'False'
[0.801s] DEBUG:colcon.colcon_core.verb:Building package 'irobot_create_ignition_sim' with the following arguments: {'ament_cmake_args': None, 'build_base': '/home/viktordg/Create3/build/irobot_create_ignition_sim', 'catkin_cmake_args': None, 'catkin_skip_building_tests': False, 'cmake_args': None, 'cmake_clean_cache': False, 'cmake_clean_first': False, 'cmake_force_configure': False, 'cmake_target': None, 'cmake_target_skip_unavailable': False, 'install_base': '/home/viktordg/Create3/install/irobot_create_ignition_sim', 'merge_install': False, 'path': '/home/viktordg/Create3/src/create3_sim/irobot_create_ignition/irobot_create_ignition_sim', 'symlink_install': False, 'test_result_base': None}
[0.801s] INFO:colcon.colcon_core.executor:Executing jobs using 'parallel' executor
[0.802s] DEBUG:colcon.colcon_parallel_executor.executor.parallel:run_until_complete
[0.803s] INFO:colcon.colcon_ros.task.ament_cmake.build:Building ROS package in '/home/viktordg/Create3/src/create3_sim/irobot_create_common/irobot_create_toolbox' with build type 'ament_cmake'
[0.803s] INFO:colcon.colcon_cmake.task.cmake.build:Building CMake package in '/home/viktordg/Create3/src/create3_sim/irobot_create_common/irobot_create_toolbox'
[0.807s] INFO:colcon.colcon_core.plugin_system:Skipping extension 'colcon_core.shell.bat': Not used on non-Windows systems
[0.807s] INFO:colcon.colcon_core.shell:Skip shell extension 'powershell' for command environment: Not usable outside of PowerShell
[0.807s] DEBUG:colcon.colcon_core.shell:Skip shell extension 'dsv' for command environment
[0.810s] INFO:colcon.colcon_ros.task.ament_cmake.build:Building ROS package in '/home/viktordg/Create3/src/create3_sim/irobot_create_common/irobot_create_control' with build type 'ament_cmake'
[0.810s] INFO:colcon.colcon_cmake.task.cmake.build:Building CMake package in '/home/viktordg/Create3/src/create3_sim/irobot_create_common/irobot_create_control'
[0.811s] INFO:colcon.colcon_core.shell:Skip shell extension 'powershell' for command environment: Not usable outside of PowerShell
[0.811s] DEBUG:colcon.colcon_core.shell:Skip shell extension 'dsv' for command environment
[0.814s] INFO:colcon.colcon_ros.task.ament_cmake.build:Building ROS package in '/home/viktordg/Create3/src/create3_sim/irobot_create_common/irobot_create_description' with build type 'ament_cmake'
[0.814s] INFO:colcon.colcon_cmake.task.cmake.build:Building CMake package in '/home/viktordg/Create3/src/create3_sim/irobot_create_common/irobot_create_description'
[0.815s] INFO:colcon.colcon_core.shell:Skip shell extension 'powershell' for command environment: Not usable outside of PowerShell
[0.815s] DEBUG:colcon.colcon_core.shell:Skip shell extension 'dsv' for command environment
[0.818s] INFO:colcon.colcon_ros.task.ament_cmake.build:Building ROS package in '/home/viktordg/Create3/src/create3_sim/irobot_create_ignition/irobot_create_ignition_plugins' with build type 'ament_cmake'
[0.818s] INFO:colcon.colcon_cmake.task.cmake.build:Building CMake package in '/home/viktordg/Create3/src/create3_sim/irobot_create_ignition/irobot_create_ignition_plugins'
[0.819s] INFO:colcon.colcon_core.shell:Skip shell extension 'powershell' for command environment: Not usable outside of PowerShell
[0.819s] DEBUG:colcon.colcon_core.shell:Skip shell extension 'dsv' for command environment
[0.828s] DEBUG:colcon.colcon_core.event_handler.log_command:Invoking command in '/home/viktordg/Create3/build/irobot_create_toolbox': CMAKE_PREFIX_PATH=/opt/ros/humble /usr/bin/cmake /home/viktordg/Create3/src/create3_sim/irobot_create_common/irobot_create_toolbox -DCMAKE_INSTALL_PREFIX=/home/viktordg/Create3/install/irobot_create_toolbox
[0.836s] DEBUG:colcon.colcon_core.event_handler.log_command:Invoking command in '/home/viktordg/Create3/build/irobot_create_control': CMAKE_PREFIX_PATH=/opt/ros/humble /usr/bin/cmake /home/viktordg/Create3/src/create3_sim/irobot_create_common/irobot_create_control -DCMAKE_INSTALL_PREFIX=/home/viktordg/Create3/install/irobot_create_control
[0.840s] DEBUG:colcon.colcon_core.event_handler.log_command:Invoking command in '/home/viktordg/Create3/build/irobot_create_description': CMAKE_PREFIX_PATH=/opt/ros/humble /usr/bin/cmake /home/viktordg/Create3/src/create3_sim/irobot_create_common/irobot_create_description -DCMAKE_INSTALL_PREFIX=/home/viktordg/Create3/install/irobot_create_description
[0.847s] DEBUG:colcon.colcon_core.event_handler.log_command:Invoking command in '/home/viktordg/Create3/build/irobot_create_ignition_plugins': CMAKE_PREFIX_PATH=/opt/ros/humble /usr/bin/cmake /home/viktordg/Create3/src/create3_sim/irobot_create_ignition/irobot_create_ignition_plugins -DCMAKE_INSTALL_PREFIX=/home/viktordg/Create3/install/irobot_create_ignition_plugins
[3.466s] DEBUG:colcon.colcon_core.event_handler.log_command:Invoked command in '/home/viktordg/Create3/build/irobot_create_control' returned '0': CMAKE_PREFIX_PATH=/opt/ros/humble /usr/bin/cmake /home/viktordg/Create3/src/create3_sim/irobot_create_common/irobot_create_control -DCMAKE_INSTALL_PREFIX=/home/viktordg/Create3/install/irobot_create_control
[3.467s] DEBUG:colcon.colcon_core.event_handler.log_command:Invoking command in '/home/viktordg/Create3/build/irobot_create_control': CMAKE_PREFIX_PATH=/opt/ros/humble /usr/bin/cmake --build /home/viktordg/Create3/build/irobot_create_control -- -j8 -l8
[3.502s] DEBUG:colcon.colcon_core.event_handler.log_command:Invoked command in '/home/viktordg/Create3/build/irobot_create_description' returned '0': CMAKE_PREFIX_PATH=/opt/ros/humble /usr/bin/cmake /home/viktordg/Create3/src/create3_sim/irobot_create_common/irobot_create_description -DCMAKE_INSTALL_PREFIX=/home/viktordg/Create3/install/irobot_create_description
[3.504s] DEBUG:colcon.colcon_core.event_handler.log_command:Invoking command in '/home/viktordg/Create3/build/irobot_create_description': CMAKE_PREFIX_PATH=/opt/ros/humble /usr/bin/cmake --build /home/viktordg/Create3/build/irobot_create_description -- -j8 -l8
[3.511s] DEBUG:colcon.colcon_core.event_handler.log_command:Invoked command in '/home/viktordg/Create3/build/irobot_create_control' returned '0': CMAKE_PREFIX_PATH=/opt/ros/humble /usr/bin/cmake --build /home/viktordg/Create3/build/irobot_create_control -- -j8 -l8
[3.567s] DEBUG:colcon.colcon_core.event_handler.log_command:Invoking command in '/home/viktordg/Create3/build/irobot_create_control': CMAKE_PREFIX_PATH=/opt/ros/humble /usr/bin/cmake --install /home/viktordg/Create3/build/irobot_create_control
[3.571s] DEBUG:colcon.colcon_core.event_handler.log_command:Invoked command in '/home/viktordg/Create3/build/irobot_create_description' returned '0': CMAKE_PREFIX_PATH=/opt/ros/humble /usr/bin/cmake --build /home/viktordg/Create3/build/irobot_create_description -- -j8 -l8
[3.588s] Level 1:colcon.colcon_core.environment:create_environment_scripts_only(irobot_create_control)
[3.589s] DEBUG:colcon.colcon_core.event_handler.log_command:Invoked command in '/home/viktordg/Create3/build/irobot_create_control' returned '0': CMAKE_PREFIX_PATH=/opt/ros/humble /usr/bin/cmake --install /home/viktordg/Create3/build/irobot_create_control
[3.593s] Level 1:colcon.colcon_core.environment:checking '/home/viktordg/Create3/install/irobot_create_control' for CMake module files
[3.594s] Level 1:colcon.colcon_core.environment:checking '/home/viktordg/Create3/install/irobot_create_control' for CMake config files
[3.594s] Level 1:colcon.colcon_core.shell:create_environment_hook('irobot_create_control', 'cmake_prefix_path')
[3.595s] INFO:colcon.colcon_core.shell:Creating environment hook '/home/viktordg/Create3/install/irobot_create_control/share/irobot_create_control/hook/cmake_prefix_path.ps1'
[3.596s] INFO:colcon.colcon_core.shell:Creating environment descriptor '/home/viktordg/Create3/install/irobot_create_control/share/irobot_create_control/hook/cmake_prefix_path.dsv'
[3.597s] INFO:colcon.colcon_core.shell:Creating environment hook '/home/viktordg/Create3/install/irobot_create_control/share/irobot_create_control/hook/cmake_prefix_path.sh'
[3.599s] Level 1:colcon.colcon_core.environment:checking '/home/viktordg/Create3/install/irobot_create_control/bin'
[3.599s] Level 1:colcon.colcon_core.environment:checking '/home/viktordg/Create3/install/irobot_create_control/lib/pkgconfig/irobot_create_control.pc'
[3.599s] Level 1:colcon.colcon_core.environment:checking '/home/viktordg/Create3/install/irobot_create_control/lib/python3.10/site-packages'
[3.600s] Level 1:colcon.colcon_core.environment:checking '/home/viktordg/Create3/install/irobot_create_control/bin'
[3.601s] INFO:colcon.colcon_core.shell:Creating package script '/home/viktordg/Create3/install/irobot_create_control/share/irobot_create_control/package.ps1'
[3.603s] INFO:colcon.colcon_core.shell:Creating package descriptor '/home/viktordg/Create3/install/irobot_create_control/share/irobot_create_control/package.dsv'
[3.605s] INFO:colcon.colcon_core.shell:Creating package script '/home/viktordg/Create3/install/irobot_create_control/share/irobot_create_control/package.sh'
[3.606s] INFO:colcon.colcon_core.shell:Creating package script '/home/viktordg/Create3/install/irobot_create_control/share/irobot_create_control/package.bash'
[3.608s] INFO:colcon.colcon_core.shell:Creating package script '/home/viktordg/Create3/install/irobot_create_control/share/irobot_create_control/package.zsh'
[3.610s] Level 1:colcon.colcon_core.environment:create_file_with_runtime_dependencies(/home/viktordg/Create3/install/irobot_create_control/share/colcon-core/packages/irobot_create_control)
[3.618s] DEBUG:colcon.colcon_core.event_handler.log_command:Invoking command in '/home/viktordg/Create3/build/irobot_create_description': CMAKE_PREFIX_PATH=/opt/ros/humble /usr/bin/cmake --install /home/viktordg/Create3/build/irobot_create_description
[3.642s] Level 1:colcon.colcon_core.environment:create_environment_scripts_only(irobot_create_control)
[3.643s] Level 1:colcon.colcon_core.environment:checking '/home/viktordg/Create3/install/irobot_create_control' for CMake module files
[3.649s] Level 1:colcon.colcon_core.environment:checking '/home/viktordg/Create3/install/irobot_create_control' for CMake config files
[3.656s] Level 1:colcon.colcon_core.shell:create_environment_hook('irobot_create_control', 'cmake_prefix_path')
[3.657s] INFO:colcon.colcon_core.shell:Creating environment hook '/home/viktordg/Create3/install/irobot_create_control/share/irobot_create_control/hook/cmake_prefix_path.ps1'
[3.657s] INFO:colcon.colcon_core.shell:Creating environment descriptor '/home/viktordg/Create3/install/irobot_create_control/share/irobot_create_control/hook/cmake_prefix_path.dsv'
[3.658s] INFO:colcon.colcon_core.shell:Creating environment hook '/home/viktordg/Create3/install/irobot_create_control/share/irobot_create_control/hook/cmake_prefix_path.sh'
[3.659s] Level 1:colcon.colcon_core.environment:checking '/home/viktordg/Create3/install/irobot_create_control/bin'
[3.659s] Level 1:colcon.colcon_core.environment:checking '/home/viktordg/Create3/install/irobot_create_control/lib/pkgconfig/irobot_create_control.pc'
[3.659s] Level 1:colcon.colcon_core.environment:checking '/home/viktordg/Create3/install/irobot_create_control/lib/python3.10/site-packages'
[3.659s] Level 1:colcon.colcon_core.environment:checking '/home/viktordg/Create3/install/irobot_create_control/bin'
[3.660s] INFO:colcon.colcon_core.shell:Creating package script '/home/viktordg/Create3/install/irobot_create_control/share/irobot_create_control/package.ps1'
[3.661s] INFO:colcon.colcon_core.shell:Creating package descriptor '/home/viktordg/Create3/install/irobot_create_control/share/irobot_create_control/package.dsv'
[3.662s] INFO:colcon.colcon_core.shell:Creating package script '/home/viktordg/Create3/install/irobot_create_control/share/irobot_create_control/package.sh'
[3.663s] INFO:colcon.colcon_core.shell:Creating package script '/home/viktordg/Create3/install/irobot_create_control/share/irobot_create_control/package.bash'
[3.663s] INFO:colcon.colcon_core.shell:Creating package script '/home/viktordg/Create3/install/irobot_create_control/share/irobot_create_control/package.zsh'
[3.664s] Level 1:colcon.colcon_core.environment:create_file_with_runtime_dependencies(/home/viktordg/Create3/install/irobot_create_control/share/colcon-core/packages/irobot_create_control)
[3.666s] Level 1:colcon.colcon_core.environment:create_environment_scripts_only(irobot_create_description)
[3.667s] Level 1:colcon.colcon_core.environment:checking '/home/viktordg/Create3/install/irobot_create_description' for CMake module files
[3.669s] DEBUG:colcon.colcon_core.event_handler.log_command:Invoked command in '/home/viktordg/Create3/build/irobot_create_description' returned '0': CMAKE_PREFIX_PATH=/opt/ros/humble /usr/bin/cmake --install /home/viktordg/Create3/build/irobot_create_description
[3.669s] Level 1:colcon.colcon_core.environment:checking '/home/viktordg/Create3/install/irobot_create_description' for CMake config files
[3.670s] Level 1:colcon.colcon_core.shell:create_environment_hook('irobot_create_description', 'cmake_prefix_path')
[3.670s] INFO:colcon.colcon_core.shell:Creating environment hook '/home/viktordg/Create3/install/irobot_create_description/share/irobot_create_description/hook/cmake_prefix_path.ps1'
[3.671s] INFO:colcon.colcon_core.shell:Creating environment descriptor '/home/viktordg/Create3/install/irobot_create_description/share/irobot_create_description/hook/cmake_prefix_path.dsv'
[3.671s] INFO:colcon.colcon_core.shell:Creating environment hook '/home/viktordg/Create3/install/irobot_create_description/share/irobot_create_description/hook/cmake_prefix_path.sh'
[3.672s] Level 1:colcon.colcon_core.environment:checking '/home/viktordg/Create3/install/irobot_create_description/bin'
[3.672s] Level 1:colcon.colcon_core.environment:checking '/home/viktordg/Create3/install/irobot_create_description/lib/pkgconfig/irobot_create_description.pc'
[3.672s] Level 1:colcon.colcon_core.environment:checking '/home/viktordg/Create3/install/irobot_create_description/lib/python3.10/site-packages'
[3.673s] Level 1:colcon.colcon_core.environment:checking '/home/viktordg/Create3/install/irobot_create_description/bin'
[3.673s] INFO:colcon.colcon_core.shell:Creating package script '/home/viktordg/Create3/install/irobot_create_description/share/irobot_create_description/package.ps1'
[3.674s] INFO:colcon.colcon_core.shell:Creating package descriptor '/home/viktordg/Create3/install/irobot_create_description/share/irobot_create_description/package.dsv'
[3.674s] INFO:colcon.colcon_core.shell:Creating package script '/home/viktordg/Create3/install/irobot_create_description/share/irobot_create_description/package.sh'
[3.676s] INFO:colcon.colcon_core.shell:Creating package script '/home/viktordg/Create3/install/irobot_create_description/share/irobot_create_description/package.bash'
[3.676s] INFO:colcon.colcon_core.shell:Creating package script '/home/viktordg/Create3/install/irobot_create_description/share/irobot_create_description/package.zsh'
[3.677s] Level 1:colcon.colcon_core.environment:create_file_with_runtime_dependencies(/home/viktordg/Create3/install/irobot_create_description/share/colcon-core/packages/irobot_create_description)
[3.702s] Level 1:colcon.colcon_core.environment:create_environment_scripts_only(irobot_create_description)
[3.702s] Level 1:colcon.colcon_core.environment:checking '/home/viktordg/Create3/install/irobot_create_description' for CMake module files
[3.702s] Level 1:colcon.colcon_core.environment:checking '/home/viktordg/Create3/install/irobot_create_description' for CMake config files
[3.703s] Level 1:colcon.colcon_core.shell:create_environment_hook('irobot_create_description', 'cmake_prefix_path')
[3.703s] INFO:colcon.colcon_core.shell:Creating environment hook '/home/viktordg/Create3/install/irobot_create_description/share/irobot_create_description/hook/cmake_prefix_path.ps1'
[3.703s] INFO:colcon.colcon_core.shell:Creating environment descriptor '/home/viktordg/Create3/install/irobot_create_description/share/irobot_create_description/hook/cmake_prefix_path.dsv'
[3.704s] INFO:colcon.colcon_core.shell:Creating environment hook '/home/viktordg/Create3/install/irobot_create_description/share/irobot_create_description/hook/cmake_prefix_path.sh'
[3.704s] Level 1:colcon.colcon_core.environment:checking '/home/viktordg/Create3/install/irobot_create_description/bin'
[3.704s] Level 1:colcon.colcon_core.environment:checking '/home/viktordg/Create3/install/irobot_create_description/lib/pkgconfig/irobot_create_description.pc'
[3.705s] Level 1:colcon.colcon_core.environment:checking '/home/viktordg/Create3/install/irobot_create_description/lib/python3.10/site-packages'
[3.705s] Level 1:colcon.colcon_core.environment:checking '/home/viktordg/Create3/install/irobot_create_description/bin'
[3.705s] INFO:colcon.colcon_core.shell:Creating package script '/home/viktordg/Create3/install/irobot_create_description/share/irobot_create_description/package.ps1'
[3.706s] INFO:colcon.colcon_core.shell:Creating package descriptor '/home/viktordg/Create3/install/irobot_create_description/share/irobot_create_description/package.dsv'
[3.706s] INFO:colcon.colcon_core.shell:Creating package script '/home/viktordg/Create3/install/irobot_create_description/share/irobot_create_description/package.sh'
[3.707s] INFO:colcon.colcon_core.shell:Creating package script '/home/viktordg/Create3/install/irobot_create_description/share/irobot_create_description/package.bash'
[3.707s] INFO:colcon.colcon_core.shell:Creating package script '/home/viktordg/Create3/install/irobot_create_description/share/irobot_create_description/package.zsh'
[3.709s] Level 1:colcon.colcon_core.environment:create_file_with_runtime_dependencies(/home/viktordg/Create3/install/irobot_create_description/share/colcon-core/packages/irobot_create_description)
[12.048s] DEBUG:colcon.colcon_core.event_handler.log_command:Invoked command in '/home/viktordg/Create3/build/irobot_create_toolbox' returned '0': CMAKE_PREFIX_PATH=/opt/ros/humble /usr/bin/cmake /home/viktordg/Create3/src/create3_sim/irobot_create_common/irobot_create_toolbox -DCMAKE_INSTALL_PREFIX=/home/viktordg/Create3/install/irobot_create_toolbox
[12.052s] DEBUG:colcon.colcon_core.event_handler.log_command:Invoking command in '/home/viktordg/Create3/build/irobot_create_toolbox': CMAKE_PREFIX_PATH=/opt/ros/humble /usr/bin/cmake --build /home/viktordg/Create3/build/irobot_create_toolbox -- -j8 -l8
[15.311s] DEBUG:colcon.colcon_core.event_handler.log_command:Invoked command in '/home/viktordg/Create3/build/irobot_create_toolbox' returned '0': CMAKE_PREFIX_PATH=/opt/ros/humble /usr/bin/cmake --build /home/viktordg/Create3/build/irobot_create_toolbox -- -j8 -l8
[15.336s] DEBUG:colcon.colcon_core.event_handler.log_command:Invoking command in '/home/viktordg/Create3/build/irobot_create_toolbox': CMAKE_PREFIX_PATH=/opt/ros/humble /usr/bin/cmake --install /home/viktordg/Create3/build/irobot_create_toolbox
[15.349s] Level 1:colcon.colcon_core.environment:create_environment_scripts_only(irobot_create_toolbox)
[15.350s] DEBUG:colcon.colcon_core.event_handler.log_command:Invoked command in '/home/viktordg/Create3/build/irobot_create_toolbox' returned '0': CMAKE_PREFIX_PATH=/opt/ros/humble /usr/bin/cmake --install /home/viktordg/Create3/build/irobot_create_toolbox
[15.350s] Level 1:colcon.colcon_core.environment:checking '/home/viktordg/Create3/install/irobot_create_toolbox' for CMake module files
[15.351s] Level 1:colcon.colcon_core.environment:checking '/home/viktordg/Create3/install/irobot_create_toolbox' for CMake config files
[15.351s] Level 1:colcon.colcon_core.shell:create_environment_hook('irobot_create_toolbox', 'cmake_prefix_path')
[15.351s] INFO:colcon.colcon_core.shell:Creating environment hook '/home/viktordg/Create3/install/irobot_create_toolbox/share/irobot_create_toolbox/hook/cmake_prefix_path.ps1'
[15.352s] INFO:colcon.colcon_core.shell:Creating environment descriptor '/home/viktordg/Create3/install/irobot_create_toolbox/share/irobot_create_toolbox/hook/cmake_prefix_path.dsv'
[15.353s] INFO:colcon.colcon_core.shell:Creating environment hook '/home/viktordg/Create3/install/irobot_create_toolbox/share/irobot_create_toolbox/hook/cmake_prefix_path.sh'
[15.353s] Level 1:colcon.colcon_core.environment:checking '/home/viktordg/Create3/install/irobot_create_toolbox/lib'
[15.353s] Level 1:colcon.colcon_core.shell:create_environment_hook('irobot_create_toolbox', 'ld_library_path_lib')
[15.354s] INFO:colcon.colcon_core.shell:Creating environment hook '/home/viktordg/Create3/install/irobot_create_toolbox/share/irobot_create_toolbox/hook/ld_library_path_lib.ps1'
[15.354s] INFO:colcon.colcon_core.shell:Creating environment descriptor '/home/viktordg/Create3/install/irobot_create_toolbox/share/irobot_create_toolbox/hook/ld_library_path_lib.dsv'
[15.354s] INFO:colcon.colcon_core.shell:Creating environment hook '/home/viktordg/Create3/install/irobot_create_toolbox/share/irobot_create_toolbox/hook/ld_library_path_lib.sh'
[15.355s] Level 1:colcon.colcon_core.environment:checking '/home/viktordg/Create3/install/irobot_create_toolbox/bin'
[15.355s] Level 1:colcon.colcon_core.environment:checking '/home/viktordg/Create3/install/irobot_create_toolbox/lib/pkgconfig/irobot_create_toolbox.pc'
[15.355s] Level 1:colcon.colcon_core.environment:checking '/home/viktordg/Create3/install/irobot_create_toolbox/lib/python3.10/site-packages'
[15.355s] Level 1:colcon.colcon_core.environment:checking '/home/viktordg/Create3/install/irobot_create_toolbox/bin'
[15.356s] INFO:colcon.colcon_core.shell:Creating package script '/home/viktordg/Create3/install/irobot_create_toolbox/share/irobot_create_toolbox/package.ps1'
[15.356s] INFO:colcon.colcon_core.shell:Creating package descriptor '/home/viktordg/Create3/install/irobot_create_toolbox/share/irobot_create_toolbox/package.dsv'
[15.357s] INFO:colcon.colcon_core.shell:Creating package script '/home/viktordg/Create3/install/irobot_create_toolbox/share/irobot_create_toolbox/package.sh'
[15.357s] INFO:colcon.colcon_core.shell:Creating package script '/home/viktordg/Create3/install/irobot_create_toolbox/share/irobot_create_toolbox/package.bash'
[15.357s] INFO:colcon.colcon_core.shell:Creating package script '/home/viktordg/Create3/install/irobot_create_toolbox/share/irobot_create_toolbox/package.zsh'
[15.358s] Level 1:colcon.colcon_core.environment:create_file_with_runtime_dependencies(/home/viktordg/Create3/install/irobot_create_toolbox/share/colcon-core/packages/irobot_create_toolbox)
[15.382s] Level 1:colcon.colcon_core.environment:create_environment_scripts_only(irobot_create_toolbox)
[15.383s] Level 1:colcon.colcon_core.environment:checking '/home/viktordg/Create3/install/irobot_create_toolbox' for CMake module files
[15.383s] Level 1:colcon.colcon_core.environment:checking '/home/viktordg/Create3/install/irobot_create_toolbox' for CMake config files
[15.383s] Level 1:colcon.colcon_core.shell:create_environment_hook('irobot_create_toolbox', 'cmake_prefix_path')
[15.383s] INFO:colcon.colcon_core.shell:Creating environment hook '/home/viktordg/Create3/install/irobot_create_toolbox/share/irobot_create_toolbox/hook/cmake_prefix_path.ps1'
[15.384s] INFO:colcon.colcon_core.shell:Creating environment descriptor '/home/viktordg/Create3/install/irobot_create_toolbox/share/irobot_create_toolbox/hook/cmake_prefix_path.dsv'
[15.384s] INFO:colcon.colcon_core.shell:Creating environment hook '/home/viktordg/Create3/install/irobot_create_toolbox/share/irobot_create_toolbox/hook/cmake_prefix_path.sh'
[15.385s] Level 1:colcon.colcon_core.environment:checking '/home/viktordg/Create3/install/irobot_create_toolbox/lib'
[15.385s] Level 1:colcon.colcon_core.shell:create_environment_hook('irobot_create_toolbox', 'ld_library_path_lib')
[15.385s] INFO:colcon.colcon_core.shell:Creating environment hook '/home/viktordg/Create3/install/irobot_create_toolbox/share/irobot_create_toolbox/hook/ld_library_path_lib.ps1'
[15.386s] INFO:colcon.colcon_core.shell:Creating environment descriptor '/home/viktordg/Create3/install/irobot_create_toolbox/share/irobot_create_toolbox/hook/ld_library_path_lib.dsv'
[15.387s] INFO:colcon.colcon_core.shell:Creating environment hook '/home/viktordg/Create3/install/irobot_create_toolbox/share/irobot_create_toolbox/hook/ld_library_path_lib.sh'
[15.388s] Level 1:colcon.colcon_core.environment:checking '/home/viktordg/Create3/install/irobot_create_toolbox/bin'
[15.388s] Level 1:colcon.colcon_core.environment:checking '/home/viktordg/Create3/install/irobot_create_toolbox/lib/pkgconfig/irobot_create_toolbox.pc'
[15.388s] Level 1:colcon.colcon_core.environment:checking '/home/viktordg/Create3/install/irobot_create_toolbox/lib/python3.10/site-packages'
[15.389s] Level 1:colcon.colcon_core.environment:checking '/home/viktordg/Create3/install/irobot_create_toolbox/bin'
[15.389s] INFO:colcon.colcon_core.shell:Creating package script '/home/viktordg/Create3/install/irobot_create_toolbox/share/irobot_create_toolbox/package.ps1'
[15.390s] INFO:colcon.colcon_core.shell:Creating package descriptor '/home/viktordg/Create3/install/irobot_create_toolbox/share/irobot_create_toolbox/package.dsv'
[15.391s] INFO:colcon.colcon_core.shell:Creating package script '/home/viktordg/Create3/install/irobot_create_toolbox/share/irobot_create_toolbox/package.sh'
[15.391s] INFO:colcon.colcon_core.shell:Creating package script '/home/viktordg/Create3/install/irobot_create_toolbox/share/irobot_create_toolbox/package.bash'
[15.392s] INFO:colcon.colcon_core.shell:Creating package script '/home/viktordg/Create3/install/irobot_create_toolbox/share/irobot_create_toolbox/package.zsh'
[15.392s] Level 1:colcon.colcon_core.environment:create_file_with_runtime_dependencies(/home/viktordg/Create3/install/irobot_create_toolbox/share/colcon-core/packages/irobot_create_toolbox)
[15.393s] INFO:colcon.colcon_ros.task.ament_cmake.build:Building ROS package in '/home/viktordg/Create3/src/create3_sim/irobot_create_common/irobot_create_nodes' with build type 'ament_cmake'
[15.393s] INFO:colcon.colcon_cmake.task.cmake.build:Building CMake package in '/home/viktordg/Create3/src/create3_sim/irobot_create_common/irobot_create_nodes'
[15.393s] INFO:colcon.colcon_core.shell:Skip shell extension 'powershell' for command environment: Not usable outside of PowerShell
[15.393s] DEBUG:colcon.colcon_core.shell:Skip shell extension 'dsv' for command environment
[15.398s] INFO:colcon.colcon_ros.task.ament_cmake.build:Building ROS package in '/home/viktordg/Create3/src/create3_sim/irobot_create_gazebo/irobot_create_gazebo_plugins' with build type 'ament_cmake'
[15.398s] INFO:colcon.colcon_cmake.task.cmake.build:Building CMake package in '/home/viktordg/Create3/src/create3_sim/irobot_create_gazebo/irobot_create_gazebo_plugins'
[15.399s] INFO:colcon.colcon_core.shell:Skip shell extension 'powershell' for command environment: Not usable outside of PowerShell
[15.399s] DEBUG:colcon.colcon_core.shell:Skip shell extension 'dsv' for command environment
[15.404s] INFO:colcon.colcon_ros.task.ament_cmake.build:Building ROS package in '/home/viktordg/Create3/src/create3_sim/irobot_create_ignition/irobot_create_ignition_toolbox' with build type 'ament_cmake'
[15.405s] INFO:colcon.colcon_cmake.task.cmake.build:Building CMake package in '/home/viktordg/Create3/src/create3_sim/irobot_create_ignition/irobot_create_ignition_toolbox'
[15.405s] INFO:colcon.colcon_core.shell:Skip shell extension 'powershell' for command environment: Not usable outside of PowerShell
[15.405s] DEBUG:colcon.colcon_core.shell:Skip shell extension 'dsv' for command environment
[15.508s] DEBUG:colcon.colcon_core.event_handler.log_command:Invoking command in '/home/viktordg/Create3/build/irobot_create_nodes': AMENT_PREFIX_PATH=/home/viktordg/Create3/install/irobot_create_toolbox:${AMENT_PREFIX_PATH} CMAKE_PREFIX_PATH=/home/viktordg/Create3/install/irobot_create_toolbox:/opt/ros/humble LD_LIBRARY_PATH=/home/viktordg/Create3/install/irobot_create_toolbox/lib:${LD_LIBRARY_PATH} /usr/bin/cmake /home/viktordg/Create3/src/create3_sim/irobot_create_common/irobot_create_nodes -DCMAKE_INSTALL_PREFIX=/home/viktordg/Create3/install/irobot_create_nodes
[15.509s] DEBUG:colcon.colcon_core.event_handler.log_command:Invoking command in '/home/viktordg/Create3/build/irobot_create_gazebo_plugins': AMENT_PREFIX_PATH=/home/viktordg/Create3/install/irobot_create_toolbox:${AMENT_PREFIX_PATH} CMAKE_PREFIX_PATH=/home/viktordg/Create3/install/irobot_create_toolbox:/opt/ros/humble LD_LIBRARY_PATH=/home/viktordg/Create3/install/irobot_create_toolbox/lib:${LD_LIBRARY_PATH} /usr/bin/cmake /home/viktordg/Create3/src/create3_sim/irobot_create_gazebo/irobot_create_gazebo_plugins -DCMAKE_INSTALL_PREFIX=/home/viktordg/Create3/install/irobot_create_gazebo_plugins
[15.586s] DEBUG:colcon.colcon_core.event_handler.log_command:Invoking command in '/home/viktordg/Create3/build/irobot_create_ignition_toolbox': AMENT_PREFIX_PATH=/home/viktordg/Create3/install/irobot_create_toolbox:${AMENT_PREFIX_PATH} CMAKE_PREFIX_PATH=/home/viktordg/Create3/install/irobot_create_toolbox:/opt/ros/humble LD_LIBRARY_PATH=/home/viktordg/Create3/install/irobot_create_toolbox/lib:${LD_LIBRARY_PATH} /usr/bin/cmake /home/viktordg/Create3/src/create3_sim/irobot_create_ignition/irobot_create_ignition_toolbox -DCMAKE_INSTALL_PREFIX=/home/viktordg/Create3/install/irobot_create_ignition_toolbox
[19.304s] DEBUG:colcon.colcon_core.event_handler.log_command:Invoked command in '/home/viktordg/Create3/build/irobot_create_ignition_plugins' returned '0': CMAKE_PREFIX_PATH=/opt/ros/humble /usr/bin/cmake /home/viktordg/Create3/src/create3_sim/irobot_create_ignition/irobot_create_ignition_plugins -DCMAKE_INSTALL_PREFIX=/home/viktordg/Create3/install/irobot_create_ignition_plugins
[19.307s] DEBUG:colcon.colcon_core.event_handler.log_command:Invoking command in '/home/viktordg/Create3/build/irobot_create_ignition_plugins': CMAKE_PREFIX_PATH=/opt/ros/humble /usr/bin/cmake --build /home/viktordg/Create3/build/irobot_create_ignition_plugins -- -j8 -l8
[23.212s] DEBUG:colcon.colcon_core.event_handler.log_command:Invoked command in '/home/viktordg/Create3/build/irobot_create_nodes' returned '0': AMENT_PREFIX_PATH=/home/viktordg/Create3/install/irobot_create_toolbox:${AMENT_PREFIX_PATH} CMAKE_PREFIX_PATH=/home/viktordg/Create3/install/irobot_create_toolbox:/opt/ros/humble LD_LIBRARY_PATH=/home/viktordg/Create3/install/irobot_create_toolbox/lib:${LD_LIBRARY_PATH} /usr/bin/cmake /home/viktordg/Create3/src/create3_sim/irobot_create_common/irobot_create_nodes -DCMAKE_INSTALL_PREFIX=/home/viktordg/Create3/install/irobot_create_nodes
[23.217s] DEBUG:colcon.colcon_core.event_handler.log_command:Invoking command in '/home/viktordg/Create3/build/irobot_create_nodes': AMENT_PREFIX_PATH=/home/viktordg/Create3/install/irobot_create_toolbox:${AMENT_PREFIX_PATH} CMAKE_PREFIX_PATH=/home/viktordg/Create3/install/irobot_create_toolbox:/opt/ros/humble LD_LIBRARY_PATH=/home/viktordg/Create3/install/irobot_create_toolbox/lib:${LD_LIBRARY_PATH} /usr/bin/cmake --build /home/viktordg/Create3/build/irobot_create_nodes -- -j8 -l8
[32.201s] DEBUG:colcon.colcon_core.event_handler.log_command:Invoked command in '/home/viktordg/Create3/build/irobot_create_ignition_toolbox' returned '0': AMENT_PREFIX_PATH=/home/viktordg/Create3/install/irobot_create_toolbox:${AMENT_PREFIX_PATH} CMAKE_PREFIX_PATH=/home/viktordg/Create3/install/irobot_create_toolbox:/opt/ros/humble LD_LIBRARY_PATH=/home/viktordg/Create3/install/irobot_create_toolbox/lib:${LD_LIBRARY_PATH} /usr/bin/cmake /home/viktordg/Create3/src/create3_sim/irobot_create_ignition/irobot_create_ignition_toolbox -DCMAKE_INSTALL_PREFIX=/home/viktordg/Create3/install/irobot_create_ignition_toolbox
[32.202s] DEBUG:colcon.colcon_core.event_handler.log_command:Invoking command in '/home/viktordg/Create3/build/irobot_create_ignition_toolbox': AMENT_PREFIX_PATH=/home/viktordg/Create3/install/irobot_create_toolbox:${AMENT_PREFIX_PATH} CMAKE_PREFIX_PATH=/home/viktordg/Create3/install/irobot_create_toolbox:/opt/ros/humble LD_LIBRARY_PATH=/home/viktordg/Create3/install/irobot_create_toolbox/lib:${LD_LIBRARY_PATH} /usr/bin/cmake --build /home/viktordg/Create3/build/irobot_create_ignition_toolbox -- -j8 -l8
[152.428s] DEBUG:colcon.colcon_parallel_executor.executor.parallel:run_until_complete was interrupted
[152.591s] DEBUG:colcon.colcon_parallel_executor.executor.parallel:run_until_complete again
[152.727s] DEBUG:colcon.colcon_core.event_handler.log_command:Invoked command in '/home/viktordg/Create3/build/irobot_create_gazebo_plugins' returned '-2': AMENT_PREFIX_PATH=/home/viktordg/Create3/install/irobot_create_toolbox:${AMENT_PREFIX_PATH} CMAKE_PREFIX_PATH=/home/viktordg/Create3/install/irobot_create_toolbox:/opt/ros/humble LD_LIBRARY_PATH=/home/viktordg/Create3/install/irobot_create_toolbox/lib:${LD_LIBRARY_PATH} /usr/bin/cmake /home/viktordg/Create3/src/create3_sim/irobot_create_gazebo/irobot_create_gazebo_plugins -DCMAKE_INSTALL_PREFIX=/home/viktordg/Create3/install/irobot_create_gazebo_plugins
[152.972s] DEBUG:colcon.colcon_core.event_handler.log_command:Invoked command in '/home/viktordg/Create3/build/irobot_create_ignition_toolbox' returned '-2': AMENT_PREFIX_PATH=/home/viktordg/Create3/install/irobot_create_toolbox:${AMENT_PREFIX_PATH} CMAKE_PREFIX_PATH=/home/viktordg/Create3/install/irobot_create_toolbox:/opt/ros/humble LD_LIBRARY_PATH=/home/viktordg/Create3/install/irobot_create_toolbox/lib:${LD_LIBRARY_PATH} /usr/bin/cmake --build /home/viktordg/Create3/build/irobot_create_ignition_toolbox -- -j8 -l8
[153.015s] DEBUG:colcon.colcon_parallel_executor.executor.parallel:run_until_complete finished
[153.015s] DEBUG:colcon.colcon_parallel_executor.executor.parallel:closing loop
[153.032s] DEBUG:colcon.colcon_parallel_executor.executor.parallel:loop closed
[153.039s] DEBUG:colcon.colcon_core.event_reactor:joining thread
[153.409s] INFO:colcon.colcon_core.plugin_system:Skipping extension 'colcon_notification.desktop_notification.notify_send': Could not find 'notify-send'
[153.409s] INFO:colcon.colcon_core.plugin_system:Skipping extension 'colcon_notification.desktop_notification.terminal_notifier': Not used on non-Darwin systems
[153.410s] INFO:colcon.colcon_core.plugin_system:Skipping extension 'colcon_notification.desktop_notification.win32': Not used on non-Windows systems
[153.410s] INFO:colcon.colcon_notification.desktop_notification:Sending desktop notification using 'notify2'
[153.412s] DEBUG:colcon.colcon_notification.desktop_notification.notify2:Failed to initialize notify2: org.freedesktop.DBus.Error.FileNotFound: Failed to connect to socket /run/user/1000/bus: No such file or directory
[153.412s] DEBUG:colcon.colcon_core.event_reactor:joined thread
[153.421s] INFO:colcon.colcon_core.shell:Creating prefix script '/home/viktordg/Create3/install/local_setup.ps1'
[153.452s] INFO:colcon.colcon_core.shell:Creating prefix util module '/home/viktordg/Create3/install/_local_setup_util_ps1.py'
[153.458s] INFO:colcon.colcon_core.shell:Creating prefix chain script '/home/viktordg/Create3/install/setup.ps1'
[153.469s] INFO:colcon.colcon_core.shell:Creating prefix script '/home/viktordg/Create3/install/local_setup.sh'
[153.472s] INFO:colcon.colcon_core.shell:Creating prefix util module '/home/viktordg/Create3/install/_local_setup_util_sh.py'
[153.474s] INFO:colcon.colcon_core.shell:Creating prefix chain script '/home/viktordg/Create3/install/setup.sh'
[153.477s] INFO:colcon.colcon_core.shell:Creating prefix script '/home/viktordg/Create3/install/local_setup.bash'
[153.480s] INFO:colcon.colcon_core.shell:Creating prefix chain script '/home/viktordg/Create3/install/setup.bash'
[153.484s] INFO:colcon.colcon_core.shell:Creating prefix script '/home/viktordg/Create3/install/local_setup.zsh'
[153.488s] INFO:colcon.colcon_core.shell:Creating prefix chain script '/home/viktordg/Create3/install/setup.zsh'
