[0.733s] Invoking command in '/home/viktordg/Create3/build/irobot_create_ignition_bringup': AMENT_PREFIX_PATH=/home/viktordg/Create3/install/irobot_create_common_bringup:/home/viktordg/Create3/install/irobot_create_nodes:/home/viktordg/Create3/install/irobot_create_ignition_toolbox:/home/viktordg/Create3/install/irobot_create_toolbox:/home/viktordg/Create3/install/irobot_create_ignition_plugins:/home/viktordg/Create3/install/irobot_create_description:/home/viktordg/Create3/install/irobot_create_control:${AMENT_PREFIX_PATH} CMAKE_PREFIX_PATH=/home/viktordg/Create3/install/irobot_create_common_bringup:/home/viktordg/Create3/install/irobot_create_nodes:/home/viktordg/Create3/install/irobot_create_ignition_toolbox:/home/viktordg/Create3/install/irobot_create_toolbox:/home/viktordg/Create3/install/irobot_create_ignition_plugins:/home/viktordg/Create3/install/irobot_create_description:/home/viktordg/Create3/install/irobot_create_control:/opt/ros/humble LD_LIBRARY_PATH=/home/viktordg/Create3/install/irobot_create_nodes/lib:/home/viktordg/Create3/install/irobot_create_ignition_toolbox/lib:/home/viktordg/Create3/install/irobot_create_toolbox/lib:${LD_LIBRARY_PATH} PYTHONPATH=/home/viktordg/Create3/install/irobot_create_common_bringup/local/lib/python3.10/dist-packages:${PYTHONPATH} /usr/bin/cmake /home/viktordg/Create3/src/create3_sim/irobot_create_ignition/irobot_create_ignition_bringup -DAMENT_CMAKE_SYMLINK_INSTALL=1 -DCMAKE_INSTALL_PREFIX=/home/viktordg/Create3/install/irobot_create_ignition_bringup
[0.953s] -- The C compiler identification is GNU 11.4.0
[2.117s] -- The CXX compiler identification is GNU 11.4.0
[2.838s] -- Detecting C compiler ABI info
[3.079s] -- Detecting C compiler ABI info - done
[3.089s] -- Check for working C compiler: /usr/bin/cc - skipped
[3.090s] -- Detecting C compile features
[3.090s] -- Detecting C compile features - done
[3.094s] -- Detecting CXX compiler ABI info
[3.335s] -- Detecting CXX compiler ABI info - done
[3.346s] -- Check for working CXX compiler: /usr/bin/c++ - skipped
[3.347s] -- Detecting CXX compile features
[3.347s] -- Detecting CXX compile features - done
[3.351s] -- Found ament_cmake: 1.3.10 (/opt/ros/humble/share/ament_cmake/cmake)
[3.564s] -- Found Python3: /usr/bin/python3 (found version "3.10.12") found components: Interpreter 
[3.659s] -- Override CMake install command with custom implementation using symlinks instead of copying resources
[4.044s] -- Found rosidl_generator_c: 3.1.5 (/opt/ros/humble/share/rosidl_generator_c/cmake)
[4.057s] -- Found rosidl_adapter: 3.1.5 (/opt/ros/humble/share/rosidl_adapter/cmake)
[4.079s] -- Found rosidl_generator_cpp: 3.1.5 (/opt/ros/humble/share/rosidl_generator_cpp/cmake)
[4.121s] -- Using all available rosidl_typesupport_c: rosidl_typesupport_fastrtps_c;rosidl_typesupport_introspection_c
[4.161s] -- Using all available rosidl_typesupport_cpp: rosidl_typesupport_fastrtps_cpp;rosidl_typesupport_introspection_cpp
[4.365s] -- Found ament_lint_auto: 0.12.11 (/opt/ros/humble/share/ament_lint_auto/cmake)
[4.491s] -- Added test 'flake8' to check Python code syntax and style conventions
[4.493s] -- Added test 'lint_cmake' to check CMake code style
[4.494s] -- Added test 'pep257' to check Python code against some of the docstring style conventions in PEP 257
[4.496s] -- Added test 'xmllint' to check XML markup files
[4.498s] -- Configuring done
[4.506s] -- Generating done
[4.508s] -- Build files have been written to: /home/viktordg/Create3/build/irobot_create_ignition_bringup
[4.521s] Invoked command in '/home/viktordg/Create3/build/irobot_create_ignition_bringup' returned '0': AMENT_PREFIX_PATH=/home/viktordg/Create3/install/irobot_create_common_bringup:/home/viktordg/Create3/install/irobot_create_nodes:/home/viktordg/Create3/install/irobot_create_ignition_toolbox:/home/viktordg/Create3/install/irobot_create_toolbox:/home/viktordg/Create3/install/irobot_create_ignition_plugins:/home/viktordg/Create3/install/irobot_create_description:/home/viktordg/Create3/install/irobot_create_control:${AMENT_PREFIX_PATH} CMAKE_PREFIX_PATH=/home/viktordg/Create3/install/irobot_create_common_bringup:/home/viktordg/Create3/install/irobot_create_nodes:/home/viktordg/Create3/install/irobot_create_ignition_toolbox:/home/viktordg/Create3/install/irobot_create_toolbox:/home/viktordg/Create3/install/irobot_create_ignition_plugins:/home/viktordg/Create3/install/irobot_create_description:/home/viktordg/Create3/install/irobot_create_control:/opt/ros/humble LD_LIBRARY_PATH=/home/viktordg/Create3/install/irobot_create_nodes/lib:/home/viktordg/Create3/install/irobot_create_ignition_toolbox/lib:/home/viktordg/Create3/install/irobot_create_toolbox/lib:${LD_LIBRARY_PATH} PYTHONPATH=/home/viktordg/Create3/install/irobot_create_common_bringup/local/lib/python3.10/dist-packages:${PYTHONPATH} /usr/bin/cmake /home/viktordg/Create3/src/create3_sim/irobot_create_ignition/irobot_create_ignition_bringup -DAMENT_CMAKE_SYMLINK_INSTALL=1 -DCMAKE_INSTALL_PREFIX=/home/viktordg/Create3/install/irobot_create_ignition_bringup
[4.525s] Invoking command in '/home/viktordg/Create3/build/irobot_create_ignition_bringup': AMENT_PREFIX_PATH=/home/viktordg/Create3/install/irobot_create_common_bringup:/home/viktordg/Create3/install/irobot_create_nodes:/home/viktordg/Create3/install/irobot_create_ignition_toolbox:/home/viktordg/Create3/install/irobot_create_toolbox:/home/viktordg/Create3/install/irobot_create_ignition_plugins:/home/viktordg/Create3/install/irobot_create_description:/home/viktordg/Create3/install/irobot_create_control:${AMENT_PREFIX_PATH} CMAKE_PREFIX_PATH=/home/viktordg/Create3/install/irobot_create_common_bringup:/home/viktordg/Create3/install/irobot_create_nodes:/home/viktordg/Create3/install/irobot_create_ignition_toolbox:/home/viktordg/Create3/install/irobot_create_toolbox:/home/viktordg/Create3/install/irobot_create_ignition_plugins:/home/viktordg/Create3/install/irobot_create_description:/home/viktordg/Create3/install/irobot_create_control:/opt/ros/humble LD_LIBRARY_PATH=/home/viktordg/Create3/install/irobot_create_nodes/lib:/home/viktordg/Create3/install/irobot_create_ignition_toolbox/lib:/home/viktordg/Create3/install/irobot_create_toolbox/lib:${LD_LIBRARY_PATH} PYTHONPATH=/home/viktordg/Create3/install/irobot_create_common_bringup/local/lib/python3.10/dist-packages:${PYTHONPATH} /usr/bin/cmake --build /home/viktordg/Create3/build/irobot_create_ignition_bringup -- -j8 -l8
[4.594s] Invoked command in '/home/viktordg/Create3/build/irobot_create_ignition_bringup' returned '0': AMENT_PREFIX_PATH=/home/viktordg/Create3/install/irobot_create_common_bringup:/home/viktordg/Create3/install/irobot_create_nodes:/home/viktordg/Create3/install/irobot_create_ignition_toolbox:/home/viktordg/Create3/install/irobot_create_toolbox:/home/viktordg/Create3/install/irobot_create_ignition_plugins:/home/viktordg/Create3/install/irobot_create_description:/home/viktordg/Create3/install/irobot_create_control:${AMENT_PREFIX_PATH} CMAKE_PREFIX_PATH=/home/viktordg/Create3/install/irobot_create_common_bringup:/home/viktordg/Create3/install/irobot_create_nodes:/home/viktordg/Create3/install/irobot_create_ignition_toolbox:/home/viktordg/Create3/install/irobot_create_toolbox:/home/viktordg/Create3/install/irobot_create_ignition_plugins:/home/viktordg/Create3/install/irobot_create_description:/home/viktordg/Create3/install/irobot_create_control:/opt/ros/humble LD_LIBRARY_PATH=/home/viktordg/Create3/install/irobot_create_nodes/lib:/home/viktordg/Create3/install/irobot_create_ignition_toolbox/lib:/home/viktordg/Create3/install/irobot_create_toolbox/lib:${LD_LIBRARY_PATH} PYTHONPATH=/home/viktordg/Create3/install/irobot_create_common_bringup/local/lib/python3.10/dist-packages:${PYTHONPATH} /usr/bin/cmake --build /home/viktordg/Create3/build/irobot_create_ignition_bringup -- -j8 -l8
[4.632s] Invoking command in '/home/viktordg/Create3/build/irobot_create_ignition_bringup': AMENT_PREFIX_PATH=/home/viktordg/Create3/install/irobot_create_common_bringup:/home/viktordg/Create3/install/irobot_create_nodes:/home/viktordg/Create3/install/irobot_create_ignition_toolbox:/home/viktordg/Create3/install/irobot_create_toolbox:/home/viktordg/Create3/install/irobot_create_ignition_plugins:/home/viktordg/Create3/install/irobot_create_description:/home/viktordg/Create3/install/irobot_create_control:${AMENT_PREFIX_PATH} CMAKE_PREFIX_PATH=/home/viktordg/Create3/install/irobot_create_common_bringup:/home/viktordg/Create3/install/irobot_create_nodes:/home/viktordg/Create3/install/irobot_create_ignition_toolbox:/home/viktordg/Create3/install/irobot_create_toolbox:/home/viktordg/Create3/install/irobot_create_ignition_plugins:/home/viktordg/Create3/install/irobot_create_description:/home/viktordg/Create3/install/irobot_create_control:/opt/ros/humble LD_LIBRARY_PATH=/home/viktordg/Create3/install/irobot_create_nodes/lib:/home/viktordg/Create3/install/irobot_create_ignition_toolbox/lib:/home/viktordg/Create3/install/irobot_create_toolbox/lib:${LD_LIBRARY_PATH} PYTHONPATH=/home/viktordg/Create3/install/irobot_create_common_bringup/local/lib/python3.10/dist-packages:${PYTHONPATH} /usr/bin/cmake --install /home/viktordg/Create3/build/irobot_create_ignition_bringup
[4.643s] -- Install configuration: ""
[4.643s] -- Execute custom install script
[4.645s] -- Symlinking: /home/viktordg/Create3/install/irobot_create_ignition_bringup/share/irobot_create_ignition_bringup/gui/create3/gui.config
[4.660s] -- Symlinking: /home/viktordg/Create3/install/irobot_create_ignition_bringup/share/irobot_create_ignition_bringup/launch/create3_ignition.launch.py
[4.673s] -- Symlinking: /home/viktordg/Create3/install/irobot_create_ignition_bringup/share/irobot_create_ignition_bringup/launch/create3_ignition_nodes.launch.py
[4.688s] -- Symlinking: /home/viktordg/Create3/install/irobot_create_ignition_bringup/share/irobot_create_ignition_bringup/launch/create3_ros_ignition_bridge.launch.py
[4.703s] -- Symlinking: /home/viktordg/Create3/install/irobot_create_ignition_bringup/share/irobot_create_ignition_bringup/launch/create3_spawn.launch.py
[4.718s] -- Symlinking: /home/viktordg/Create3/install/irobot_create_ignition_bringup/share/irobot_create_ignition_bringup/launch/ignition.launch.py
[4.732s] -- Symlinking: /home/viktordg/Create3/install/irobot_create_ignition_bringup/share/irobot_create_ignition_bringup/worlds/depot.sdf
[4.745s] -- Symlinking: /home/viktordg/Create3/install/irobot_create_ignition_bringup/share/irobot_create_ignition_bringup/worlds/maze.sdf
[4.761s] -- Symlinking: /home/viktordg/Create3/install/irobot_create_ignition_bringup/share/irobot_create_ignition_bringup/config/pose_republisher_params.yaml
[4.779s] -- Symlinking: /home/viktordg/Create3/install/irobot_create_ignition_bringup/share/irobot_create_ignition_bringup/config/sensors_params.yaml
[4.795s] -- Symlinking: /home/viktordg/Create3/install/irobot_create_ignition_bringup/share/ament_index/resource_index/package_run_dependencies/irobot_create_ignition_bringup
[4.815s] -- Symlinking: /home/viktordg/Create3/install/irobot_create_ignition_bringup/share/ament_index/resource_index/parent_prefix_path/irobot_create_ignition_bringup
[4.835s] -- Symlinking: /home/viktordg/Create3/install/irobot_create_ignition_bringup/share/irobot_create_ignition_bringup/environment/ament_prefix_path.sh
[4.850s] -- Symlinking: /home/viktordg/Create3/install/irobot_create_ignition_bringup/share/irobot_create_ignition_bringup/environment/ament_prefix_path.dsv
[4.868s] -- Symlinking: /home/viktordg/Create3/install/irobot_create_ignition_bringup/share/irobot_create_ignition_bringup/environment/path.sh
[4.882s] -- Symlinking: /home/viktordg/Create3/install/irobot_create_ignition_bringup/share/irobot_create_ignition_bringup/environment/path.dsv
[4.896s] -- Symlinking: /home/viktordg/Create3/install/irobot_create_ignition_bringup/share/irobot_create_ignition_bringup/local_setup.bash
[4.911s] -- Symlinking: /home/viktordg/Create3/install/irobot_create_ignition_bringup/share/irobot_create_ignition_bringup/local_setup.sh
[4.925s] -- Symlinking: /home/viktordg/Create3/install/irobot_create_ignition_bringup/share/irobot_create_ignition_bringup/local_setup.zsh
[4.939s] -- Symlinking: /home/viktordg/Create3/install/irobot_create_ignition_bringup/share/irobot_create_ignition_bringup/local_setup.dsv
[4.953s] -- Symlinking: /home/viktordg/Create3/install/irobot_create_ignition_bringup/share/irobot_create_ignition_bringup/package.dsv
[4.970s] -- Symlinking: /home/viktordg/Create3/install/irobot_create_ignition_bringup/share/ament_index/resource_index/packages/irobot_create_ignition_bringup
[4.983s] -- Symlinking: /home/viktordg/Create3/install/irobot_create_ignition_bringup/share/irobot_create_ignition_bringup/cmake/irobot_create_ignition_bringupConfig.cmake
[4.997s] -- Symlinking: /home/viktordg/Create3/install/irobot_create_ignition_bringup/share/irobot_create_ignition_bringup/cmake/irobot_create_ignition_bringupConfig-version.cmake
[5.012s] -- Symlinking: /home/viktordg/Create3/install/irobot_create_ignition_bringup/share/irobot_create_ignition_bringup/package.xml
[5.033s] Invoked command in '/home/viktordg/Create3/build/irobot_create_ignition_bringup' returned '0': AMENT_PREFIX_PATH=/home/viktordg/Create3/install/irobot_create_common_bringup:/home/viktordg/Create3/install/irobot_create_nodes:/home/viktordg/Create3/install/irobot_create_ignition_toolbox:/home/viktordg/Create3/install/irobot_create_toolbox:/home/viktordg/Create3/install/irobot_create_ignition_plugins:/home/viktordg/Create3/install/irobot_create_description:/home/viktordg/Create3/install/irobot_create_control:${AMENT_PREFIX_PATH} CMAKE_PREFIX_PATH=/home/viktordg/Create3/install/irobot_create_common_bringup:/home/viktordg/Create3/install/irobot_create_nodes:/home/viktordg/Create3/install/irobot_create_ignition_toolbox:/home/viktordg/Create3/install/irobot_create_toolbox:/home/viktordg/Create3/install/irobot_create_ignition_plugins:/home/viktordg/Create3/install/irobot_create_description:/home/viktordg/Create3/install/irobot_create_control:/opt/ros/humble LD_LIBRARY_PATH=/home/viktordg/Create3/install/irobot_create_nodes/lib:/home/viktordg/Create3/install/irobot_create_ignition_toolbox/lib:/home/viktordg/Create3/install/irobot_create_toolbox/lib:${LD_LIBRARY_PATH} PYTHONPATH=/home/viktordg/Create3/install/irobot_create_common_bringup/local/lib/python3.10/dist-packages:${PYTHONPATH} /usr/bin/cmake --install /home/viktordg/Create3/build/irobot_create_ignition_bringup
