[0.024s] Invoking command in '/home/viktordg/Create3/build/irobot_create_toolbox': CMAKE_PREFIX_PATH=/opt/ros/humble /usr/bin/cmake /home/viktordg/Create3/src/create3_sim/irobot_create_common/irobot_create_toolbox -DCMAKE_INSTALL_PREFIX=/home/viktordg/Create3/install/irobot_create_toolbox
[0.343s] -- The C compiler identification is GNU 11.4.0
[0.994s] -- The CXX compiler identification is GNU 11.4.0
[1.600s] -- Detecting C compiler ABI info
[1.837s] -- Detecting C compiler ABI info - done
[1.848s] -- Check for working C compiler: /usr/bin/cc - skipped
[1.849s] -- Detecting C compile features
[1.851s] -- Detecting C compile features - done
[1.858s] -- Detecting CXX compiler ABI info
[2.088s] -- Detecting CXX compiler ABI info - done
[2.102s] -- Check for working CXX compiler: /usr/bin/c++ - skipped
[2.103s] -- Detecting CXX compile features
[2.104s] -- Detecting CXX compile features - done
[2.117s] -- Found ament_cmake: 1.3.10 (/opt/ros/humble/share/ament_cmake/cmake)
[2.382s] -- Found Python3: /usr/bin/python3 (found version "3.10.12") found components: Interpreter 
[2.537s] -- Looking for ignition-math6 -- found version 6.15.1
[2.556s] -- Searching for dependencies of ignition-math6
[2.562s] -- Found rclcpp: 16.0.10 (/opt/ros/humble/share/rclcpp/cmake)
[2.895s] -- Found rosidl_generator_c: 3.1.5 (/opt/ros/humble/share/rosidl_generator_c/cmake)
[2.904s] -- Found rosidl_adapter: 3.1.5 (/opt/ros/humble/share/rosidl_adapter/cmake)
[2.920s] -- Found rosidl_generator_cpp: 3.1.5 (/opt/ros/humble/share/rosidl_generator_cpp/cmake)
[2.948s] -- Using all available rosidl_typesupport_c: rosidl_typesupport_fastrtps_c;rosidl_typesupport_introspection_c
[2.978s] -- Using all available rosidl_typesupport_cpp: rosidl_typesupport_fastrtps_cpp;rosidl_typesupport_introspection_cpp
[3.072s] -- Found rmw_implementation_cmake: 6.1.2 (/opt/ros/humble/share/rmw_implementation_cmake/cmake)
[3.078s] -- Found rmw_fastrtps_cpp: 6.2.7 (/opt/ros/humble/share/rmw_fastrtps_cpp/cmake)
[3.842s] -- Found OpenSSL: /usr/lib/x86_64-linux-gnu/libcrypto.so (found version "3.0.2")  
[6.198s] -- Found FastRTPS: /opt/ros/humble/include  
[10.479s] -- Using RMW implementation 'rmw_fastrtps_cpp' as default
[10.510s] -- Looking for pthread.h
[10.782s] -- Looking for pthread.h - found
[10.782s] -- Performing Test CMAKE_HAVE_LIBC_PTHREAD
[11.014s] -- Performing Test CMAKE_HAVE_LIBC_PTHREAD - Success
[11.016s] -- Found Threads: TRUE  
[11.118s] -- Found ament_lint_auto: 0.12.11 (/opt/ros/humble/share/ament_lint_auto/cmake)
[11.212s] -- Added test 'cppcheck' to perform static code analysis on C / C++ code
[11.212s] -- Configured cppcheck include dirs: /home/viktordg/Create3/src/create3_sim/irobot_create_common/irobot_create_toolbox/include
[11.212s] -- Configured cppcheck exclude dirs and/or files: 
[11.213s] -- Added test 'cpplint' to check C / C++ code against the Google style
[11.213s] -- Configured cpplint exclude dirs and/or files: 
[11.214s] -- Added test 'lint_cmake' to check CMake code style
[11.215s] -- Added test 'uncrustify' to check C / C++ code style
[11.215s] -- Configured uncrustify additional arguments: 
[11.216s] -- Added test 'xmllint' to check XML markup files
[11.218s] -- Configuring done
[11.230s] -- Generating done
[11.232s] -- Build files have been written to: /home/viktordg/Create3/build/irobot_create_toolbox
[11.244s] Invoked command in '/home/viktordg/Create3/build/irobot_create_toolbox' returned '0': CMAKE_PREFIX_PATH=/opt/ros/humble /usr/bin/cmake /home/viktordg/Create3/src/create3_sim/irobot_create_common/irobot_create_toolbox -DCMAKE_INSTALL_PREFIX=/home/viktordg/Create3/install/irobot_create_toolbox
[11.247s] Invoking command in '/home/viktordg/Create3/build/irobot_create_toolbox': CMAKE_PREFIX_PATH=/opt/ros/humble /usr/bin/cmake --build /home/viktordg/Create3/build/irobot_create_toolbox -- -j8 -l8
[11.297s] [ 50%] [32mBuilding CXX object CMakeFiles/irobot_create_toolbox.dir/src/polar_coordinates.cpp.o[0m
[14.170s] [100%] [32m[1mLinking CXX shared library libirobot_create_toolbox.so[0m
[14.495s] [100%] Built target irobot_create_toolbox
[14.507s] Invoked command in '/home/viktordg/Create3/build/irobot_create_toolbox' returned '0': CMAKE_PREFIX_PATH=/opt/ros/humble /usr/bin/cmake --build /home/viktordg/Create3/build/irobot_create_toolbox -- -j8 -l8
[14.532s] Invoking command in '/home/viktordg/Create3/build/irobot_create_toolbox': CMAKE_PREFIX_PATH=/opt/ros/humble /usr/bin/cmake --install /home/viktordg/Create3/build/irobot_create_toolbox
[14.537s] -- Install configuration: ""
[14.538s] -- Installing: /home/viktordg/Create3/install/irobot_create_toolbox/lib/libirobot_create_toolbox.so
[14.539s] -- Set runtime path of "/home/viktordg/Create3/install/irobot_create_toolbox/lib/libirobot_create_toolbox.so" to ""
[14.539s] -- Installing: /home/viktordg/Create3/install/irobot_create_toolbox/include
[14.539s] -- Installing: /home/viktordg/Create3/install/irobot_create_toolbox/include/irobot_create_toolbox
[14.539s] -- Installing: /home/viktordg/Create3/install/irobot_create_toolbox/include/irobot_create_toolbox/polar_coordinates.hpp
[14.540s] -- Installing: /home/viktordg/Create3/install/irobot_create_toolbox/include/irobot_create_toolbox/math.hpp
[14.540s] -- Installing: /home/viktordg/Create3/install/irobot_create_toolbox/include/irobot_create_toolbox/sensors
[14.540s] -- Installing: /home/viktordg/Create3/install/irobot_create_toolbox/include/irobot_create_toolbox/sensors/bumpers.hpp
[14.540s] -- Installing: /home/viktordg/Create3/install/irobot_create_toolbox/share/irobot_create_toolbox/environment/library_path.sh
[14.540s] -- Installing: /home/viktordg/Create3/install/irobot_create_toolbox/share/irobot_create_toolbox/environment/library_path.dsv
[14.540s] -- Installing: /home/viktordg/Create3/install/irobot_create_toolbox/share/ament_index/resource_index/package_run_dependencies/irobot_create_toolbox
[14.541s] -- Installing: /home/viktordg/Create3/install/irobot_create_toolbox/share/ament_index/resource_index/parent_prefix_path/irobot_create_toolbox
[14.541s] -- Installing: /home/viktordg/Create3/install/irobot_create_toolbox/share/irobot_create_toolbox/environment/ament_prefix_path.sh
[14.541s] -- Installing: /home/viktordg/Create3/install/irobot_create_toolbox/share/irobot_create_toolbox/environment/ament_prefix_path.dsv
[14.542s] -- Installing: /home/viktordg/Create3/install/irobot_create_toolbox/share/irobot_create_toolbox/environment/path.sh
[14.542s] -- Installing: /home/viktordg/Create3/install/irobot_create_toolbox/share/irobot_create_toolbox/environment/path.dsv
[14.542s] -- Installing: /home/viktordg/Create3/install/irobot_create_toolbox/share/irobot_create_toolbox/local_setup.bash
[14.542s] -- Installing: /home/viktordg/Create3/install/irobot_create_toolbox/share/irobot_create_toolbox/local_setup.sh
[14.543s] -- Installing: /home/viktordg/Create3/install/irobot_create_toolbox/share/irobot_create_toolbox/local_setup.zsh
[14.543s] -- Installing: /home/viktordg/Create3/install/irobot_create_toolbox/share/irobot_create_toolbox/local_setup.dsv
[14.543s] -- Installing: /home/viktordg/Create3/install/irobot_create_toolbox/share/irobot_create_toolbox/package.dsv
[14.543s] -- Installing: /home/viktordg/Create3/install/irobot_create_toolbox/share/ament_index/resource_index/packages/irobot_create_toolbox
[14.544s] -- Installing: /home/viktordg/Create3/install/irobot_create_toolbox/share/irobot_create_toolbox/cmake/ament_cmake_export_include_directories-extras.cmake
[14.544s] -- Installing: /home/viktordg/Create3/install/irobot_create_toolbox/share/irobot_create_toolbox/cmake/ament_cmake_export_libraries-extras.cmake
[14.544s] -- Installing: /home/viktordg/Create3/install/irobot_create_toolbox/share/irobot_create_toolbox/cmake/ament_cmake_export_dependencies-extras.cmake
[14.544s] -- Installing: /home/viktordg/Create3/install/irobot_create_toolbox/share/irobot_create_toolbox/cmake/irobot_create_toolboxConfig.cmake
[14.544s] -- Installing: /home/viktordg/Create3/install/irobot_create_toolbox/share/irobot_create_toolbox/cmake/irobot_create_toolboxConfig-version.cmake
[14.544s] -- Installing: /home/viktordg/Create3/install/irobot_create_toolbox/share/irobot_create_toolbox/package.xml
[14.546s] Invoked command in '/home/viktordg/Create3/build/irobot_create_toolbox' returned '0': CMAKE_PREFIX_PATH=/opt/ros/humble /usr/bin/cmake --install /home/viktordg/Create3/build/irobot_create_toolbox
