[0.038s] Invoking command in '/home/viktordg/Create3/build/irobot_create_control': CMAKE_PREFIX_PATH=/opt/ros/humble /usr/bin/cmake /home/viktordg/Create3/src/create3_sim/irobot_create_common/irobot_create_control -DAMENT_CMAKE_SYMLINK_INSTALL=1 -DCMAKE_INSTALL_PREFIX=/home/viktordg/Create3/install/irobot_create_control
[0.147s] -- Found ament_cmake: 1.3.10 (/opt/ros/humble/share/ament_cmake/cmake)
[0.473s] -- Override CMake install command with custom implementation using symlinks instead of copying resources
[0.536s] -- Found ament_lint_auto: 0.12.11 (/opt/ros/humble/share/ament_lint_auto/cmake)
[0.723s] -- Added test 'flake8' to check Python code syntax and style conventions
[0.724s] -- Added test 'lint_cmake' to check CMake code style
[0.725s] -- Added test 'pep257' to check Python code against some of the docstring style conventions in PEP 257
[0.727s] -- Added test 'xmllint' to check XML markup files
[0.731s] -- Configuring done
[0.750s] -- Generating done
[0.754s] -- Build files have been written to: /home/viktordg/Create3/build/irobot_create_control
[0.763s] Invoked command in '/home/viktordg/Create3/build/irobot_create_control' returned '0': CMAKE_PREFIX_PATH=/opt/ros/humble /usr/bin/cmake /home/viktordg/Create3/src/create3_sim/irobot_create_common/irobot_create_control -DAMENT_CMAKE_SYMLINK_INSTALL=1 -DCMAKE_INSTALL_PREFIX=/home/viktordg/Create3/install/irobot_create_control
[0.765s] Invoking command in '/home/viktordg/Create3/build/irobot_create_control': CMAKE_PREFIX_PATH=/opt/ros/humble /usr/bin/cmake --build /home/viktordg/Create3/build/irobot_create_control -- -j8 -l8
[0.845s] Invoked command in '/home/viktordg/Create3/build/irobot_create_control' returned '0': CMAKE_PREFIX_PATH=/opt/ros/humble /usr/bin/cmake --build /home/viktordg/Create3/build/irobot_create_control -- -j8 -l8
[0.914s] Invoking command in '/home/viktordg/Create3/build/irobot_create_control': CMAKE_PREFIX_PATH=/opt/ros/humble /usr/bin/cmake --install /home/viktordg/Create3/build/irobot_create_control
[0.930s] -- Install configuration: ""
[0.931s] -- Execute custom install script
[0.934s] -- Symlinking: /home/viktordg/Create3/install/irobot_create_control/share/irobot_create_control//launch/include/control.py
[0.955s] -- Symlinking: /home/viktordg/Create3/install/irobot_create_control/share/irobot_create_control//config/control.yaml
[0.973s] -- Symlinking: /home/viktordg/Create3/install/irobot_create_control/share/ament_index/resource_index/package_run_dependencies/irobot_create_control
[0.995s] -- Symlinking: /home/viktordg/Create3/install/irobot_create_control/share/ament_index/resource_index/parent_prefix_path/irobot_create_control
[1.011s] -- Symlinking: /home/viktordg/Create3/install/irobot_create_control/share/irobot_create_control/environment/ament_prefix_path.sh
[1.032s] -- Symlinking: /home/viktordg/Create3/install/irobot_create_control/share/irobot_create_control/environment/ament_prefix_path.dsv
[1.048s] -- Symlinking: /home/viktordg/Create3/install/irobot_create_control/share/irobot_create_control/environment/path.sh
[1.065s] -- Symlinking: /home/viktordg/Create3/install/irobot_create_control/share/irobot_create_control/environment/path.dsv
[1.083s] -- Symlinking: /home/viktordg/Create3/install/irobot_create_control/share/irobot_create_control/local_setup.bash
[1.105s] -- Symlinking: /home/viktordg/Create3/install/irobot_create_control/share/irobot_create_control/local_setup.sh
[1.122s] -- Symlinking: /home/viktordg/Create3/install/irobot_create_control/share/irobot_create_control/local_setup.zsh
[1.137s] -- Symlinking: /home/viktordg/Create3/install/irobot_create_control/share/irobot_create_control/local_setup.dsv
[1.153s] -- Symlinking: /home/viktordg/Create3/install/irobot_create_control/share/irobot_create_control/package.dsv
[1.170s] -- Symlinking: /home/viktordg/Create3/install/irobot_create_control/share/ament_index/resource_index/packages/irobot_create_control
[1.189s] -- Symlinking: /home/viktordg/Create3/install/irobot_create_control/share/irobot_create_control/cmake/irobot_create_controlConfig.cmake
[1.209s] -- Symlinking: /home/viktordg/Create3/install/irobot_create_control/share/irobot_create_control/cmake/irobot_create_controlConfig-version.cmake
[1.226s] -- Symlinking: /home/viktordg/Create3/install/irobot_create_control/share/irobot_create_control/package.xml
[1.244s] Invoked command in '/home/viktordg/Create3/build/irobot_create_control' returned '0': CMAKE_PREFIX_PATH=/opt/ros/humble /usr/bin/cmake --install /home/viktordg/Create3/build/irobot_create_control
