[0.025s] Invoking command in '/home/viktordg/Create3/build/irobot_create_description': CMAKE_PREFIX_PATH=/opt/ros/humble /usr/bin/cmake /home/viktordg/Create3/src/create3_sim/irobot_create_common/irobot_create_description -DCMAKE_INSTALL_PREFIX=/home/viktordg/Create3/install/irobot_create_description
[0.330s] -- The C compiler identification is GNU 11.4.0
[1.050s] -- The CXX compiler identification is GNU 11.4.0
[1.640s] -- Detecting C compiler ABI info
[1.896s] -- Detecting C compiler ABI info - done
[1.912s] -- Check for working C compiler: /usr/bin/cc - skipped
[1.913s] -- Detecting C compile features
[1.913s] -- Detecting C compile features - done
[1.921s] -- Detecting CXX compiler ABI info
[2.190s] -- Detecting CXX compiler ABI info - done
[2.210s] -- Check for working CXX compiler: /usr/bin/c++ - skipped
[2.211s] -- Detecting CXX compile features
[2.213s] -- Detecting CXX compile features - done
[2.219s] -- Found ament_cmake: 1.3.10 (/opt/ros/humble/share/ament_cmake/cmake)
[2.460s] -- Found Python3: /usr/bin/python3 (found version "3.10.12") found components: Interpreter 
[2.571s] -- Found ament_lint_auto: 0.12.11 (/opt/ros/humble/share/ament_lint_auto/cmake)
[2.676s] -- Added test 'lint_cmake' to check CMake code style
[2.677s] -- Configuring done
[2.681s] -- Generating done
[2.682s] -- Build files have been written to: /home/viktordg/Create3/build/irobot_create_description
[2.688s] Invoked command in '/home/viktordg/Create3/build/irobot_create_description' returned '0': CMAKE_PREFIX_PATH=/opt/ros/humble /usr/bin/cmake /home/viktordg/Create3/src/create3_sim/irobot_create_common/irobot_create_description -DCMAKE_INSTALL_PREFIX=/home/viktordg/Create3/install/irobot_create_description
[2.690s] Invoking command in '/home/viktordg/Create3/build/irobot_create_description': CMAKE_PREFIX_PATH=/opt/ros/humble /usr/bin/cmake --build /home/viktordg/Create3/build/irobot_create_description -- -j8 -l8
[2.757s] Invoked command in '/home/viktordg/Create3/build/irobot_create_description' returned '0': CMAKE_PREFIX_PATH=/opt/ros/humble /usr/bin/cmake --build /home/viktordg/Create3/build/irobot_create_description -- -j8 -l8
[2.804s] Invoking command in '/home/viktordg/Create3/build/irobot_create_description': CMAKE_PREFIX_PATH=/opt/ros/humble /usr/bin/cmake --install /home/viktordg/Create3/build/irobot_create_description
[2.813s] -- Install configuration: ""
[2.814s] -- Installing: /home/viktordg/Create3/install/irobot_create_description/share/irobot_create_description//meshes
[2.814s] -- Installing: /home/viktordg/Create3/install/irobot_create_description/share/irobot_create_description//meshes/bumper_collision.dae
[2.815s] -- Installing: /home/viktordg/Create3/install/irobot_create_description/share/irobot_create_description//meshes/dock
[2.815s] -- Installing: /home/viktordg/Create3/install/irobot_create_description/share/irobot_create_description//meshes/dock/visual.dae
[2.827s] -- Installing: /home/viktordg/Create3/install/irobot_create_description/share/irobot_create_description//meshes/body_visual.dae
[2.830s] -- Installing: /home/viktordg/Create3/install/irobot_create_description/share/irobot_create_description//meshes/bumper_visual.dae
[2.832s] -- Installing: /home/viktordg/Create3/install/irobot_create_description/share/irobot_create_description//urdf
[2.832s] -- Installing: /home/viktordg/Create3/install/irobot_create_description/share/irobot_create_description//urdf/caster.urdf.xacro
[2.833s] -- Installing: /home/viktordg/Create3/install/irobot_create_description/share/irobot_create_description//urdf/dock
[2.833s] -- Installing: /home/viktordg/Create3/install/irobot_create_description/share/irobot_create_description//urdf/dock/standard_dock.urdf.xacro
[2.833s] -- Installing: /home/viktordg/Create3/install/irobot_create_description/share/irobot_create_description//urdf/dock/ir_emitter.urdf.xacro
[2.833s] -- Installing: /home/viktordg/Create3/install/irobot_create_description/share/irobot_create_description//urdf/wheel_drop.urdf.xacro
[2.834s] -- Installing: /home/viktordg/Create3/install/irobot_create_description/share/irobot_create_description//urdf/wheel.urdf.xacro
[2.835s] -- Installing: /home/viktordg/Create3/install/irobot_create_description/share/irobot_create_description//urdf/button.urdf.xacro
[2.835s] -- Installing: /home/viktordg/Create3/install/irobot_create_description/share/irobot_create_description//urdf/common_properties.urdf.xacro
[2.836s] -- Installing: /home/viktordg/Create3/install/irobot_create_description/share/irobot_create_description//urdf/create3.urdf.xacro
[2.836s] -- Installing: /home/viktordg/Create3/install/irobot_create_description/share/irobot_create_description//urdf/sensors
[2.836s] -- Installing: /home/viktordg/Create3/install/irobot_create_description/share/irobot_create_description//urdf/sensors/imu.urdf.xacro
[2.836s] -- Installing: /home/viktordg/Create3/install/irobot_create_description/share/irobot_create_description//urdf/sensors/ir_intensity.urdf.xacro
[2.837s] -- Installing: /home/viktordg/Create3/install/irobot_create_description/share/irobot_create_description//urdf/sensors/optical_mouse.urdf.xacro
[2.837s] -- Installing: /home/viktordg/Create3/install/irobot_create_description/share/irobot_create_description//urdf/sensors/ir_opcode_receivers.urdf.xacro
[2.837s] -- Installing: /home/viktordg/Create3/install/irobot_create_description/share/irobot_create_description//urdf/sensors/cliff_sensor.urdf.xacro
[2.838s] -- Installing: /home/viktordg/Create3/install/irobot_create_description/share/irobot_create_description//urdf/bumper.urdf.xacro
[2.838s] -- Installing: /home/viktordg/Create3/install/irobot_create_description/share/irobot_create_description//urdf/wheel_with_wheeldrop.urdf.xacro
[2.839s] -- Installing: /home/viktordg/Create3/install/irobot_create_description/share/ament_index/resource_index/package_run_dependencies/irobot_create_description
[2.839s] -- Installing: /home/viktordg/Create3/install/irobot_create_description/share/ament_index/resource_index/parent_prefix_path/irobot_create_description
[2.839s] -- Installing: /home/viktordg/Create3/install/irobot_create_description/share/irobot_create_description/environment/ament_prefix_path.sh
[2.839s] -- Installing: /home/viktordg/Create3/install/irobot_create_description/share/irobot_create_description/environment/ament_prefix_path.dsv
[2.839s] -- Installing: /home/viktordg/Create3/install/irobot_create_description/share/irobot_create_description/environment/path.sh
[2.840s] -- Installing: /home/viktordg/Create3/install/irobot_create_description/share/irobot_create_description/environment/path.dsv
[2.840s] -- Installing: /home/viktordg/Create3/install/irobot_create_description/share/irobot_create_description/local_setup.bash
[2.840s] -- Installing: /home/viktordg/Create3/install/irobot_create_description/share/irobot_create_description/local_setup.sh
[2.840s] -- Installing: /home/viktordg/Create3/install/irobot_create_description/share/irobot_create_description/local_setup.zsh
[2.841s] -- Installing: /home/viktordg/Create3/install/irobot_create_description/share/irobot_create_description/local_setup.dsv
[2.841s] -- Installing: /home/viktordg/Create3/install/irobot_create_description/share/irobot_create_description/package.dsv
[2.841s] -- Installing: /home/viktordg/Create3/install/irobot_create_description/share/ament_index/resource_index/packages/irobot_create_description
[2.841s] -- Installing: /home/viktordg/Create3/install/irobot_create_description/share/irobot_create_description/cmake/irobot_create_descriptionConfig.cmake
[2.841s] -- Installing: /home/viktordg/Create3/install/irobot_create_description/share/irobot_create_description/cmake/irobot_create_descriptionConfig-version.cmake
[2.842s] -- Installing: /home/viktordg/Create3/install/irobot_create_description/share/irobot_create_description/package.xml
[2.855s] Invoked command in '/home/viktordg/Create3/build/irobot_create_description' returned '0': CMAKE_PREFIX_PATH=/opt/ros/humble /usr/bin/cmake --install /home/viktordg/Create3/build/irobot_create_description
