[0.207s] Invoking command in '/home/viktordg/Create3/build/irobot_create_ignition_plugins': CMAKE_PREFIX_PATH=/opt/ros/humble /usr/bin/cmake --build /home/viktordg/Create3/build/irobot_create_ignition_plugins -- -j8 -l8
[0.763s] [ 16%] [34m[1mAutomatic MOC for target Create3Hmi[0m
[0.945s] [ 16%] Built target Create3Hmi_autogen
[1.031s] [35m[1mConsolidate compiler generated dependencies of target Create3Hmi[0m
[1.196s] [100%] Built target Create3Hmi
[1.286s] Invoked command in '/home/viktordg/Create3/build/irobot_create_ignition_plugins' returned '0': CMAKE_PREFIX_PATH=/opt/ros/humble /usr/bin/cmake --build /home/viktordg/Create3/build/irobot_create_ignition_plugins -- -j8 -l8
[1.523s] Invoking command in '/home/viktordg/Create3/build/irobot_create_ignition_plugins': CMAKE_PREFIX_PATH=/opt/ros/humble /usr/bin/cmake --install /home/viktordg/Create3/build/irobot_create_ignition_plugins
[1.558s] -- Install configuration: ""
[1.561s] -- Execute custom install script
[1.566s] -- Up-to-date symlink: /home/viktordg/Create3/install/irobot_create_ignition_plugins/share/irobot_create_ignition_plugins/lib/libCreate3Hmi.so
[1.567s] -- Up-to-date symlink: /home/viktordg/Create3/install/irobot_create_ignition_plugins/share/ament_index/resource_index/package_run_dependencies/irobot_create_ignition_plugins
[1.570s] -- Up-to-date symlink: /home/viktordg/Create3/install/irobot_create_ignition_plugins/share/ament_index/resource_index/parent_prefix_path/irobot_create_ignition_plugins
[1.572s] -- Up-to-date symlink: /home/viktordg/Create3/install/irobot_create_ignition_plugins/share/irobot_create_ignition_plugins/environment/ament_prefix_path.sh
[1.573s] -- Up-to-date symlink: /home/viktordg/Create3/install/irobot_create_ignition_plugins/share/irobot_create_ignition_plugins/environment/ament_prefix_path.dsv
[1.574s] -- Up-to-date symlink: /home/viktordg/Create3/install/irobot_create_ignition_plugins/share/irobot_create_ignition_plugins/environment/path.sh
[1.575s] -- Up-to-date symlink: /home/viktordg/Create3/install/irobot_create_ignition_plugins/share/irobot_create_ignition_plugins/environment/path.dsv
[1.577s] -- Up-to-date symlink: /home/viktordg/Create3/install/irobot_create_ignition_plugins/share/irobot_create_ignition_plugins/local_setup.bash
[1.578s] -- Up-to-date symlink: /home/viktordg/Create3/install/irobot_create_ignition_plugins/share/irobot_create_ignition_plugins/local_setup.sh
[1.579s] -- Up-to-date symlink: /home/viktordg/Create3/install/irobot_create_ignition_plugins/share/irobot_create_ignition_plugins/local_setup.zsh
[1.579s] -- Up-to-date symlink: /home/viktordg/Create3/install/irobot_create_ignition_plugins/share/irobot_create_ignition_plugins/local_setup.dsv
[1.580s] -- Symlinking: /home/viktordg/Create3/install/irobot_create_ignition_plugins/share/irobot_create_ignition_plugins/package.dsv
[1.621s] -- Up-to-date symlink: /home/viktordg/Create3/install/irobot_create_ignition_plugins/share/ament_index/resource_index/packages/irobot_create_ignition_plugins
[1.625s] -- Up-to-date symlink: /home/viktordg/Create3/install/irobot_create_ignition_plugins/share/irobot_create_ignition_plugins/cmake/irobot_create_ignition_pluginsConfig.cmake
[1.628s] -- Up-to-date symlink: /home/viktordg/Create3/install/irobot_create_ignition_plugins/share/irobot_create_ignition_plugins/cmake/irobot_create_ignition_pluginsConfig-version.cmake
[1.629s] -- Up-to-date symlink: /home/viktordg/Create3/install/irobot_create_ignition_plugins/share/irobot_create_ignition_plugins/package.xml
[1.671s] Invoked command in '/home/viktordg/Create3/build/irobot_create_ignition_plugins' returned '0': CMAKE_PREFIX_PATH=/opt/ros/humble /usr/bin/cmake --install /home/viktordg/Create3/build/irobot_create_ignition_plugins
