[0.614s] Invoking command in '/home/viktordg/Create3/build/irobot_create_common_bringup': AMENT_PREFIX_PATH=/home/viktordg/Create3/install/irobot_create_nodes:/home/viktordg/Create3/install/irobot_create_toolbox:/home/viktordg/Create3/install/irobot_create_description:/home/viktordg/Create3/install/irobot_create_control:${AMENT_PREFIX_PATH} CMAKE_PREFIX_PATH=/home/viktordg/Create3/install/irobot_create_nodes:/home/viktordg/Create3/install/irobot_create_toolbox:/home/viktordg/Create3/install/irobot_create_description:/home/viktordg/Create3/install/irobot_create_control:/opt/ros/humble LD_LIBRARY_PATH=/home/viktordg/Create3/install/irobot_create_nodes/lib:/home/viktordg/Create3/install/irobot_create_toolbox/lib:${LD_LIBRARY_PATH} /usr/bin/cmake /home/viktordg/Create3/src/create3_sim/irobot_create_common/irobot_create_common_bringup -DAMENT_CMAKE_SYMLINK_INSTALL=1 -DCMAKE_INSTALL_PREFIX=/home/viktordg/Create3/install/irobot_create_common_bringup
[0.980s] -- The C compiler identification is GNU 11.4.0
[1.923s] -- The CXX compiler identification is GNU 11.4.0
[2.713s] -- Detecting C compiler ABI info
[3.050s] -- Detecting C compiler ABI info - done
[3.063s] -- Check for working C compiler: /usr/bin/cc - skipped
[3.074s] -- Detecting C compile features
[3.076s] -- Detecting C compile features - done
[3.083s] -- Detecting CXX compiler ABI info
[3.379s] -- Detecting CXX compiler ABI info - done
[3.391s] -- Check for working CXX compiler: /usr/bin/c++ - skipped
[3.391s] -- Detecting CXX compile features
[3.392s] -- Detecting CXX compile features - done
[3.432s] -- Found ament_cmake: 1.3.10 (/opt/ros/humble/share/ament_cmake/cmake)
[3.727s] -- Found Python3: /usr/bin/python3 (found version "3.10.12") found components: Interpreter 
[3.873s] -- Override CMake install command with custom implementation using symlinks instead of copying resources
[4.160s] -- Found ament_lint_auto: 0.12.11 (/opt/ros/humble/share/ament_lint_auto/cmake)
[4.322s] -- Added test 'flake8' to check Python code syntax and style conventions
[4.323s] -- Added test 'lint_cmake' to check CMake code style
[4.325s] -- Added test 'pep257' to check Python code against some of the docstring style conventions in PEP 257
[4.329s] -- Added test 'xmllint' to check XML markup files
[4.335s] -- Configuring done
[4.345s] -- Generating done
[4.347s] -- Build files have been written to: /home/viktordg/Create3/build/irobot_create_common_bringup
[4.355s] Invoked command in '/home/viktordg/Create3/build/irobot_create_common_bringup' returned '0': AMENT_PREFIX_PATH=/home/viktordg/Create3/install/irobot_create_nodes:/home/viktordg/Create3/install/irobot_create_toolbox:/home/viktordg/Create3/install/irobot_create_description:/home/viktordg/Create3/install/irobot_create_control:${AMENT_PREFIX_PATH} CMAKE_PREFIX_PATH=/home/viktordg/Create3/install/irobot_create_nodes:/home/viktordg/Create3/install/irobot_create_toolbox:/home/viktordg/Create3/install/irobot_create_description:/home/viktordg/Create3/install/irobot_create_control:/opt/ros/humble LD_LIBRARY_PATH=/home/viktordg/Create3/install/irobot_create_nodes/lib:/home/viktordg/Create3/install/irobot_create_toolbox/lib:${LD_LIBRARY_PATH} /usr/bin/cmake /home/viktordg/Create3/src/create3_sim/irobot_create_common/irobot_create_common_bringup -DAMENT_CMAKE_SYMLINK_INSTALL=1 -DCMAKE_INSTALL_PREFIX=/home/viktordg/Create3/install/irobot_create_common_bringup
[4.359s] Invoking command in '/home/viktordg/Create3/build/irobot_create_common_bringup': AMENT_PREFIX_PATH=/home/viktordg/Create3/install/irobot_create_nodes:/home/viktordg/Create3/install/irobot_create_toolbox:/home/viktordg/Create3/install/irobot_create_description:/home/viktordg/Create3/install/irobot_create_control:${AMENT_PREFIX_PATH} CMAKE_PREFIX_PATH=/home/viktordg/Create3/install/irobot_create_nodes:/home/viktordg/Create3/install/irobot_create_toolbox:/home/viktordg/Create3/install/irobot_create_description:/home/viktordg/Create3/install/irobot_create_control:/opt/ros/humble LD_LIBRARY_PATH=/home/viktordg/Create3/install/irobot_create_nodes/lib:/home/viktordg/Create3/install/irobot_create_toolbox/lib:${LD_LIBRARY_PATH} /usr/bin/cmake --build /home/viktordg/Create3/build/irobot_create_common_bringup -- -j8 -l8
[4.437s] Built target ament_cmake_python_symlink_irobot_create_common_bringup
[5.340s] running egg_info
[5.341s] creating irobot_create_common_bringup.egg-info
[5.342s] writing irobot_create_common_bringup.egg-info/PKG-INFO
[5.342s] writing dependency_links to irobot_create_common_bringup.egg-info/dependency_links.txt
[5.343s] writing top-level names to irobot_create_common_bringup.egg-info/top_level.txt
[5.343s] writing manifest file 'irobot_create_common_bringup.egg-info/SOURCES.txt'
[5.348s] reading manifest file 'irobot_create_common_bringup.egg-info/SOURCES.txt'
[5.349s] writing manifest file 'irobot_create_common_bringup.egg-info/SOURCES.txt'
[5.399s] Built target ament_cmake_python_build_irobot_create_common_bringup_egg
[5.417s] Invoked command in '/home/viktordg/Create3/build/irobot_create_common_bringup' returned '0': AMENT_PREFIX_PATH=/home/viktordg/Create3/install/irobot_create_nodes:/home/viktordg/Create3/install/irobot_create_toolbox:/home/viktordg/Create3/install/irobot_create_description:/home/viktordg/Create3/install/irobot_create_control:${AMENT_PREFIX_PATH} CMAKE_PREFIX_PATH=/home/viktordg/Create3/install/irobot_create_nodes:/home/viktordg/Create3/install/irobot_create_toolbox:/home/viktordg/Create3/install/irobot_create_description:/home/viktordg/Create3/install/irobot_create_control:/opt/ros/humble LD_LIBRARY_PATH=/home/viktordg/Create3/install/irobot_create_nodes/lib:/home/viktordg/Create3/install/irobot_create_toolbox/lib:${LD_LIBRARY_PATH} /usr/bin/cmake --build /home/viktordg/Create3/build/irobot_create_common_bringup -- -j8 -l8
[5.452s] Invoking command in '/home/viktordg/Create3/build/irobot_create_common_bringup': AMENT_PREFIX_PATH=/home/viktordg/Create3/install/irobot_create_nodes:/home/viktordg/Create3/install/irobot_create_toolbox:/home/viktordg/Create3/install/irobot_create_description:/home/viktordg/Create3/install/irobot_create_control:${AMENT_PREFIX_PATH} CMAKE_PREFIX_PATH=/home/viktordg/Create3/install/irobot_create_nodes:/home/viktordg/Create3/install/irobot_create_toolbox:/home/viktordg/Create3/install/irobot_create_description:/home/viktordg/Create3/install/irobot_create_control:/opt/ros/humble LD_LIBRARY_PATH=/home/viktordg/Create3/install/irobot_create_nodes/lib:/home/viktordg/Create3/install/irobot_create_toolbox/lib:${LD_LIBRARY_PATH} /usr/bin/cmake --install /home/viktordg/Create3/build/irobot_create_common_bringup
[5.461s] -- Install configuration: ""
[5.462s] -- Execute custom install script
[5.463s] -- Symlinking: /home/viktordg/Create3/install/irobot_create_common_bringup/share/irobot_create_common_bringup/config/hazard_vector_params.yaml
[5.474s] -- Symlinking: /home/viktordg/Create3/install/irobot_create_common_bringup/share/irobot_create_common_bringup/config/ir_intensity_vector_params.yaml
[5.487s] -- Symlinking: /home/viktordg/Create3/install/irobot_create_common_bringup/share/irobot_create_common_bringup/config/kidnap_estimator_params.yaml
[5.499s] -- Symlinking: /home/viktordg/Create3/install/irobot_create_common_bringup/share/irobot_create_common_bringup/config/mock_params.yaml
[5.514s] -- Symlinking: /home/viktordg/Create3/install/irobot_create_common_bringup/share/irobot_create_common_bringup/config/robot_state_params.yaml
[5.526s] -- Symlinking: /home/viktordg/Create3/install/irobot_create_common_bringup/share/irobot_create_common_bringup/config/ui_mgr_params.yaml
[5.538s] -- Symlinking: /home/viktordg/Create3/install/irobot_create_common_bringup/share/irobot_create_common_bringup/config/wheel_status_params.yaml
[5.550s] -- Symlinking: /home/viktordg/Create3/install/irobot_create_common_bringup/share/irobot_create_common_bringup/launch/create3_nodes.launch.py
[5.561s] -- Symlinking: /home/viktordg/Create3/install/irobot_create_common_bringup/share/irobot_create_common_bringup/launch/dock_description.launch.py
[5.571s] -- Symlinking: /home/viktordg/Create3/install/irobot_create_common_bringup/share/irobot_create_common_bringup/launch/robot_description.launch.py
[5.582s] -- Symlinking: /home/viktordg/Create3/install/irobot_create_common_bringup/share/irobot_create_common_bringup/launch/rviz2.launch.py
[5.595s] -- Symlinking: /home/viktordg/Create3/install/irobot_create_common_bringup/share/irobot_create_common_bringup/rviz/irobot_create_view.rviz
[5.607s] -- Symlinking: /home/viktordg/Create3/install/irobot_create_common_bringup/share/irobot_create_common_bringup/rviz/irobot_logo.jpg
[5.621s] -- Symlinking: /home/viktordg/Create3/install/irobot_create_common_bringup/share/irobot_create_common_bringup/environment/pythonpath.sh
[5.632s] -- Symlinking: /home/viktordg/Create3/install/irobot_create_common_bringup/share/irobot_create_common_bringup/environment/pythonpath.dsv
[5.645s] -- Symlinking: /home/viktordg/Create3/install/irobot_create_common_bringup/local/lib/python3.10/dist-packages/irobot_create_common_bringup-2.1.0-py3.10.egg-info/PKG-INFO
[5.658s] -- Symlinking: /home/viktordg/Create3/install/irobot_create_common_bringup/local/lib/python3.10/dist-packages/irobot_create_common_bringup-2.1.0-py3.10.egg-info/SOURCES.txt
[5.672s] -- Symlinking: /home/viktordg/Create3/install/irobot_create_common_bringup/local/lib/python3.10/dist-packages/irobot_create_common_bringup-2.1.0-py3.10.egg-info/dependency_links.txt
[5.683s] -- Symlinking: /home/viktordg/Create3/install/irobot_create_common_bringup/local/lib/python3.10/dist-packages/irobot_create_common_bringup-2.1.0-py3.10.egg-info/top_level.txt
[5.696s] -- Symlinking: /home/viktordg/Create3/install/irobot_create_common_bringup/local/lib/python3.10/dist-packages/irobot_create_common_bringup/__init__.py
[5.710s] -- Symlinking: /home/viktordg/Create3/install/irobot_create_common_bringup/local/lib/python3.10/dist-packages/irobot_create_common_bringup/namespace.py
[5.723s] -- Symlinking: /home/viktordg/Create3/install/irobot_create_common_bringup/local/lib/python3.10/dist-packages/irobot_create_common_bringup/offset.py
[5.736s] -- Symlinking: /home/viktordg/Create3/install/irobot_create_common_bringup/share/ament_index/resource_index/package_run_dependencies/irobot_create_common_bringup
[5.749s] -- Symlinking: /home/viktordg/Create3/install/irobot_create_common_bringup/share/ament_index/resource_index/parent_prefix_path/irobot_create_common_bringup
[5.760s] -- Symlinking: /home/viktordg/Create3/install/irobot_create_common_bringup/share/irobot_create_common_bringup/environment/ament_prefix_path.sh
[5.771s] -- Symlinking: /home/viktordg/Create3/install/irobot_create_common_bringup/share/irobot_create_common_bringup/environment/ament_prefix_path.dsv
[5.782s] -- Symlinking: /home/viktordg/Create3/install/irobot_create_common_bringup/share/irobot_create_common_bringup/environment/path.sh
[5.794s] -- Symlinking: /home/viktordg/Create3/install/irobot_create_common_bringup/share/irobot_create_common_bringup/environment/path.dsv
[5.805s] -- Symlinking: /home/viktordg/Create3/install/irobot_create_common_bringup/share/irobot_create_common_bringup/local_setup.bash
[5.818s] -- Symlinking: /home/viktordg/Create3/install/irobot_create_common_bringup/share/irobot_create_common_bringup/local_setup.sh
[5.830s] -- Symlinking: /home/viktordg/Create3/install/irobot_create_common_bringup/share/irobot_create_common_bringup/local_setup.zsh
[5.839s] -- Symlinking: /home/viktordg/Create3/install/irobot_create_common_bringup/share/irobot_create_common_bringup/local_setup.dsv
[5.850s] -- Symlinking: /home/viktordg/Create3/install/irobot_create_common_bringup/share/irobot_create_common_bringup/package.dsv
[5.860s] -- Symlinking: /home/viktordg/Create3/install/irobot_create_common_bringup/share/ament_index/resource_index/packages/irobot_create_common_bringup
[5.870s] -- Symlinking: /home/viktordg/Create3/install/irobot_create_common_bringup/share/irobot_create_common_bringup/cmake/irobot_create_common_bringupConfig.cmake
[5.881s] -- Symlinking: /home/viktordg/Create3/install/irobot_create_common_bringup/share/irobot_create_common_bringup/cmake/irobot_create_common_bringupConfig-version.cmake
[5.892s] -- Symlinking: /home/viktordg/Create3/install/irobot_create_common_bringup/share/irobot_create_common_bringup/package.xml
[5.952s] Listing '/home/viktordg/Create3/install/irobot_create_common_bringup/local/lib/python3.10/dist-packages/irobot_create_common_bringup'...
[5.952s] Compiling '/home/viktordg/Create3/install/irobot_create_common_bringup/local/lib/python3.10/dist-packages/irobot_create_common_bringup/__init__.py'...
[5.952s] Compiling '/home/viktordg/Create3/install/irobot_create_common_bringup/local/lib/python3.10/dist-packages/irobot_create_common_bringup/namespace.py'...
[5.952s] Compiling '/home/viktordg/Create3/install/irobot_create_common_bringup/local/lib/python3.10/dist-packages/irobot_create_common_bringup/offset.py'...
[5.963s] Invoked command in '/home/viktordg/Create3/build/irobot_create_common_bringup' returned '0': AMENT_PREFIX_PATH=/home/viktordg/Create3/install/irobot_create_nodes:/home/viktordg/Create3/install/irobot_create_toolbox:/home/viktordg/Create3/install/irobot_create_description:/home/viktordg/Create3/install/irobot_create_control:${AMENT_PREFIX_PATH} CMAKE_PREFIX_PATH=/home/viktordg/Create3/install/irobot_create_nodes:/home/viktordg/Create3/install/irobot_create_toolbox:/home/viktordg/Create3/install/irobot_create_description:/home/viktordg/Create3/install/irobot_create_control:/opt/ros/humble LD_LIBRARY_PATH=/home/viktordg/Create3/install/irobot_create_nodes/lib:/home/viktordg/Create3/install/irobot_create_toolbox/lib:${LD_LIBRARY_PATH} /usr/bin/cmake --install /home/viktordg/Create3/build/irobot_create_common_bringup
