[0.185s] Invoking command in '/home/viktordg/Create3/build/irobot_create_ignition_toolbox': AMENT_PREFIX_PATH=/home/viktordg/Create3/install/irobot_create_toolbox:${AMENT_PREFIX_PATH} CMAKE_PREFIX_PATH=/home/viktordg/Create3/install/irobot_create_toolbox:/opt/ros/humble LD_LIBRARY_PATH=/home/viktordg/Create3/install/irobot_create_toolbox/lib:${LD_LIBRARY_PATH} /usr/bin/cmake /home/viktordg/Create3/src/create3_sim/irobot_create_ignition/irobot_create_ignition_toolbox -DAMENT_CMAKE_SYMLINK_INSTALL=1 -DCMAKE_INSTALL_PREFIX=/home/viktordg/Create3/install/irobot_create_ignition_toolbox
[0.204s] -- Found ament_cmake: 1.3.10 (/opt/ros/humble/share/ament_cmake/cmake)
[0.423s] -- Override CMake install command with custom implementation using symlinks instead of copying resources
[0.437s] -- Found control_msgs: 4.6.0 (/opt/ros/humble/share/control_msgs/cmake)
[0.731s] -- Found rosidl_generator_c: 3.1.5 (/opt/ros/humble/share/rosidl_generator_c/cmake)
[0.736s] -- Found rosidl_adapter: 3.1.5 (/opt/ros/humble/share/rosidl_adapter/cmake)
[0.747s] -- Found rosidl_generator_cpp: 3.1.5 (/opt/ros/humble/share/rosidl_generator_cpp/cmake)
[0.767s] -- Using all available rosidl_typesupport_c: rosidl_typesupport_fastrtps_c;rosidl_typesupport_introspection_c
[0.795s] -- Using all available rosidl_typesupport_cpp: rosidl_typesupport_fastrtps_cpp;rosidl_typesupport_introspection_cpp
[1.098s] -- Found nav_msgs: 4.2.4 (/opt/ros/humble/share/nav_msgs/cmake)
[1.146s] -- Found irobot_create_msgs: 2.1.0 (/opt/ros/humble/share/irobot_create_msgs/cmake)
[1.197s] -- Found rclcpp: 16.0.10 (/opt/ros/humble/share/rclcpp/cmake)
[1.250s] -- Found rmw_implementation_cmake: 6.1.2 (/opt/ros/humble/share/rmw_implementation_cmake/cmake)
[1.252s] -- Found rmw_fastrtps_cpp: 6.2.7 (/opt/ros/humble/share/rmw_fastrtps_cpp/cmake)
[6.650s] -- Using RMW implementation 'rmw_fastrtps_cpp' as default
[6.806s] -- Found rclcpp_action: 16.0.10 (/opt/ros/humble/share/rclcpp_action/cmake)
[6.844s] -- Found tf2: 0.25.8 (/opt/ros/humble/share/tf2/cmake)
[6.866s] -- Found tf2_geometry_msgs: 0.25.8 (/opt/ros/humble/share/tf2_geometry_msgs/cmake)
[6.883s] -- Found eigen3_cmake_module: 0.1.1 (/opt/ros/humble/share/eigen3_cmake_module/cmake)
[6.889s] -- Ensuring Eigen3 include directory is part of orocos-kdl CMake target
[7.125s] -- Found irobot_create_toolbox: 2.1.0 (/home/viktordg/Create3/install/irobot_create_toolbox/share/irobot_create_toolbox/cmake)
[7.344s] -- Found ament_lint_auto: 0.12.11 (/opt/ros/humble/share/ament_lint_auto/cmake)
[7.551s] -- Added test 'cppcheck' to perform static code analysis on C / C++ code
[7.553s] -- Configured cppcheck include dirs: /home/viktordg/Create3/src/create3_sim/irobot_create_ignition/irobot_create_ignition_toolbox/include
[7.553s] -- Configured cppcheck exclude dirs and/or files: 
[7.557s] -- Added test 'cpplint' to check C / C++ code against the Google style
[7.557s] -- Configured cpplint exclude dirs and/or files: 
[7.559s] -- Added test 'lint_cmake' to check CMake code style
[7.562s] -- Added test 'uncrustify' to check C / C++ code style
[7.563s] -- Configured uncrustify additional arguments: 
[7.564s] -- Added test 'xmllint' to check XML markup files
[7.578s] -- Configuring done
[7.729s] -- Generating done
[7.737s] -- Build files have been written to: /home/viktordg/Create3/build/irobot_create_ignition_toolbox
[7.763s] Invoked command in '/home/viktordg/Create3/build/irobot_create_ignition_toolbox' returned '0': AMENT_PREFIX_PATH=/home/viktordg/Create3/install/irobot_create_toolbox:${AMENT_PREFIX_PATH} CMAKE_PREFIX_PATH=/home/viktordg/Create3/install/irobot_create_toolbox:/opt/ros/humble LD_LIBRARY_PATH=/home/viktordg/Create3/install/irobot_create_toolbox/lib:${LD_LIBRARY_PATH} /usr/bin/cmake /home/viktordg/Create3/src/create3_sim/irobot_create_ignition/irobot_create_ignition_toolbox -DAMENT_CMAKE_SYMLINK_INSTALL=1 -DCMAKE_INSTALL_PREFIX=/home/viktordg/Create3/install/irobot_create_ignition_toolbox
[7.768s] Invoking command in '/home/viktordg/Create3/build/irobot_create_ignition_toolbox': AMENT_PREFIX_PATH=/home/viktordg/Create3/install/irobot_create_toolbox:${AMENT_PREFIX_PATH} CMAKE_PREFIX_PATH=/home/viktordg/Create3/install/irobot_create_toolbox:/opt/ros/humble LD_LIBRARY_PATH=/home/viktordg/Create3/install/irobot_create_toolbox/lib:${LD_LIBRARY_PATH} /usr/bin/cmake --build /home/viktordg/Create3/build/irobot_create_ignition_toolbox -- -j8 -l8
[7.871s] [  5%] [32mBuilding CXX object CMakeFiles/irobot_create_ignition_pose_republisher_lib.dir/src/pose_republisher/pose_republisher_node.cpp.o[0m
[61.038s] [ 11%] [32m[1mLinking CXX shared library libirobot_create_ignition_pose_republisher_lib.so[0m
[65.648s] [ 11%] Built target irobot_create_ignition_pose_republisher_lib
[65.811s] [ 16%] [32mBuilding CXX object CMakeFiles/irobot_create_ignition_interface_buttons_lib.dir/src/interface_buttons/interface_buttons_node.cpp.o[0m
[106.711s] [ 22%] [32m[1mLinking CXX shared library libirobot_create_ignition_interface_buttons_lib.so[0m
[108.524s] [ 22%] Built target irobot_create_ignition_interface_buttons_lib
[108.591s] [ 27%] [32mBuilding CXX object CMakeFiles/pose_republisher_node.dir/src/pose_republisher/pose_republisher_main.cpp.o[0m
[117.906s] [ 33%] [32m[1mLinking CXX executable pose_republisher_node[0m
[118.887s] [ 33%] Built target pose_republisher_node
[118.911s] [35m[1mConsolidate compiler generated dependencies of target irobot_create_ignition_sensors_lib[0m
[118.921s] [ 38%] [32mBuilding CXX object CMakeFiles/interface_buttons_node.dir/src/interface_buttons/interface_buttons_main.cpp.o[0m
[118.949s] [ 44%] [32mBuilding CXX object CMakeFiles/irobot_create_ignition_sensors_lib.dir/src/sensors/bumper.cpp.o[0m
[118.950s] [ 50%] [32mBuilding CXX object CMakeFiles/irobot_create_ignition_sensors_lib.dir/src/sensors/cliff.cpp.o[0m
[118.951s] [ 55%] [32mBuilding CXX object CMakeFiles/irobot_create_ignition_sensors_lib.dir/src/sensors/ir_intensity.cpp.o[0m
[127.771s] [ 61%] [32m[1mLinking CXX executable interface_buttons_node[0m
[128.751s] [ 61%] Built target interface_buttons_node
[141.975s] [ 66%] [32mBuilding CXX object CMakeFiles/irobot_create_ignition_sensors_lib.dir/src/sensors/mouse.cpp.o[0m
[141.981s] [ 72%] [32mBuilding CXX object CMakeFiles/irobot_create_ignition_sensors_lib.dir/src/sensors/ir_opcode.cpp.o[0m
[141.981s] [ 77%] [32mBuilding CXX object CMakeFiles/irobot_create_ignition_sensors_lib.dir/src/sensors/wheel_drop.cpp.o[0m
[231.146s] [ 83%] [32m[1mLinking CXX shared library libirobot_create_ignition_sensors_lib.so[0m
[250.553s] [ 88%] Built target irobot_create_ignition_sensors_lib
[250.656s] [ 94%] [32mBuilding CXX object CMakeFiles/sensors_node.dir/src/sensors/sensors_main.cpp.o[0m
[286.904s] [100%] [32m[1mLinking CXX executable sensors_node[0m
[290.336s] [100%] Built target sensors_node
[290.641s] Invoked command in '/home/viktordg/Create3/build/irobot_create_ignition_toolbox' returned '0': AMENT_PREFIX_PATH=/home/viktordg/Create3/install/irobot_create_toolbox:${AMENT_PREFIX_PATH} CMAKE_PREFIX_PATH=/home/viktordg/Create3/install/irobot_create_toolbox:/opt/ros/humble LD_LIBRARY_PATH=/home/viktordg/Create3/install/irobot_create_toolbox/lib:${LD_LIBRARY_PATH} /usr/bin/cmake --build /home/viktordg/Create3/build/irobot_create_ignition_toolbox -- -j8 -l8
[291.070s] Invoking command in '/home/viktordg/Create3/build/irobot_create_ignition_toolbox': AMENT_PREFIX_PATH=/home/viktordg/Create3/install/irobot_create_toolbox:${AMENT_PREFIX_PATH} CMAKE_PREFIX_PATH=/home/viktordg/Create3/install/irobot_create_toolbox:/opt/ros/humble LD_LIBRARY_PATH=/home/viktordg/Create3/install/irobot_create_toolbox/lib:${LD_LIBRARY_PATH} /usr/bin/cmake --install /home/viktordg/Create3/build/irobot_create_ignition_toolbox
[291.098s] -- Install configuration: ""
[291.105s] -- Execute custom install script
[291.111s] -- Symlinking: /home/viktordg/Create3/install/irobot_create_ignition_toolbox/lib/libirobot_create_ignition_pose_republisher_lib.so
[291.143s] -- Symlinking: /home/viktordg/Create3/install/irobot_create_ignition_toolbox/lib/libirobot_create_ignition_sensors_lib.so
[291.173s] -- Symlinking: /home/viktordg/Create3/install/irobot_create_ignition_toolbox/lib/libirobot_create_ignition_interface_buttons_lib.so
[291.209s] -- Symlinking: /home/viktordg/Create3/install/irobot_create_ignition_toolbox/lib/irobot_create_ignition_toolbox/pose_republisher_node
[291.245s] -- Symlinking: /home/viktordg/Create3/install/irobot_create_ignition_toolbox/lib/irobot_create_ignition_toolbox/sensors_node
[291.278s] -- Symlinking: /home/viktordg/Create3/install/irobot_create_ignition_toolbox/lib/irobot_create_ignition_toolbox/interface_buttons_node
[291.328s] -- Symlinking: /home/viktordg/Create3/install/irobot_create_ignition_toolbox/include/irobot_create_ignition_toolbox/interface_buttons/interface_buttons_node.hpp
[291.374s] -- Symlinking: /home/viktordg/Create3/install/irobot_create_ignition_toolbox/include/irobot_create_ignition_toolbox/pose_republisher/pose_republisher.hpp
[291.416s] -- Symlinking: /home/viktordg/Create3/install/irobot_create_ignition_toolbox/include/irobot_create_ignition_toolbox/sensors/bumper.hpp
[291.464s] -- Symlinking: /home/viktordg/Create3/install/irobot_create_ignition_toolbox/include/irobot_create_ignition_toolbox/sensors/cliff.hpp
[291.491s] -- Symlinking: /home/viktordg/Create3/install/irobot_create_ignition_toolbox/include/irobot_create_ignition_toolbox/sensors/ir_intensity.hpp
[291.543s] -- Symlinking: /home/viktordg/Create3/install/irobot_create_ignition_toolbox/include/irobot_create_ignition_toolbox/sensors/ir_opcode.hpp
[291.577s] -- Symlinking: /home/viktordg/Create3/install/irobot_create_ignition_toolbox/include/irobot_create_ignition_toolbox/sensors/mouse.hpp
[291.605s] -- Symlinking: /home/viktordg/Create3/install/irobot_create_ignition_toolbox/include/irobot_create_ignition_toolbox/sensors/sensors_node.hpp
[291.628s] -- Symlinking: /home/viktordg/Create3/install/irobot_create_ignition_toolbox/include/irobot_create_ignition_toolbox/sensors/wheel_drop.hpp
[291.652s] -- Symlinking: /home/viktordg/Create3/install/irobot_create_ignition_toolbox/include/irobot_create_ignition_toolbox/utils.hpp
[291.689s] -- Symlinking: /home/viktordg/Create3/install/irobot_create_ignition_toolbox/share/irobot_create_ignition_toolbox/environment/library_path.sh
[291.725s] -- Symlinking: /home/viktordg/Create3/install/irobot_create_ignition_toolbox/share/irobot_create_ignition_toolbox/environment/library_path.dsv
[291.762s] -- Symlinking: /home/viktordg/Create3/install/irobot_create_ignition_toolbox/share/ament_index/resource_index/package_run_dependencies/irobot_create_ignition_toolbox
[291.790s] -- Symlinking: /home/viktordg/Create3/install/irobot_create_ignition_toolbox/share/ament_index/resource_index/parent_prefix_path/irobot_create_ignition_toolbox
[291.824s] -- Symlinking: /home/viktordg/Create3/install/irobot_create_ignition_toolbox/share/irobot_create_ignition_toolbox/environment/ament_prefix_path.sh
[291.850s] -- Symlinking: /home/viktordg/Create3/install/irobot_create_ignition_toolbox/share/irobot_create_ignition_toolbox/environment/ament_prefix_path.dsv
[291.876s] -- Symlinking: /home/viktordg/Create3/install/irobot_create_ignition_toolbox/share/irobot_create_ignition_toolbox/environment/path.sh
[291.899s] -- Symlinking: /home/viktordg/Create3/install/irobot_create_ignition_toolbox/share/irobot_create_ignition_toolbox/environment/path.dsv
[291.924s] -- Symlinking: /home/viktordg/Create3/install/irobot_create_ignition_toolbox/share/irobot_create_ignition_toolbox/local_setup.bash
[291.949s] -- Symlinking: /home/viktordg/Create3/install/irobot_create_ignition_toolbox/share/irobot_create_ignition_toolbox/local_setup.sh
[291.974s] -- Symlinking: /home/viktordg/Create3/install/irobot_create_ignition_toolbox/share/irobot_create_ignition_toolbox/local_setup.zsh
[292.014s] -- Symlinking: /home/viktordg/Create3/install/irobot_create_ignition_toolbox/share/irobot_create_ignition_toolbox/local_setup.dsv
[292.067s] -- Symlinking: /home/viktordg/Create3/install/irobot_create_ignition_toolbox/share/irobot_create_ignition_toolbox/package.dsv
[292.139s] -- Symlinking: /home/viktordg/Create3/install/irobot_create_ignition_toolbox/share/ament_index/resource_index/packages/irobot_create_ignition_toolbox
[292.218s] -- Symlinking: /home/viktordg/Create3/install/irobot_create_ignition_toolbox/share/irobot_create_ignition_toolbox/cmake/ament_cmake_export_include_directories-extras.cmake
[292.259s] -- Symlinking: /home/viktordg/Create3/install/irobot_create_ignition_toolbox/share/irobot_create_ignition_toolbox/cmake/ament_cmake_export_libraries-extras.cmake
[292.305s] -- Symlinking: /home/viktordg/Create3/install/irobot_create_ignition_toolbox/share/irobot_create_ignition_toolbox/cmake/ament_cmake_export_dependencies-extras.cmake
[292.380s] -- Symlinking: /home/viktordg/Create3/install/irobot_create_ignition_toolbox/share/irobot_create_ignition_toolbox/cmake/irobot_create_ignition_toolboxConfig.cmake
[292.452s] -- Symlinking: /home/viktordg/Create3/install/irobot_create_ignition_toolbox/share/irobot_create_ignition_toolbox/cmake/irobot_create_ignition_toolboxConfig-version.cmake
[292.521s] -- Symlinking: /home/viktordg/Create3/install/irobot_create_ignition_toolbox/share/irobot_create_ignition_toolbox/package.xml
[292.581s] Invoked command in '/home/viktordg/Create3/build/irobot_create_ignition_toolbox' returned '0': AMENT_PREFIX_PATH=/home/viktordg/Create3/install/irobot_create_toolbox:${AMENT_PREFIX_PATH} CMAKE_PREFIX_PATH=/home/viktordg/Create3/install/irobot_create_toolbox:/opt/ros/humble LD_LIBRARY_PATH=/home/viktordg/Create3/install/irobot_create_toolbox/lib:${LD_LIBRARY_PATH} /usr/bin/cmake --install /home/viktordg/Create3/build/irobot_create_ignition_toolbox
