[0.027s] Invoking command in '/home/viktordg/Create3/build/irobot_create_ignition_plugins': CMAKE_PREFIX_PATH=/opt/ros/humble /usr/bin/cmake /home/viktordg/Create3/src/create3_sim/irobot_create_ignition/irobot_create_ignition_plugins -DCMAKE_INSTALL_PREFIX=/home/viktordg/Create3/install/irobot_create_ignition_plugins
[0.329s] -- The C compiler identification is GNU 11.4.0
[1.065s] -- The CXX compiler identification is GNU 11.4.0
[1.679s] -- Detecting C compiler ABI info
[1.940s] -- Detecting C compiler ABI info - done
[1.957s] -- Check for working C compiler: /usr/bin/cc - skipped
[1.958s] -- Detecting C compile features
[1.958s] -- Detecting C compile features - done
[1.963s] -- Detecting CXX compiler ABI info
[2.264s] -- Detecting CXX compiler ABI info - done
[2.284s] -- Check for working CXX compiler: /usr/bin/c++ - skipped
[2.284s] -- Detecting CXX compile features
[2.285s] -- Detecting CXX compile features - done
[2.288s] -- Found ament_cmake: 1.3.10 (/opt/ros/humble/share/ament_cmake/cmake)
[2.501s] -- Found Python3: /usr/bin/python3 (found version "3.10.12") found components: Interpreter 
[4.786s] -- Found Protobuf: /usr/lib/x86_64-linux-gnu/libprotobuf.so (found version "3.12.4") 
[9.108s] -- Found Protobuf: /usr/lib/x86_64-linux-gnu/libprotobuf.so (found suitable version "3.12.4", minimum required is "3") 
[16.923s] -- Found Protobuf: /usr/lib/x86_64-linux-gnu/libprotobuf.so (found version "3.12.4") 
[18.284s] -- Found ament_lint_auto: 0.12.11 (/opt/ros/humble/share/ament_lint_auto/cmake)
[18.415s] -- Added test 'cppcheck' to perform static code analysis on C / C++ code
[18.415s] -- Configured cppcheck include dirs: 
[18.415s] -- Configured cppcheck exclude dirs and/or files: 
[18.417s] -- Added test 'cpplint' to check C / C++ code against the Google style
[18.417s] -- Configured cpplint exclude dirs and/or files: 
[18.418s] -- Added test 'lint_cmake' to check CMake code style
[18.419s] -- Added test 'xmllint' to check XML markup files
[18.422s] -- Configuring done
[18.461s] -- Generating done
[18.465s] -- Build files have been written to: /home/viktordg/Create3/build/irobot_create_ignition_plugins
[18.485s] Invoked command in '/home/viktordg/Create3/build/irobot_create_ignition_plugins' returned '0': CMAKE_PREFIX_PATH=/opt/ros/humble /usr/bin/cmake /home/viktordg/Create3/src/create3_sim/irobot_create_ignition/irobot_create_ignition_plugins -DCMAKE_INSTALL_PREFIX=/home/viktordg/Create3/install/irobot_create_ignition_plugins
[18.488s] Invoking command in '/home/viktordg/Create3/build/irobot_create_ignition_plugins': CMAKE_PREFIX_PATH=/opt/ros/humble /usr/bin/cmake --build /home/viktordg/Create3/build/irobot_create_ignition_plugins -- -j8 -l8
[18.552s] [ 16%] [34m[1mAutomatic MOC for target Create3Hmi[0m
[20.439s] [ 16%] Built target Create3Hmi_autogen
[20.449s] [ 33%] [34m[1mGenerating qrc_Create3Hmi.cpp[0m
[20.483s] [ 50%] [32mBuilding CXX object Create3Hmi/CMakeFiles/Create3Hmi.dir/Create3Hmi.cc.o[0m
[20.483s] [ 83%] [32mBuilding CXX object Create3Hmi/CMakeFiles/Create3Hmi.dir/qrc_Create3Hmi.cpp.o[0m
[20.483s] [ 83%] [32mBuilding CXX object Create3Hmi/CMakeFiles/Create3Hmi.dir/Create3Hmi_autogen/mocs_compilation.cpp.o[0m
[151.762s] gmake[2]: *** [Create3Hmi/CMakeFiles/Create3Hmi.dir/build.make:99: Create3Hmi/CMakeFiles/Create3Hmi.dir/Create3Hmi.cc.o] Interrupt
[151.770s] gmake[2]: *** [Create3Hmi/CMakeFiles/Create3Hmi.dir/build.make:85: Create3Hmi/CMakeFiles/Create3Hmi.dir/Create3Hmi_autogen/mocs_compilation.cpp.o] Interrupt
[151.782s] gmake[1]: *** [CMakeFiles/Makefile2:153: Create3Hmi/CMakeFiles/Create3Hmi.dir/all] Interrupt
[151.806s] gmake: *** [Makefile:146: all] Interrupt
