[0.770s] Invoking command in '/home/viktordg/Create3/build/irobot_create_gazebo_sim': AMENT_PREFIX_PATH=/home/viktordg/Create3/install/irobot_create_gazebo_bringup:/home/viktordg/Create3/install/irobot_create_common_bringup:/home/viktordg/Create3/install/irobot_create_nodes:/home/viktordg/Create3/install/irobot_create_gazebo_plugins:/home/viktordg/Create3/install/irobot_create_toolbox:/home/viktordg/Create3/install/irobot_create_description:/home/viktordg/Create3/install/irobot_create_control:${AMENT_PREFIX_PATH} CMAKE_PREFIX_PATH=/home/viktordg/Create3/install/irobot_create_gazebo_bringup:/home/viktordg/Create3/install/irobot_create_common_bringup:/home/viktordg/Create3/install/irobot_create_nodes:/home/viktordg/Create3/install/irobot_create_gazebo_plugins:/home/viktordg/Create3/install/irobot_create_toolbox:/home/viktordg/Create3/install/irobot_create_description:/home/viktordg/Create3/install/irobot_create_control:/opt/ros/humble LD_LIBRARY_PATH=/home/viktordg/Create3/install/irobot_create_nodes/lib:/home/viktordg/Create3/install/irobot_create_gazebo_plugins/lib:/home/viktordg/Create3/install/irobot_create_toolbox/lib:${LD_LIBRARY_PATH} PYTHONPATH=/home/viktordg/Create3/install/irobot_create_common_bringup/local/lib/python3.10/dist-packages:${PYTHONPATH} /usr/bin/cmake /home/viktordg/Create3/src/create3_sim/irobot_create_gazebo/irobot_create_gazebo_sim -DAMENT_CMAKE_SYMLINK_INSTALL=1 -DCMAKE_INSTALL_PREFIX=/home/viktordg/Create3/install/irobot_create_gazebo_sim
[0.980s] -- The C compiler identification is GNU 11.4.0
[1.837s] -- The CXX compiler identification is GNU 11.4.0
[2.405s] -- Detecting C compiler ABI info
[2.659s] -- Detecting C compiler ABI info - done
[2.668s] -- Check for working C compiler: /usr/bin/cc - skipped
[2.669s] -- Detecting C compile features
[2.669s] -- Detecting C compile features - done
[2.672s] -- Detecting CXX compiler ABI info
[2.875s] -- Detecting CXX compiler ABI info - done
[2.884s] -- Check for working CXX compiler: /usr/bin/c++ - skipped
[2.884s] -- Detecting CXX compile features
[2.885s] -- Detecting CXX compile features - done
[2.887s] -- Found ament_cmake: 1.3.10 (/opt/ros/humble/share/ament_cmake/cmake)
[3.053s] -- Found Python3: /usr/bin/python3 (found version "3.10.12") found components: Interpreter 
[3.133s] -- Override CMake install command with custom implementation using symlinks instead of copying resources
[3.252s] -- Configuring done
[3.256s] -- Generating done
[3.257s] -- Build files have been written to: /home/viktordg/Create3/build/irobot_create_gazebo_sim
[3.263s] Invoked command in '/home/viktordg/Create3/build/irobot_create_gazebo_sim' returned '0': AMENT_PREFIX_PATH=/home/viktordg/Create3/install/irobot_create_gazebo_bringup:/home/viktordg/Create3/install/irobot_create_common_bringup:/home/viktordg/Create3/install/irobot_create_nodes:/home/viktordg/Create3/install/irobot_create_gazebo_plugins:/home/viktordg/Create3/install/irobot_create_toolbox:/home/viktordg/Create3/install/irobot_create_description:/home/viktordg/Create3/install/irobot_create_control:${AMENT_PREFIX_PATH} CMAKE_PREFIX_PATH=/home/viktordg/Create3/install/irobot_create_gazebo_bringup:/home/viktordg/Create3/install/irobot_create_common_bringup:/home/viktordg/Create3/install/irobot_create_nodes:/home/viktordg/Create3/install/irobot_create_gazebo_plugins:/home/viktordg/Create3/install/irobot_create_toolbox:/home/viktordg/Create3/install/irobot_create_description:/home/viktordg/Create3/install/irobot_create_control:/opt/ros/humble LD_LIBRARY_PATH=/home/viktordg/Create3/install/irobot_create_nodes/lib:/home/viktordg/Create3/install/irobot_create_gazebo_plugins/lib:/home/viktordg/Create3/install/irobot_create_toolbox/lib:${LD_LIBRARY_PATH} PYTHONPATH=/home/viktordg/Create3/install/irobot_create_common_bringup/local/lib/python3.10/dist-packages:${PYTHONPATH} /usr/bin/cmake /home/viktordg/Create3/src/create3_sim/irobot_create_gazebo/irobot_create_gazebo_sim -DAMENT_CMAKE_SYMLINK_INSTALL=1 -DCMAKE_INSTALL_PREFIX=/home/viktordg/Create3/install/irobot_create_gazebo_sim
[3.266s] Invoking command in '/home/viktordg/Create3/build/irobot_create_gazebo_sim': AMENT_PREFIX_PATH=/home/viktordg/Create3/install/irobot_create_gazebo_bringup:/home/viktordg/Create3/install/irobot_create_common_bringup:/home/viktordg/Create3/install/irobot_create_nodes:/home/viktordg/Create3/install/irobot_create_gazebo_plugins:/home/viktordg/Create3/install/irobot_create_toolbox:/home/viktordg/Create3/install/irobot_create_description:/home/viktordg/Create3/install/irobot_create_control:${AMENT_PREFIX_PATH} CMAKE_PREFIX_PATH=/home/viktordg/Create3/install/irobot_create_gazebo_bringup:/home/viktordg/Create3/install/irobot_create_common_bringup:/home/viktordg/Create3/install/irobot_create_nodes:/home/viktordg/Create3/install/irobot_create_gazebo_plugins:/home/viktordg/Create3/install/irobot_create_toolbox:/home/viktordg/Create3/install/irobot_create_description:/home/viktordg/Create3/install/irobot_create_control:/opt/ros/humble LD_LIBRARY_PATH=/home/viktordg/Create3/install/irobot_create_nodes/lib:/home/viktordg/Create3/install/irobot_create_gazebo_plugins/lib:/home/viktordg/Create3/install/irobot_create_toolbox/lib:${LD_LIBRARY_PATH} PYTHONPATH=/home/viktordg/Create3/install/irobot_create_common_bringup/local/lib/python3.10/dist-packages:${PYTHONPATH} /usr/bin/cmake --build /home/viktordg/Create3/build/irobot_create_gazebo_sim -- -j8 -l8
[3.307s] Invoked command in '/home/viktordg/Create3/build/irobot_create_gazebo_sim' returned '0': AMENT_PREFIX_PATH=/home/viktordg/Create3/install/irobot_create_gazebo_bringup:/home/viktordg/Create3/install/irobot_create_common_bringup:/home/viktordg/Create3/install/irobot_create_nodes:/home/viktordg/Create3/install/irobot_create_gazebo_plugins:/home/viktordg/Create3/install/irobot_create_toolbox:/home/viktordg/Create3/install/irobot_create_description:/home/viktordg/Create3/install/irobot_create_control:${AMENT_PREFIX_PATH} CMAKE_PREFIX_PATH=/home/viktordg/Create3/install/irobot_create_gazebo_bringup:/home/viktordg/Create3/install/irobot_create_common_bringup:/home/viktordg/Create3/install/irobot_create_nodes:/home/viktordg/Create3/install/irobot_create_gazebo_plugins:/home/viktordg/Create3/install/irobot_create_toolbox:/home/viktordg/Create3/install/irobot_create_description:/home/viktordg/Create3/install/irobot_create_control:/opt/ros/humble LD_LIBRARY_PATH=/home/viktordg/Create3/install/irobot_create_nodes/lib:/home/viktordg/Create3/install/irobot_create_gazebo_plugins/lib:/home/viktordg/Create3/install/irobot_create_toolbox/lib:${LD_LIBRARY_PATH} PYTHONPATH=/home/viktordg/Create3/install/irobot_create_common_bringup/local/lib/python3.10/dist-packages:${PYTHONPATH} /usr/bin/cmake --build /home/viktordg/Create3/build/irobot_create_gazebo_sim -- -j8 -l8
[3.334s] Invoking command in '/home/viktordg/Create3/build/irobot_create_gazebo_sim': AMENT_PREFIX_PATH=/home/viktordg/Create3/install/irobot_create_gazebo_bringup:/home/viktordg/Create3/install/irobot_create_common_bringup:/home/viktordg/Create3/install/irobot_create_nodes:/home/viktordg/Create3/install/irobot_create_gazebo_plugins:/home/viktordg/Create3/install/irobot_create_toolbox:/home/viktordg/Create3/install/irobot_create_description:/home/viktordg/Create3/install/irobot_create_control:${AMENT_PREFIX_PATH} CMAKE_PREFIX_PATH=/home/viktordg/Create3/install/irobot_create_gazebo_bringup:/home/viktordg/Create3/install/irobot_create_common_bringup:/home/viktordg/Create3/install/irobot_create_nodes:/home/viktordg/Create3/install/irobot_create_gazebo_plugins:/home/viktordg/Create3/install/irobot_create_toolbox:/home/viktordg/Create3/install/irobot_create_description:/home/viktordg/Create3/install/irobot_create_control:/opt/ros/humble LD_LIBRARY_PATH=/home/viktordg/Create3/install/irobot_create_nodes/lib:/home/viktordg/Create3/install/irobot_create_gazebo_plugins/lib:/home/viktordg/Create3/install/irobot_create_toolbox/lib:${LD_LIBRARY_PATH} PYTHONPATH=/home/viktordg/Create3/install/irobot_create_common_bringup/local/lib/python3.10/dist-packages:${PYTHONPATH} /usr/bin/cmake --install /home/viktordg/Create3/build/irobot_create_gazebo_sim
[3.343s] -- Install configuration: ""
[3.344s] -- Execute custom install script
[3.345s] -- Symlinking: /home/viktordg/Create3/install/irobot_create_gazebo_sim/share/ament_index/resource_index/package_run_dependencies/irobot_create_gazebo_sim
[3.355s] -- Symlinking: /home/viktordg/Create3/install/irobot_create_gazebo_sim/share/ament_index/resource_index/parent_prefix_path/irobot_create_gazebo_sim
[3.365s] -- Symlinking: /home/viktordg/Create3/install/irobot_create_gazebo_sim/share/irobot_create_gazebo_sim/environment/ament_prefix_path.sh
[3.375s] -- Symlinking: /home/viktordg/Create3/install/irobot_create_gazebo_sim/share/irobot_create_gazebo_sim/environment/ament_prefix_path.dsv
[3.385s] -- Symlinking: /home/viktordg/Create3/install/irobot_create_gazebo_sim/share/irobot_create_gazebo_sim/environment/path.sh
[3.395s] -- Symlinking: /home/viktordg/Create3/install/irobot_create_gazebo_sim/share/irobot_create_gazebo_sim/environment/path.dsv
[3.404s] -- Symlinking: /home/viktordg/Create3/install/irobot_create_gazebo_sim/share/irobot_create_gazebo_sim/local_setup.bash
[3.414s] -- Symlinking: /home/viktordg/Create3/install/irobot_create_gazebo_sim/share/irobot_create_gazebo_sim/local_setup.sh
[3.423s] -- Symlinking: /home/viktordg/Create3/install/irobot_create_gazebo_sim/share/irobot_create_gazebo_sim/local_setup.zsh
[3.433s] -- Symlinking: /home/viktordg/Create3/install/irobot_create_gazebo_sim/share/irobot_create_gazebo_sim/local_setup.dsv
[3.444s] -- Symlinking: /home/viktordg/Create3/install/irobot_create_gazebo_sim/share/irobot_create_gazebo_sim/package.dsv
[3.455s] -- Symlinking: /home/viktordg/Create3/install/irobot_create_gazebo_sim/share/ament_index/resource_index/packages/irobot_create_gazebo_sim
[3.466s] -- Symlinking: /home/viktordg/Create3/install/irobot_create_gazebo_sim/share/irobot_create_gazebo_sim/cmake/irobot_create_gazebo_simConfig.cmake
[3.476s] -- Symlinking: /home/viktordg/Create3/install/irobot_create_gazebo_sim/share/irobot_create_gazebo_sim/cmake/irobot_create_gazebo_simConfig-version.cmake
[3.487s] -- Symlinking: /home/viktordg/Create3/install/irobot_create_gazebo_sim/share/irobot_create_gazebo_sim/package.xml
[3.500s] Invoked command in '/home/viktordg/Create3/build/irobot_create_gazebo_sim' returned '0': AMENT_PREFIX_PATH=/home/viktordg/Create3/install/irobot_create_gazebo_bringup:/home/viktordg/Create3/install/irobot_create_common_bringup:/home/viktordg/Create3/install/irobot_create_nodes:/home/viktordg/Create3/install/irobot_create_gazebo_plugins:/home/viktordg/Create3/install/irobot_create_toolbox:/home/viktordg/Create3/install/irobot_create_description:/home/viktordg/Create3/install/irobot_create_control:${AMENT_PREFIX_PATH} CMAKE_PREFIX_PATH=/home/viktordg/Create3/install/irobot_create_gazebo_bringup:/home/viktordg/Create3/install/irobot_create_common_bringup:/home/viktordg/Create3/install/irobot_create_nodes:/home/viktordg/Create3/install/irobot_create_gazebo_plugins:/home/viktordg/Create3/install/irobot_create_toolbox:/home/viktordg/Create3/install/irobot_create_description:/home/viktordg/Create3/install/irobot_create_control:/opt/ros/humble LD_LIBRARY_PATH=/home/viktordg/Create3/install/irobot_create_nodes/lib:/home/viktordg/Create3/install/irobot_create_gazebo_plugins/lib:/home/viktordg/Create3/install/irobot_create_toolbox/lib:${LD_LIBRARY_PATH} PYTHONPATH=/home/viktordg/Create3/install/irobot_create_common_bringup/local/lib/python3.10/dist-packages:${PYTHONPATH} /usr/bin/cmake --install /home/viktordg/Create3/build/irobot_create_gazebo_sim
