[0.151s] Invoking command in '/home/viktordg/Create3/build/irobot_create_control': CMAKE_PREFIX_PATH=/opt/ros/humble /usr/bin/cmake --build /home/viktordg/Create3/build/irobot_create_control -- -j8 -l8
[0.454s] Invoked command in '/home/viktordg/Create3/build/irobot_create_control' returned '0': CMAKE_PREFIX_PATH=/opt/ros/humble /usr/bin/cmake --build /home/viktordg/Create3/build/irobot_create_control -- -j8 -l8
[0.694s] Invoking command in '/home/viktordg/Create3/build/irobot_create_control': CMAKE_PREFIX_PATH=/opt/ros/humble /usr/bin/cmake --install /home/viktordg/Create3/build/irobot_create_control
[0.769s] -- Install configuration: ""
[0.784s] -- Execute custom install script
[0.785s] -- Up-to-date symlink: /home/viktordg/Create3/install/irobot_create_control/share/irobot_create_control//launch/include/control.py
[0.785s] -- Up-to-date symlink: /home/viktordg/Create3/install/irobot_create_control/share/irobot_create_control//config/control.yaml
[0.785s] -- Up-to-date symlink: /home/viktordg/Create3/install/irobot_create_control/share/ament_index/resource_index/package_run_dependencies/irobot_create_control
[0.786s] -- Up-to-date symlink: /home/viktordg/Create3/install/irobot_create_control/share/ament_index/resource_index/parent_prefix_path/irobot_create_control
[0.787s] -- Up-to-date symlink: /home/viktordg/Create3/install/irobot_create_control/share/irobot_create_control/environment/ament_prefix_path.sh
[0.797s] -- Up-to-date symlink: /home/viktordg/Create3/install/irobot_create_control/share/irobot_create_control/environment/ament_prefix_path.dsv
[0.797s] -- Up-to-date symlink: /home/viktordg/Create3/install/irobot_create_control/share/irobot_create_control/environment/path.sh
[0.797s] -- Up-to-date symlink: /home/viktordg/Create3/install/irobot_create_control/share/irobot_create_control/environment/path.dsv
[0.806s] -- Up-to-date symlink: /home/viktordg/Create3/install/irobot_create_control/share/irobot_create_control/local_setup.bash
[0.806s] -- Up-to-date symlink: /home/viktordg/Create3/install/irobot_create_control/share/irobot_create_control/local_setup.sh
[0.807s] -- Up-to-date symlink: /home/viktordg/Create3/install/irobot_create_control/share/irobot_create_control/local_setup.zsh
[0.807s] -- Up-to-date symlink: /home/viktordg/Create3/install/irobot_create_control/share/irobot_create_control/local_setup.dsv
[0.807s] -- Symlinking: /home/viktordg/Create3/install/irobot_create_control/share/irobot_create_control/package.dsv
[0.850s] -- Up-to-date symlink: /home/viktordg/Create3/install/irobot_create_control/share/ament_index/resource_index/packages/irobot_create_control
[0.851s] -- Up-to-date symlink: /home/viktordg/Create3/install/irobot_create_control/share/irobot_create_control/cmake/irobot_create_controlConfig.cmake
[0.851s] -- Up-to-date symlink: /home/viktordg/Create3/install/irobot_create_control/share/irobot_create_control/cmake/irobot_create_controlConfig-version.cmake
[0.863s] -- Up-to-date symlink: /home/viktordg/Create3/install/irobot_create_control/share/irobot_create_control/package.xml
[0.871s] Invoked command in '/home/viktordg/Create3/build/irobot_create_control' returned '0': CMAKE_PREFIX_PATH=/opt/ros/humble /usr/bin/cmake --install /home/viktordg/Create3/build/irobot_create_control
