[0.113s] Invoking command in '/home/viktordg/Create3/build/irobot_create_nodes': AMENT_PREFIX_PATH=/home/viktordg/Create3/install/irobot_create_toolbox:${AMENT_PREFIX_PATH} CMAKE_PREFIX_PATH=/home/viktordg/Create3/install/irobot_create_toolbox:/opt/ros/humble LD_LIBRARY_PATH=/home/viktordg/Create3/install/irobot_create_toolbox/lib:${LD_LIBRARY_PATH} /usr/bin/cmake /home/viktordg/Create3/src/create3_sim/irobot_create_common/irobot_create_nodes -DCMAKE_INSTALL_PREFIX=/home/viktordg/Create3/install/irobot_create_nodes
[0.301s] -- The C compiler identification is GNU 11.4.0
[0.819s] -- The CXX compiler identification is GNU 11.4.0
[1.346s] -- Detecting C compiler ABI info
[1.533s] -- Detecting C compiler ABI info - done
[1.541s] -- Check for working C compiler: /usr/bin/cc - skipped
[1.541s] -- Detecting C compile features
[1.542s] -- Detecting C compile features - done
[1.545s] -- Detecting CXX compiler ABI info
[1.773s] -- Detecting CXX compiler ABI info - done
[1.790s] -- Check for working CXX compiler: /usr/bin/c++ - skipped
[1.791s] -- Detecting CXX compile features
[1.792s] -- Detecting CXX compile features - done
[1.794s] -- Found ament_cmake: 1.3.10 (/opt/ros/humble/share/ament_cmake/cmake)
[2.001s] -- Found Python3: /usr/bin/python3 (found version "3.10.12") found components: Interpreter 
[2.136s] -- Found angles: 1.15.0 (/opt/ros/humble/share/angles/cmake)
[2.141s] -- Found control_msgs: 4.6.0 (/opt/ros/humble/share/control_msgs/cmake)
[2.343s] -- Found rosidl_generator_c: 3.1.5 (/opt/ros/humble/share/rosidl_generator_c/cmake)
[2.353s] -- Found rosidl_adapter: 3.1.5 (/opt/ros/humble/share/rosidl_adapter/cmake)
[2.365s] -- Found rosidl_generator_cpp: 3.1.5 (/opt/ros/humble/share/rosidl_generator_cpp/cmake)
[2.390s] -- Using all available rosidl_typesupport_c: rosidl_typesupport_fastrtps_c;rosidl_typesupport_introspection_c
[2.424s] -- Using all available rosidl_typesupport_cpp: rosidl_typesupport_fastrtps_cpp;rosidl_typesupport_introspection_cpp
[2.719s] -- Found nav_msgs: 4.2.4 (/opt/ros/humble/share/nav_msgs/cmake)
[2.750s] -- Found irobot_create_msgs: 2.1.0 (/opt/ros/humble/share/irobot_create_msgs/cmake)
[2.780s] -- Found irobot_create_toolbox: 2.1.0 (/home/viktordg/Create3/install/irobot_create_toolbox/share/irobot_create_toolbox/cmake)
[2.850s] -- Found rmw_implementation_cmake: 6.1.2 (/opt/ros/humble/share/rmw_implementation_cmake/cmake)
[2.854s] -- Found rmw_fastrtps_cpp: 6.2.7 (/opt/ros/humble/share/rmw_fastrtps_cpp/cmake)
[3.758s] -- Found OpenSSL: /usr/lib/x86_64-linux-gnu/libcrypto.so (found version "3.0.2")  
[4.658s] -- Found FastRTPS: /opt/ros/humble/include  
[6.298s] -- Using RMW implementation 'rmw_fastrtps_cpp' as default
[6.310s] -- Looking for pthread.h
[6.489s] -- Looking for pthread.h - found
[6.489s] -- Performing Test CMAKE_HAVE_LIBC_PTHREAD
[6.699s] -- Performing Test CMAKE_HAVE_LIBC_PTHREAD - Success
[6.701s] -- Found Threads: TRUE  
[6.804s] -- Found rclcpp_action: 16.0.10 (/opt/ros/humble/share/rclcpp_action/cmake)
[6.835s] -- Found rclcpp_components: 16.0.10 (/opt/ros/humble/share/rclcpp_components/cmake)
[6.933s] -- Found tf2: 0.25.8 (/opt/ros/humble/share/tf2/cmake)
[6.947s] -- Found tf2_geometry_msgs: 0.25.8 (/opt/ros/humble/share/tf2_geometry_msgs/cmake)
[7.053s] -- Found eigen3_cmake_module: 0.1.1 (/opt/ros/humble/share/eigen3_cmake_module/cmake)
[7.058s] -- Found Eigen3: TRUE (found version "3.4.0") 
[7.058s] -- Ensuring Eigen3 include directory is part of orocos-kdl CMake target
[7.183s] -- Found Boost: /usr/lib/x86_64-linux-gnu/cmake/Boost-1.74.0/BoostConfig.cmake (found version "1.74.0")  
[7.333s] -- Found ament_lint_auto: 0.12.11 (/opt/ros/humble/share/ament_lint_auto/cmake)
[7.531s] -- Added test 'cppcheck' to perform static code analysis on C / C++ code
[7.534s] -- Configured cppcheck include dirs: /home/viktordg/Create3/src/create3_sim/irobot_create_common/irobot_create_nodes/include
[7.534s] -- Configured cppcheck exclude dirs and/or files: 
[7.537s] -- Added test 'cpplint' to check C / C++ code against the Google style
[7.537s] -- Configured cpplint exclude dirs and/or files: 
[7.539s] -- Added test 'lint_cmake' to check CMake code style
[7.542s] -- Added test 'uncrustify' to check C / C++ code style
[7.543s] -- Configured uncrustify additional arguments: 
[7.544s] -- Added test 'xmllint' to check XML markup files
[7.550s] -- Configuring done
[7.782s] -- Generating done
[7.787s] -- Build files have been written to: /home/viktordg/Create3/build/irobot_create_nodes
[7.817s] Invoked command in '/home/viktordg/Create3/build/irobot_create_nodes' returned '0': AMENT_PREFIX_PATH=/home/viktordg/Create3/install/irobot_create_toolbox:${AMENT_PREFIX_PATH} CMAKE_PREFIX_PATH=/home/viktordg/Create3/install/irobot_create_toolbox:/opt/ros/humble LD_LIBRARY_PATH=/home/viktordg/Create3/install/irobot_create_toolbox/lib:${LD_LIBRARY_PATH} /usr/bin/cmake /home/viktordg/Create3/src/create3_sim/irobot_create_common/irobot_create_nodes -DCMAKE_INSTALL_PREFIX=/home/viktordg/Create3/install/irobot_create_nodes
[7.821s] Invoking command in '/home/viktordg/Create3/build/irobot_create_nodes': AMENT_PREFIX_PATH=/home/viktordg/Create3/install/irobot_create_toolbox:${AMENT_PREFIX_PATH} CMAKE_PREFIX_PATH=/home/viktordg/Create3/install/irobot_create_toolbox:/opt/ros/humble LD_LIBRARY_PATH=/home/viktordg/Create3/install/irobot_create_toolbox/lib:${LD_LIBRARY_PATH} /usr/bin/cmake --build /home/viktordg/Create3/build/irobot_create_nodes -- -j8 -l8
[7.897s] [  2%] [32mBuilding CXX object CMakeFiles/ir_intensity_publisher_lib.dir/src/ir_intensity_vector_publisher.cpp.o[0m
[7.916s] [  5%] [32mBuilding CXX object CMakeFiles/motion_control_lib.dir/src/motion_control_node.cpp.o[0m
[7.919s] [ 10%] [32mBuilding CXX object CMakeFiles/wheel_status_publisher_lib.dir/src/wheels_publisher.cpp.o[0m
[7.921s] [ 10%] [32mBuilding CXX object CMakeFiles/hazard_publisher_lib.dir/src/hazards_vector_publisher.cpp.o[0m
[7.922s] [ 13%] [32mBuilding CXX object CMakeFiles/hazards_vector_publisher.dir/rclcpp_components/node_main_hazards_vector_publisher.cpp.o[0m
[7.923s] [ 16%] [32mBuilding CXX object CMakeFiles/ir_intensity_vector_publisher.dir/rclcpp_components/node_main_ir_intensity_vector_publisher.cpp.o[0m
[7.932s] [ 18%] [32mBuilding CXX object CMakeFiles/motion_control.dir/rclcpp_components/node_main_motion_control.cpp.o[0m
[7.935s] [ 21%] [32mBuilding CXX object CMakeFiles/wheel_status_publisher.dir/rclcpp_components/node_main_wheel_status_publisher.cpp.o[0m
[32.778s] [ 24%] [32m[1mLinking CXX executable hazards_vector_publisher[0m
[32.782s] [ 27%] [32m[1mLinking CXX executable motion_control[0m
[34.648s] [ 27%] Built target motion_control
[34.827s] [ 27%] Built target hazards_vector_publisher
[34.891s] [ 29%] [32mBuilding CXX object CMakeFiles/robot_state_lib.dir/src/robot_state.cpp.o[0m
[35.036s] [ 32%] [32mBuilding CXX object CMakeFiles/motion_control_lib.dir/src/motion_control/docking_behavior.cpp.o[0m
[35.854s] [ 35%] [32m[1mLinking CXX executable ir_intensity_vector_publisher[0m
[36.378s] [ 37%] [32m[1mLinking CXX executable wheel_status_publisher[0m
[38.647s] [ 37%] Built target ir_intensity_vector_publisher
[38.938s] [ 40%] [32mBuilding CXX object CMakeFiles/robot_state.dir/rclcpp_components/node_main_robot_state.cpp.o[0m
[39.582s] [ 40%] Built target wheel_status_publisher
[121.636s] [ 43%] [32m[1mLinking CXX executable robot_state[0m
[124.678s] [ 43%] Built target robot_state
[137.169s] gmake[2]: *** [CMakeFiles/wheel_status_publisher_lib.dir/build.make:76: CMakeFiles/wheel_status_publisher_lib.dir/src/wheels_publisher.cpp.o] Interrupt
[137.231s] gmake[2]: *** [CMakeFiles/ir_intensity_publisher_lib.dir/build.make:76: CMakeFiles/ir_intensity_publisher_lib.dir/src/ir_intensity_vector_publisher.cpp.o] Interrupt
[137.236s] gmake[2]: *** [CMakeFiles/motion_control_lib.dir/build.make:76: CMakeFiles/motion_control_lib.dir/src/motion_control_node.cpp.o] Interrupt
[137.236s] gmake[2]: *** [CMakeFiles/motion_control_lib.dir/build.make:90: CMakeFiles/motion_control_lib.dir/src/motion_control/docking_behavior.cpp.o] Interrupt
[137.237s] gmake[2]: *** [CMakeFiles/robot_state_lib.dir/build.make:76: CMakeFiles/robot_state_lib.dir/src/robot_state.cpp.o] Interrupt
[137.237s] gmake[1]: *** [CMakeFiles/Makefile2:219: CMakeFiles/ir_intensity_publisher_lib.dir/all] Interrupt
[137.245s] gmake[1]: *** [CMakeFiles/Makefile2:323: CMakeFiles/wheel_status_publisher_lib.dir/all] Interrupt
[137.254s] gmake[2]: *** [CMakeFiles/hazard_publisher_lib.dir/build.make:76: CMakeFiles/hazard_publisher_lib.dir/src/hazards_vector_publisher.cpp.o] Interrupt
[137.257s] gmake[1]: *** [CMakeFiles/Makefile2:271: CMakeFiles/motion_control_lib.dir/all] Interrupt
[137.262s] gmake[1]: *** [CMakeFiles/Makefile2:375: CMakeFiles/robot_state_lib.dir/all] Interrupt
[137.263s] gmake[1]: *** [CMakeFiles/Makefile2:167: CMakeFiles/hazard_publisher_lib.dir/all] Interrupt
[137.272s] gmake: *** [Makefile:146: all] Interrupt
