[2.151s] Invoking command in '/home/viktordg/Create3/build/irobot_create_common_bringup': AMENT_PREFIX_PATH=/home/viktordg/Create3/install/irobot_create_nodes:/home/viktordg/Create3/install/irobot_create_toolbox:/home/viktordg/Create3/install/irobot_create_description:/home/viktordg/Create3/install/irobot_create_control:${AMENT_PREFIX_PATH} CMAKE_PREFIX_PATH=/home/viktordg/Create3/install/irobot_create_nodes:/home/viktordg/Create3/install/irobot_create_toolbox:/home/viktordg/Create3/install/irobot_create_description:/home/viktordg/Create3/install/irobot_create_control:/opt/ros/humble LD_LIBRARY_PATH=/home/viktordg/Create3/install/irobot_create_nodes/lib:/home/viktordg/Create3/install/irobot_create_toolbox/lib:${LD_LIBRARY_PATH} /usr/bin/cmake --build /home/viktordg/Create3/build/irobot_create_common_bringup -- -j8 -l8
[2.419s] Built target ament_cmake_python_symlink_irobot_create_common_bringup
[3.780s] running egg_info
[3.787s] writing irobot_create_common_bringup.egg-info/PKG-INFO
[3.789s] writing dependency_links to irobot_create_common_bringup.egg-info/dependency_links.txt
[3.791s] writing top-level names to irobot_create_common_bringup.egg-info/top_level.txt
[3.805s] reading manifest file 'irobot_create_common_bringup.egg-info/SOURCES.txt'
[3.806s] writing manifest file 'irobot_create_common_bringup.egg-info/SOURCES.txt'
[3.965s] Built target ament_cmake_python_build_irobot_create_common_bringup_egg
[4.029s] Invoked command in '/home/viktordg/Create3/build/irobot_create_common_bringup' returned '0': AMENT_PREFIX_PATH=/home/viktordg/Create3/install/irobot_create_nodes:/home/viktordg/Create3/install/irobot_create_toolbox:/home/viktordg/Create3/install/irobot_create_description:/home/viktordg/Create3/install/irobot_create_control:${AMENT_PREFIX_PATH} CMAKE_PREFIX_PATH=/home/viktordg/Create3/install/irobot_create_nodes:/home/viktordg/Create3/install/irobot_create_toolbox:/home/viktordg/Create3/install/irobot_create_description:/home/viktordg/Create3/install/irobot_create_control:/opt/ros/humble LD_LIBRARY_PATH=/home/viktordg/Create3/install/irobot_create_nodes/lib:/home/viktordg/Create3/install/irobot_create_toolbox/lib:${LD_LIBRARY_PATH} /usr/bin/cmake --build /home/viktordg/Create3/build/irobot_create_common_bringup -- -j8 -l8
[4.142s] Invoking command in '/home/viktordg/Create3/build/irobot_create_common_bringup': AMENT_PREFIX_PATH=/home/viktordg/Create3/install/irobot_create_nodes:/home/viktordg/Create3/install/irobot_create_toolbox:/home/viktordg/Create3/install/irobot_create_description:/home/viktordg/Create3/install/irobot_create_control:${AMENT_PREFIX_PATH} CMAKE_PREFIX_PATH=/home/viktordg/Create3/install/irobot_create_nodes:/home/viktordg/Create3/install/irobot_create_toolbox:/home/viktordg/Create3/install/irobot_create_description:/home/viktordg/Create3/install/irobot_create_control:/opt/ros/humble LD_LIBRARY_PATH=/home/viktordg/Create3/install/irobot_create_nodes/lib:/home/viktordg/Create3/install/irobot_create_toolbox/lib:${LD_LIBRARY_PATH} /usr/bin/cmake --install /home/viktordg/Create3/build/irobot_create_common_bringup
[4.193s] -- Install configuration: ""
[4.197s] -- Execute custom install script
[4.201s] -- Up-to-date symlink: /home/viktordg/Create3/install/irobot_create_common_bringup/share/irobot_create_common_bringup/config/hazard_vector_params.yaml
[4.201s] -- Up-to-date symlink: /home/viktordg/Create3/install/irobot_create_common_bringup/share/irobot_create_common_bringup/config/ir_intensity_vector_params.yaml
[4.202s] -- Up-to-date symlink: /home/viktordg/Create3/install/irobot_create_common_bringup/share/irobot_create_common_bringup/config/kidnap_estimator_params.yaml
[4.202s] -- Up-to-date symlink: /home/viktordg/Create3/install/irobot_create_common_bringup/share/irobot_create_common_bringup/config/mock_params.yaml
[4.203s] -- Up-to-date symlink: /home/viktordg/Create3/install/irobot_create_common_bringup/share/irobot_create_common_bringup/config/robot_state_params.yaml
[4.203s] -- Up-to-date symlink: /home/viktordg/Create3/install/irobot_create_common_bringup/share/irobot_create_common_bringup/config/ui_mgr_params.yaml
[4.204s] -- Up-to-date symlink: /home/viktordg/Create3/install/irobot_create_common_bringup/share/irobot_create_common_bringup/config/wheel_status_params.yaml
[4.205s] -- Up-to-date symlink: /home/viktordg/Create3/install/irobot_create_common_bringup/share/irobot_create_common_bringup/launch/create3_nodes.launch.py
[4.205s] -- Up-to-date symlink: /home/viktordg/Create3/install/irobot_create_common_bringup/share/irobot_create_common_bringup/launch/dock_description.launch.py
[4.206s] -- Up-to-date symlink: /home/viktordg/Create3/install/irobot_create_common_bringup/share/irobot_create_common_bringup/launch/robot_description.launch.py
[4.207s] -- Up-to-date symlink: /home/viktordg/Create3/install/irobot_create_common_bringup/share/irobot_create_common_bringup/launch/rviz2.launch.py
[4.209s] -- Up-to-date symlink: /home/viktordg/Create3/install/irobot_create_common_bringup/share/irobot_create_common_bringup/rviz/irobot_create_view.rviz
[4.210s] -- Up-to-date symlink: /home/viktordg/Create3/install/irobot_create_common_bringup/share/irobot_create_common_bringup/rviz/irobot_logo.jpg
[4.217s] -- Up-to-date symlink: /home/viktordg/Create3/install/irobot_create_common_bringup/share/irobot_create_common_bringup/environment/pythonpath.sh
[4.218s] -- Up-to-date symlink: /home/viktordg/Create3/install/irobot_create_common_bringup/share/irobot_create_common_bringup/environment/pythonpath.dsv
[4.218s] -- Up-to-date symlink: /home/viktordg/Create3/install/irobot_create_common_bringup/local/lib/python3.10/dist-packages/irobot_create_common_bringup-2.1.0-py3.10.egg-info/PKG-INFO
[4.220s] -- Up-to-date symlink: /home/viktordg/Create3/install/irobot_create_common_bringup/local/lib/python3.10/dist-packages/irobot_create_common_bringup-2.1.0-py3.10.egg-info/SOURCES.txt
[4.220s] -- Up-to-date symlink: /home/viktordg/Create3/install/irobot_create_common_bringup/local/lib/python3.10/dist-packages/irobot_create_common_bringup-2.1.0-py3.10.egg-info/dependency_links.txt
[4.222s] -- Up-to-date symlink: /home/viktordg/Create3/install/irobot_create_common_bringup/local/lib/python3.10/dist-packages/irobot_create_common_bringup-2.1.0-py3.10.egg-info/top_level.txt
[4.226s] -- Up-to-date symlink: /home/viktordg/Create3/install/irobot_create_common_bringup/local/lib/python3.10/dist-packages/irobot_create_common_bringup/__init__.py
[4.229s] -- Up-to-date symlink: /home/viktordg/Create3/install/irobot_create_common_bringup/local/lib/python3.10/dist-packages/irobot_create_common_bringup/namespace.py
[4.230s] -- Up-to-date symlink: /home/viktordg/Create3/install/irobot_create_common_bringup/local/lib/python3.10/dist-packages/irobot_create_common_bringup/offset.py
[4.231s] -- Up-to-date symlink: /home/viktordg/Create3/install/irobot_create_common_bringup/share/ament_index/resource_index/package_run_dependencies/irobot_create_common_bringup
[4.233s] -- Up-to-date symlink: /home/viktordg/Create3/install/irobot_create_common_bringup/share/ament_index/resource_index/parent_prefix_path/irobot_create_common_bringup
[4.234s] -- Up-to-date symlink: /home/viktordg/Create3/install/irobot_create_common_bringup/share/irobot_create_common_bringup/environment/ament_prefix_path.sh
[4.237s] -- Up-to-date symlink: /home/viktordg/Create3/install/irobot_create_common_bringup/share/irobot_create_common_bringup/environment/ament_prefix_path.dsv
[4.239s] -- Up-to-date symlink: /home/viktordg/Create3/install/irobot_create_common_bringup/share/irobot_create_common_bringup/environment/path.sh
[4.239s] -- Up-to-date symlink: /home/viktordg/Create3/install/irobot_create_common_bringup/share/irobot_create_common_bringup/environment/path.dsv
[4.240s] -- Up-to-date symlink: /home/viktordg/Create3/install/irobot_create_common_bringup/share/irobot_create_common_bringup/local_setup.bash
[4.240s] -- Up-to-date symlink: /home/viktordg/Create3/install/irobot_create_common_bringup/share/irobot_create_common_bringup/local_setup.sh
[4.241s] -- Up-to-date symlink: /home/viktordg/Create3/install/irobot_create_common_bringup/share/irobot_create_common_bringup/local_setup.zsh
[4.241s] -- Up-to-date symlink: /home/viktordg/Create3/install/irobot_create_common_bringup/share/irobot_create_common_bringup/local_setup.dsv
[4.242s] -- Symlinking: /home/viktordg/Create3/install/irobot_create_common_bringup/share/irobot_create_common_bringup/package.dsv
[4.277s] -- Up-to-date symlink: /home/viktordg/Create3/install/irobot_create_common_bringup/share/ament_index/resource_index/packages/irobot_create_common_bringup
[4.279s] -- Up-to-date symlink: /home/viktordg/Create3/install/irobot_create_common_bringup/share/irobot_create_common_bringup/cmake/irobot_create_common_bringupConfig.cmake
[4.279s] -- Up-to-date symlink: /home/viktordg/Create3/install/irobot_create_common_bringup/share/irobot_create_common_bringup/cmake/irobot_create_common_bringupConfig-version.cmake
[4.279s] -- Up-to-date symlink: /home/viktordg/Create3/install/irobot_create_common_bringup/share/irobot_create_common_bringup/package.xml
[4.497s] Listing '/home/viktordg/Create3/install/irobot_create_common_bringup/local/lib/python3.10/dist-packages/irobot_create_common_bringup'...
[4.542s] Invoked command in '/home/viktordg/Create3/build/irobot_create_common_bringup' returned '0': AMENT_PREFIX_PATH=/home/viktordg/Create3/install/irobot_create_nodes:/home/viktordg/Create3/install/irobot_create_toolbox:/home/viktordg/Create3/install/irobot_create_description:/home/viktordg/Create3/install/irobot_create_control:${AMENT_PREFIX_PATH} CMAKE_PREFIX_PATH=/home/viktordg/Create3/install/irobot_create_nodes:/home/viktordg/Create3/install/irobot_create_toolbox:/home/viktordg/Create3/install/irobot_create_description:/home/viktordg/Create3/install/irobot_create_control:/opt/ros/humble LD_LIBRARY_PATH=/home/viktordg/Create3/install/irobot_create_nodes/lib:/home/viktordg/Create3/install/irobot_create_toolbox/lib:${LD_LIBRARY_PATH} /usr/bin/cmake --install /home/viktordg/Create3/build/irobot_create_common_bringup
